<!DOCTYPE HTML PUBLIC "-//W3C//DTD HTML 4.01 Transitional//EN">
<HTML>
 <HEAD>
   <TITLE> [Twisted-Python] runtest
   </TITLE>
   <LINK REL="Index" HREF="index.html" >
   <LINK REL="made" HREF="mailto:twisted-python%40twistedmatrix.com?Subject=Re%3A%20%5BTwisted-Python%5D%20runtest&In-Reply-To=%3C20020526163151.GA15681%40soniq.net%3E">
   <META NAME="robots" CONTENT="index,nofollow">
   <style type="text/css">
       pre {
           white-space: pre-wrap;       /* css-2.1, curent FF, Opera, Safari */
           }
   </style>
   <META http-equiv="Content-Type" content="text/html; charset=utf-8">
   <LINK REL="Previous"  HREF="033667.html">
   <LINK REL="Next"  HREF="033672.html">
 </HEAD>
 <BODY BGCOLOR="#ffffff">
   <H1>[Twisted-Python] runtest</H1>
    <B>David Rufino</B> 
    <A HREF="mailto:twisted-python%40twistedmatrix.com?Subject=Re%3A%20%5BTwisted-Python%5D%20runtest&In-Reply-To=%3C20020526163151.GA15681%40soniq.net%3E"
       TITLE="[Twisted-Python] runtest">dr at soniq.net
       </A><BR>
    <I>Sun May 26 10:31:51 MDT 2002</I>
    <P><UL>
        <LI>Previous message (by thread): <A HREF="033667.html">[Twisted-Python] Reality and global Thing tables
</A></li>
        <LI>Next message (by thread): <A HREF="033672.html">[Twisted-Python] runtest
</A></li>
         <LI> <B>Messages sorted by:</B> 
              <a href="date.html#1163">[ date ]</a>
              <a href="thread.html#1163">[ thread ]</a>
              <a href="subject.html#1163">[ subject ]</a>
              <a href="author.html#1163">[ author ]</a>
         </LI>
       </UL>
    <HR>  
<!--beginarticle-->
<PRE>Hello!

Here are my runtest logs from FreeBSD 4.6-PRERELEASE running python 2.1,
with cvs from today

======================================================================
ERROR: testBasicIdentity (twisted.test.test_persisted.MarmaladeTestCase)
----------------------------------------------------------------------
Traceback (most recent call last):
  File &quot;/usr/local/lib/python2.1/site-packages/twisted/test/test_persisted.py&quot;, line 219, in testBasicIdentity
    uj = marmalade.unjellyFromXML(marmalade.jellyToXML([l, l]))
  File &quot;/usr/local/lib/python2.1/site-packages/twisted/persisted/marmalade.py&quot;, line 380, in unjellyFromXML
    document = parseString(stringOrFile)
  File &quot;/usr/local/lib/python2.1/xml/dom/minidom.py&quot;, line 915, in parseString
    return _doparse(pulldom.parseString, args, kwargs)
  File &quot;/usr/local/lib/python2.1/xml/dom/minidom.py&quot;, line 901, in _doparse
    events = apply(func, args, kwargs)
  File &quot;/usr/local/lib/python2.1/xml/dom/pulldom.py&quot;, line 301, in parseString
    parser = xml.sax.make_parser()
  File &quot;/usr/local/lib/python2.1/xml/sax/__init__.py&quot;, line 88, in make_parser
    raise SAXReaderNotAvailable(&quot;No parsers found&quot;, None)
SAXReaderNotAvailable: No parsers found
======================================================================
ERROR: testMarmaladeable (twisted.test.test_persisted.MarmaladeTestCase)
----------------------------------------------------------------------
Traceback (most recent call last):
  File &quot;/usr/local/lib/python2.1/site-packages/twisted/test/test_persisted.py&quot;, line 188, in testMarmaladeable
    u = marmalade.unjellyFromXML(s)
  File &quot;/usr/local/lib/python2.1/site-packages/twisted/persisted/marmalade.py&quot;, line 380, in unjellyFromXML
    document = parseString(stringOrFile)
  File &quot;/usr/local/lib/python2.1/xml/dom/minidom.py&quot;, line 915, in parseString
    return _doparse(pulldom.parseString, args, kwargs)
  File &quot;/usr/local/lib/python2.1/xml/dom/minidom.py&quot;, line 901, in _doparse
    events = apply(func, args, kwargs)
  File &quot;/usr/local/lib/python2.1/xml/dom/pulldom.py&quot;, line 301, in parseString
    parser = xml.sax.make_parser()
  File &quot;/usr/local/lib/python2.1/xml/sax/__init__.py&quot;, line 76, in make_parser
    return _create_parser(parser_name)
  File &quot;/usr/local/lib/python2.1/xml/sax/__init__.py&quot;, line 101, in _create_parser
    return drv_module.create_parser()
AttributeError: 'xml.sax.expatreader' module has no attribute 'create_parser'
======================================================================
ERROR: testMethodSelfIdentity (twisted.test.test_persisted.MarmaladeTestCase)
----------------------------------------------------------------------
Traceback (most recent call last):
  File &quot;/usr/local/lib/python2.1/site-packages/twisted/test/test_persisted.py&quot;, line 201, in testMethodSelfIdentity
    im_ = marmalade.unjellyFromXML(marmalade.jellyToXML(b)).a.bmethod
  File &quot;/usr/local/lib/python2.1/site-packages/twisted/persisted/marmalade.py&quot;, line 380, in unjellyFromXML
    document = parseString(stringOrFile)
  File &quot;/usr/local/lib/python2.1/xml/dom/minidom.py&quot;, line 915, in parseString
    return _doparse(pulldom.parseString, args, kwargs)
  File &quot;/usr/local/lib/python2.1/xml/dom/minidom.py&quot;, line 901, in _doparse
    events = apply(func, args, kwargs)
  File &quot;/usr/local/lib/python2.1/xml/dom/pulldom.py&quot;, line 301, in parseString
    parser = xml.sax.make_parser()
  File &quot;/usr/local/lib/python2.1/xml/sax/__init__.py&quot;, line 76, in make_parser
    return _create_parser(parser_name)
  File &quot;/usr/local/lib/python2.1/xml/sax/__init__.py&quot;, line 101, in _create_parser
    return drv_module.create_parser()
AttributeError: 'xml.sax.expatreader' module has no attribute 'create_parser'
----------------------------------------------------------------------
Ran 272 tests in 20.532s

FAILED (errors=3)

The following test modules had errors when loading:

* test_nntp:
Traceback (most recent call last):
  File &quot;/usr/local/lib/python2.1/site-packages/twisted/test/test_all.py&quot;, line 76, in loadTestsFromMyPackage
    locals(), globals(), [name])
  File &quot;/usr/local/lib/python2.1/site-packages/twisted/test/test_nntp.py&quot;, line 19, in ?
    from twisted.news import news, database
ImportError: No module named news

The following test modules had errors when loading:

* test_nntp:
Traceback (most recent call last):
  File &quot;/usr/local/lib/python2.1/site-packages/twisted/test/test_all.py&quot;, line 76, in loadTestsFromMyPackage
    locals(), globals(), [name])
  File &quot;/usr/local/lib/python2.1/site-packages/twisted/test/test_nntp.py&quot;, line 19, in ?
    from twisted.news import news, database
ImportError: No module named news

The following test modules had errors when loading:

* test_nntp:
Traceback (most recent call last):
  File &quot;/usr/local/lib/python2.1/site-packages/twisted/test/test_all.py&quot;, line 76, in loadTestsFromMyPackage
    locals(), globals(), [name])
  File &quot;/usr/local/lib/python2.1/site-packages/twisted/test/test_nntp.py&quot;, line 19, in ?
    from twisted.news import news, database
ImportError: No module named news

Cheers



</PRE>


<!--endarticle-->
    <HR>
    <P><UL>
        <!--threads-->
	<LI>Previous message (by thread): <A HREF="033667.html">[Twisted-Python] Reality and global Thing tables
</A></li>
	<LI>Next message (by thread): <A HREF="033672.html">[Twisted-Python] runtest
</A></li>
         <LI> <B>Messages sorted by:</B> 
              <a href="date.html#1163">[ date ]</a>
              <a href="thread.html#1163">[ thread ]</a>
              <a href="subject.html#1163">[ subject ]</a>
              <a href="author.html#1163">[ author ]</a>
         </LI>
       </UL>

<hr>
<a href="https://twistedmatrix.com/cgi-bin/mailman/listinfo/twisted-python">More information about the Twisted-Python
mailing list</a><br>
</body></html>
