<!DOCTYPE HTML PUBLIC "-//W3C//DTD HTML 4.01 Transitional//EN">
<HTML>
 <HEAD>
   <TITLE> [Twisted-Python] Twisted 1.0.4 - admin/runtests failures?
   </TITLE>
   <LINK REL="Index" HREF="index.html" >
   <LINK REL="made" HREF="mailto:twisted-python%40twistedmatrix.com?Subject=Re%3A%20%5BTwisted-Python%5D%20Twisted%201.0.4%20-%20admin/runtests%20failures%3F&In-Reply-To=%3Coqwuhkx5pj.fsf%40alcyon.progiciels-bpi.ca%3E">
   <META NAME="robots" CONTENT="index,nofollow">
   <style type="text/css">
       pre {
           white-space: pre-wrap;       /* css-2.1, curent FF, Opera, Safari */
           }
   </style>
   <META http-equiv="Content-Type" content="text/html; charset=utf-8">
   <LINK REL="Previous"  HREF="036218.html">
   <LINK REL="Next"  HREF="036227.html">
 </HEAD>
 <BODY BGCOLOR="#ffffff">
   <H1>[Twisted-Python] Twisted 1.0.4 - admin/runtests failures?</H1>
    <B>Francois Pinard</B> 
    <A HREF="mailto:twisted-python%40twistedmatrix.com?Subject=Re%3A%20%5BTwisted-Python%5D%20Twisted%201.0.4%20-%20admin/runtests%20failures%3F&In-Reply-To=%3Coqwuhkx5pj.fsf%40alcyon.progiciels-bpi.ca%3E"
       TITLE="[Twisted-Python] Twisted 1.0.4 - admin/runtests failures?">pinard at iro.umontreal.ca
       </A><BR>
    <I>Wed Apr 23 15:30:00 MDT 2003</I>
    <P><UL>
        <LI>Previous message (by thread): <A HREF="036218.html">[Twisted-Python] UDP changes
</A></li>
        <LI>Next message (by thread): <A HREF="036227.html">[Twisted-Python] Twisted 1.0.4 - admin/runtests failures?
</A></li>
         <LI> <B>Messages sorted by:</B> 
              <a href="date.html#36223">[ date ]</a>
              <a href="thread.html#36223">[ thread ]</a>
              <a href="subject.html#36223">[ subject ]</a>
              <a href="author.html#36223">[ author ]</a>
         </LI>
       </UL>
    <HR>  
<!--beginarticle-->
<PRE>Hello, Twisted people.

Out of the box (yet I already did `python setup.py install --prefix=/usr,
as `root'), `admin/runtests' yields a few errors, as shown below.
Should these be expected?  Reported?  This is over a SuSE 8.1 Linux.
`pycrypto' 1.9a6 is installed.



17:21:31 0 <A HREF="https://twistedmatrix.com/cgi-bin/mailman/listinfo/twisted-python">pinard at alcyon</A>:/usr/tmp/Twisted-1.0.4 $ admin/runtests
...................................................................................................F........S.................................T..............................................................................................................................T......................................................................................................................................SS...........F.......................................................................................................E.................................................................
===============================================================================
SKIPPED: testModules (twisted.test.test_doc.DocCoverage)
-------------------------------------------------------------------------------
Activate me when you feel like writing docstrings, and fixing GTK crashing bugs.
===============================================================================
SKIPPED: testReadLimit (twisted.test.test_policies.ThrottlingTestCase)
-------------------------------------------------------------------------------
Inaccurate tests are worse than no tests.
===============================================================================
SKIPPED: testWriteLimit (twisted.test.test_policies.ThrottlingTestCase)
-------------------------------------------------------------------------------
Inaccurate tests are worse than no tests.
===============================================================================
EXPECTED FAILURE: testStor (twisted.test.test_ftp.FTPClientAndServerTests)
-------------------------------------------------------------------------------
Traceback (most recent call last):
   File &quot;/var/tmp/Twisted-1.0.4/twisted/test/test_ftp.py&quot;, line 276, in testStor
    self.assertEquals(open('HelloThere').read(), expectedContent)
 FailTest: '' != 'Hello\nHello\nHello\nHello\n'
===============================================================================
EXPECTED FAILURE: testSneakyHiddenDoom (twisted.test.test_loopback.LoopbackTCPTestCase)
-------------------------------------------------------------------------------
Traceback (most recent call last):
   File &quot;/var/tmp/Twisted-1.0.4/twisted/test/test_loopback.py&quot;, line 77, in testSneakyHiddenDoom
    LoopbackTestCase.testSneakyHiddenDoom(self)
   File &quot;/var/tmp/Twisted-1.0.4/twisted/test/test_loopback.py&quot;, line 71, in testSneakyHiddenDoom
    self.assertEquals(c.lines, ['DOOM LINE', 'Hello 1', 'Hello 2', 'Hello 3'])
 FailTest: ['DOOM LINE', 'Hello 1', 'Hello 2'] != ['DOOM LINE', 'Hello 1', 'Hello 2', 'Hello 3']
===============================================================================
FAILURE: testModificationTime (twisted.test.test_dirdbm.ShelfTestCase)
-------------------------------------------------------------------------------
Traceback (most recent call last):
   File &quot;/var/tmp/Twisted-1.0.4/twisted/test/test_dirdbm.py&quot;, line 114, in testModificationTime
    self.assert_(0 &lt;= time.time() - self.dbm.getModificationTime(&quot;k&quot;) &lt; 1)
 FailTest
===============================================================================
FAILURE: testStderr (twisted.test.test_process.PosixProcessTestCase)
-------------------------------------------------------------------------------
Traceback (most recent call last):
   File &quot;/var/tmp/Twisted-1.0.4/twisted/test/test_process.py&quot;, line 386, in testStderr
    self.assertEquals(lsOut, p.errF.getvalue())
 FailTest: '/bin/ls: ZZXXXXXXXXXXXXXXXXXXXXXXXXXXXXXXXXXXXXXXXXXXX: Aucun fichier ou r\xe9pertoire de ce type\n' != '/bin/ls: ZZXXXXXXXXXXXXXXXXXXXXXXXXXXXXXXXXXXXXXXXXXXX: No such file or directory\n'
===============================================================================
ERROR: testMulticast (twisted.test.test_udp.MulticastTestCase)
-------------------------------------------------------------------------------
Traceback (most recent call last):
   File &quot;/var/tmp/Twisted-1.0.4/twisted/trial/unittest.py&quot;, line 188, in runOneTest
    method(testCase)
   File &quot;/var/tmp/Twisted-1.0.4/twisted/test/test_udp.py&quot;, line 186, in testMulticast
    self.assertEquals(self.server.packets[0][0], &quot;hello world&quot;)
 IndexError: list index out of range
-------------------------------------------------------------------------------
Ran 587 tests in 100.385s

FAILED (failures=2, errors=1, skips=3, expectedFailures=2)

-- 
Fran√ßois Pinard   <A HREF="http://www.iro.umontreal.ca/~pinard">http://www.iro.umontreal.ca/~pinard</A>


</PRE>

<!--endarticle-->
    <HR>
    <P><UL>
        <!--threads-->
	<LI>Previous message (by thread): <A HREF="036218.html">[Twisted-Python] UDP changes
</A></li>
	<LI>Next message (by thread): <A HREF="036227.html">[Twisted-Python] Twisted 1.0.4 - admin/runtests failures?
</A></li>
         <LI> <B>Messages sorted by:</B> 
              <a href="date.html#36223">[ date ]</a>
              <a href="thread.html#36223">[ thread ]</a>
              <a href="subject.html#36223">[ subject ]</a>
              <a href="author.html#36223">[ author ]</a>
         </LI>
       </UL>

<hr>
<a href="https://twistedmatrix.com/cgi-bin/mailman/listinfo/twisted-python">More information about the Twisted-Python
mailing list</a><br>
</body></html>
