<!DOCTYPE HTML PUBLIC "-//W3C//DTD HTML 4.01 Transitional//EN">
<HTML>
 <HEAD>
   <TITLE> [Twisted-Python] trial cant find my class, example from twisted docs
   </TITLE>
   <LINK REL="Index" HREF="index.html" >
   <LINK REL="made" HREF="mailto:twisted-python%40twistedmatrix.com?Subject=Re%3A%20%5BTwisted-Python%5D%20trial%20cant%20find%20my%20class%2C%20example%20from%20twisted%20docs&In-Reply-To=%3C1487595734.4573.13.camel%40yahoo.de%3E">
   <META NAME="robots" CONTENT="index,nofollow">
   <style type="text/css">
       pre {
           white-space: pre-wrap;       /* css-2.1, curent FF, Opera, Safari */
           }
   </style>
   <META http-equiv="Content-Type" content="text/html; charset=utf-8">
   
   
 </HEAD>
 <BODY BGCOLOR="#ffffff">
   <H1>[Twisted-Python] trial cant find my class, example from twisted docs</H1>
    <B>steven meiers</B> 
    <A HREF="mailto:twisted-python%40twistedmatrix.com?Subject=Re%3A%20%5BTwisted-Python%5D%20trial%20cant%20find%20my%20class%2C%20example%20from%20twisted%20docs&In-Reply-To=%3C1487595734.4573.13.camel%40yahoo.de%3E"
       TITLE="[Twisted-Python] trial cant find my class, example from twisted docs">commercials24 at yahoo.de
       </A><BR>
    <I>Mon Feb 20 06:02:14 MST 2017</I>
    <P><UL>
        
        
         <LI> <B>Messages sorted by:</B> 
              <a href="date.html#63659">[ date ]</a>
              <a href="thread.html#63659">[ thread ]</a>
              <a href="subject.html#63659">[ subject ]</a>
              <a href="author.html#63659">[ author ]</a>
         </LI>
       </UL>
    <HR>  
<!--beginarticle-->
<PRE>hi,


up to now ive only used the python unittest for my code, but now i
would also like to test the twisted part.


so i followed:
<A HREF="http://twistedmatrix.com/documents/current/core/howto/trial.html">http://twistedmatrix.com/documents/current/core/howto/trial.html</A>


but i get this error:
(venv) <A HREF="https://twistedmatrix.com/cgi-bin/mailman/listinfo/twisted-python">julius at t560</A>:~/code/python/twisted/basics$ trial calculus
calculus
...                                                            [ERROR]

=======================================================================
========
[ERROR]
Traceback (most recent call last):
  File
&quot;/home/julius/code/python/twisted/basics/calculus/venv/lib/python3.5/si
te-packages/twisted/trial/runner.py&quot;, line 781, in loadByName
    return self.suiteFactory([self.findByName(name, recurse=recurse)])
  File
&quot;/home/julius/code/python/twisted/basics/calculus/venv/lib/python3.5/si
te-packages/twisted/trial/runner.py&quot;, line 710, in findByName
    obj = reflect.namedAny(name)
  File
&quot;/home/julius/code/python/twisted/basics/calculus/venv/lib/python3.5/si
te-packages/twisted/python/reflect.py&quot;, line 306, in namedAny
    raise ModuleNotFound(&quot;No module named %r&quot; % (name,))
twisted.python.reflect.ModuleNotFound: No module named 'calculus'

calculus
---------------------------------------------------------------------
----------
Ran 1 tests in 0.024s

FAILED (errors=1)





heres how my calculus directory looks like:
find . | grep -v './venv/'
.
./__pycache__
./__pycache__/__init__.cpython-35.pyc
./test
./test/test_base_1.py
./test/__init__.py
./venv
./__init__.py
./base_1.py
./__init__.pyc



venv contains the virtualenv created by &quot;virtualenv -p /usr/bin/python3
venv&quot;


the __init__.py files are empty and test_base_1.py / base_1.py contains
what is shown in the tutorial.


any idea why this does not work?


</PRE>
<!--endarticle-->
    <HR>
    <P><UL>
        <!--threads-->
	
	
         <LI> <B>Messages sorted by:</B> 
              <a href="date.html#63659">[ date ]</a>
              <a href="thread.html#63659">[ thread ]</a>
              <a href="subject.html#63659">[ subject ]</a>
              <a href="author.html#63659">[ author ]</a>
         </LI>
       </UL>

<hr>
<a href="https://twistedmatrix.com/cgi-bin/mailman/listinfo/twisted-python">More information about the Twisted-Python
mailing list</a><br>
</body></html>
