<tt>
&lt;div&nbsp;dir=&quot;ltr&quot;&gt;&lt;div&gt;I&nbsp;have&nbsp;4&nbsp;inotify&nbsp;tests&nbsp;which&nbsp;are&nbsp;failing&nbsp;on&nbsp;travis-ci&nbsp;builders:&lt;/div&gt;&lt;div&gt;&lt;br&gt;&lt;/div&gt;&lt;div&gt;They&nbsp;pass&nbsp;on&nbsp;my&nbsp;local&nbsp;system&nbsp;which&nbsp;is&nbsp;also&nbsp;Ubuntu&nbsp;12.04&nbsp;with&nbsp;virtualenv.&lt;/div&gt;&lt;div&gt;&lt;br&gt;&lt;/div&gt;&lt;div&gt;Do&nbsp;you&nbsp;know&nbsp;what&nbsp;could&nbsp;be&nbsp;the&nbsp;cause&nbsp;of&nbsp;these&nbsp;failures?&lt;/div&gt;<br>
<br>
&lt;div&gt;Any&nbsp;hint&nbsp;of&nbsp;what&nbsp;can&nbsp;be&nbsp;done&nbsp;to&nbsp;fix&nbsp;them?&lt;/div&gt;&lt;div&gt;&lt;br&gt;&lt;/div&gt;&lt;div&gt;Thanks!&lt;/div&gt;&lt;div&gt;&lt;br&gt;&lt;/div&gt;&lt;div&gt;-----&lt;/div&gt;&lt;div&gt;&lt;br&gt;&lt;/div&gt;&lt;div&gt;Full&nbsp;log&nbsp;is&nbsp;here:Â &lt;a&nbsp;href=&quot;https://travis-ci.org/chevah/twisted/jobs/19803983&quot;&gt;https://travis-ci.org/chevah/twisted/jobs/19803983&lt;/a&gt;&lt;/div&gt;<br>
<br>
&lt;div&gt;&lt;br&gt;&lt;/div&gt;&lt;div&gt;Here&nbsp;are&nbsp;the&nbsp;failing&nbsp;tests.&lt;/div&gt;&lt;div&gt;&lt;br&gt;&lt;/div&gt;&lt;div&gt;[ERROR]&lt;br&gt;&lt;/div&gt;&lt;div&gt;Traceback&nbsp;(most&nbsp;recent&nbsp;call&nbsp;last):&lt;/div&gt;&lt;div&gt;Failure:&nbsp;twisted.internet.defer.TimeoutError:&nbsp;&lt;twisted.internet.test.test_inotify.TestINotify&nbsp;testMethod=test_deleteSelf&gt;&nbsp;(test_deleteSelf)&nbsp;still&nbsp;running&nbsp;at&nbsp;120.0&nbsp;secs&lt;/div&gt;<br>
<br>
&lt;div&gt;twisted.internet.test.test_inotify.TestINotify.test_deleteSelf&lt;/div&gt;&lt;div&gt;===============================================================================&lt;/div&gt;&lt;div&gt;[ERROR]&lt;/div&gt;&lt;div&gt;Traceback&nbsp;(most&nbsp;recent&nbsp;call&nbsp;last):&lt;/div&gt;<br>
<br>
&lt;div&gt;Failure:&nbsp;twisted.internet.defer.TimeoutError:&nbsp;&lt;twisted.internet.test.test_inotify.TestINotify&nbsp;testMethod=test_ignoreFilePath&gt;&nbsp;(test_ignoreFilePath)&nbsp;still&nbsp;running&nbsp;at&nbsp;120.0&nbsp;secs&lt;/div&gt;&lt;div&gt;twisted.internet.test.test_inotify.TestINotify.test_ignoreFilePath&lt;/div&gt;<br>
<br>
&lt;div&gt;===============================================================================&lt;/div&gt;&lt;div&gt;[ERROR]&lt;/div&gt;&lt;div&gt;Traceback&nbsp;(most&nbsp;recent&nbsp;call&nbsp;last):&lt;/div&gt;&lt;div&gt;Failure:&nbsp;twisted.internet.defer.TimeoutError:&nbsp;&lt;twisted.internet.test.test_inotify.TestINotify&nbsp;testMethod=test_seriesOfWatchAndIgnore&gt;&nbsp;(test_seriesOfWatchAndIgnore)&nbsp;still&nbsp;running&nbsp;at&nbsp;120.0&nbsp;secs&lt;/div&gt;<br>
<br>
&lt;div&gt;twisted.internet.test.test_inotify.TestINotify.test_seriesOfWatchAndIgnore&lt;/div&gt;&lt;div&gt;===============================================================================&lt;/div&gt;&lt;div&gt;[ERROR]&lt;/div&gt;&lt;div&gt;Traceback&nbsp;(most&nbsp;recent&nbsp;call&nbsp;last):&lt;/div&gt;<br>
<br>
&lt;div&gt;Failure:&nbsp;twisted.internet.defer.TimeoutError:&nbsp;&lt;twisted.internet.test.test_inotify.TestINotify&nbsp;testMethod=test_simpleDeleteDirectory&gt;&nbsp;(test_simpleDeleteDirectory)&nbsp;still&nbsp;running&nbsp;at&nbsp;120.0&nbsp;secs&lt;/div&gt;&lt;div&gt;twisted.internet.test.test_inotify.TestINotify.test_simpleDeleteDirectory&lt;/div&gt;<br>
<br>
&lt;div&gt;-------------------------------------------------------------------------------&lt;/div&gt;&lt;div&gt;Ran&nbsp;9634&nbsp;tests&nbsp;in&nbsp;578.574s&lt;/div&gt;&lt;div&gt;FAILED&nbsp;(skips=1316,&nbsp;expectedFailures=12,&nbsp;errors=4,&nbsp;successes=8302)&lt;/div&gt;&lt;div&gt;&lt;br&gt;&lt;/div&gt;--&nbsp;&lt;br&gt;<br>
<br>
Adi&nbsp;Roiban<br>
&lt;/div&gt;<br>

</tt>
