(view as text)
<http://twistedmatrix.com/buildbot/full-2.4/builds/214/shell/0?text=1>

command '['python2.4', '-Wall', './bin/trial', '-to', '--recurse', '--random=0', 'twisted']' in dir /home/buildbot/run/full2.4/Twisted (timeout 1200 secs)

/home/buildbot/run/full2.4/Twisted/twisted/words/service.py:87: exceptions.UserWarning: twisted.words will be undergoing a rewrite at some point in the future.
isbeingtested

/home/buildbot/run/full2.4/Twisted/twisted/web/woven/interfaces.py:60: twisted.python.components.ComponentsDeprecationWarning: Please don't use __adapt__ on Interface subclasses

/home/buildbot/run/full2.4/Twisted/twisted/web/woven/interfaces.py:135: twisted.python.components.ComponentsDeprecationWarning: Please don't use __adapt__ on Interface subclasses

/home/buildbot/run/full2.4/Twisted/twisted/test/test_components.py:59: twisted.python.components.ComponentsDeprecationWarning: Please use implements(), not __implements__ for class twisted.test.test_components.IntAdder

/home/buildbot/run/full2.4/Twisted/twisted/test/test_components.py:85: twisted.python.components.ComponentsDeprecationWarning: Please use implements(), not __implements__ for class twisted.test.test_components.MultiplyAndAdd

/home/buildbot/run/full2.4/Twisted/twisted/test/test_components.py:320: twisted.python.components.ComponentsDeprecationWarning: Please don't use __adapt__ on Interface subclasses

/home/buildbot/run/full2.4/Twisted/twisted/python/components.py:328: twisted.python.components.ComponentsDeprecationWarning: adaptWith is only supported for backwards compatability

/home/buildbot/run/full2.4/Twisted/twisted/python/components.py:328: twisted.python.components.ComponentsDeprecationWarning: adaptWith is only supported for backwards compatability
Running tests shuffled with seed 110157864929testDelayedStart (twisted.test.test_task.LoopTestCase) ... [OK]

-!*@&-!*@&-!*@&-!*@&-!*@&-!*@&-!*@&-!*@&-!*@&-!*@&-!*@&-!*@&-!*@&-!*@&-!*@&-!*@&-!*@&-!*@&-!*@&-!*@&

	WHOOP! WHOOP! DANGER WILL ROBINSON! DANGER! WHOOP! WHOOP!
	caught exception in TestSuite! 

		TRIAL IS BROKEN!


	Traceback (most recent call last):
	  File "./bin/trial", line 24, in ?
	    run()
	  File "/home/buildbot/run/full2.4/Twisted/twisted/scripts/trial.py", line 677, in run
	    suite = reallyRun(config)
	  File "/home/buildbot/run/full2.4/Twisted/twisted/scripts/trial.py", line 656, in reallyRun
	    suite.run(config['random'])
	--- <exception caught here> ---
	  File "/home/buildbot/run/full2.4/Twisted/twisted/trial/runner.py", line 242, in run
	    tr.runTests(randomize=(seed is not None))
	  File "/home/buildbot/run/full2.4/Twisted/twisted/trial/runner.py", line 482, in runTests
	    runner.runTests(randomize)
	  File "/home/buildbot/run/full2.4/Twisted/twisted/trial/runner.py", line 606, in runTests
	    self._signalStateMgr.restore()
	  File "/home/buildbot/run/full2.4/Twisted/twisted/trial/util.py", line 39, in restore
	    signal.signal(signum, handler)
	exceptions.RuntimeError: (22, 'Invalid argument')
	

-!*@&-!*@&-!*@&-!*@&-!*@&-!*@&-!*@&-!*@&-!*@&-!*@&-!*@&-!*@&-!*@&-!*@&-!*@&-!*@&-!*@&-!*@&-!*@&-!*@&


-!*@&-!*@&-!*@&-!*@&-!*@&-!*@&-!*@&-!*@&-!*@&-!*@&-!*@&-!*@&-!*@&-!*@&-!*@&-!*@&-!*@&-!*@&-!*@&-!*@&

	WHOOP! WHOOP! DANGER WILL ROBINSON! DANGER! WHOOP! WHOOP!
	caught exception in TestSuite! 

		TRIAL IS BROKEN!


	Traceback (most recent call last):
	  File "./bin/trial", line 24, in ?
	    run()
	  File "/home/buildbot/run/full2.4/Twisted/twisted/scripts/trial.py", line 677, in run
	    suite = reallyRun(config)
	  File "/home/buildbot/run/full2.4/Twisted/twisted/scripts/trial.py", line 656, in reallyRun
	    suite.run(config['random'])
	--- <exception caught here> ---
	  File "/home/buildbot/run/full2.4/Twisted/twisted/trial/runner.py", line 242, in run
	    tr.runTests(randomize=(seed is not None))
	  File "/home/buildbot/run/full2.4/Twisted/twisted/trial/runner.py", line 482, in runTests
	    runner.runTests(randomize)
	  File "/home/buildbot/run/full2.4/Twisted/twisted/trial/runner.py", line 606, in runTests
	    self._signalStateMgr.restore()
	  File "/home/buildbot/run/full2.4/Twisted/twisted/trial/util.py", line 39, in restore
	    signal.signal(signum, handler)
	exceptions.RuntimeError: (22, 'Invalid argument')
	

-!*@&-!*@&-!*@&-!*@&-!*@&-!*@&-!*@&-!*@&-!*@&-!*@&-!*@&-!*@&-!*@&-!*@&-!*@&-!*@&-!*@&-!*@&-!*@&-!*@&

testSerialization (twisted.xish.test.test_domish.DomishTestCase) ... [OK]

-!*@&-!*@&-!*@&-!*@&-!*@&-!*@&-!*@&-!*@&-!*@&-!*@&-!*@&-!*@&-!*@&-!*@&-!*@&-!*@&-!*@&-!*@&-!*@&-!*@&

	WHOOP! WHOOP! DANGER WILL ROBINSON! DANGER! WHOOP! WHOOP!
	caught exception in TestSuite! 

		TRIAL IS BROKEN!


	Traceback (most recent call last):
	  File "./bin/trial", line 24, in ?
	    run()
	  File "/home/buildbot/run/full2.4/Twisted/twisted/scripts/trial.py", line 677, in run
	    suite = reallyRun(config)
	  File "/home/buildbot/run/full2.4/Twisted/twisted/scripts/trial.py", line 656, in reallyRun
	    suite.run(config['random'])
	--- <exception caught here> ---
	  File "/home/buildbot/run/full2.4/Twisted/twisted/trial/runner.py", line 242, in run
	    tr.runTests(randomize=(seed is not None))
	  File "/home/buildbot/run/full2.4/Twisted/twisted/trial/runner.py", line 482, in runTests
	    runner.runTests(randomize)
	  File "/home/buildbot/run/full2.4/Twisted/twisted/trial/runner.py", line 606, in runTests
	    self._signalStateMgr.restore()
	  File "/home/buildbot/run/full2.4/Twisted/twisted/trial/util.py", line 39, in restore
	    signal.signal(signum, handler)
	exceptions.RuntimeError: (22, 'Invalid argument')
	

-!*@&-!*@&-!*@&-!*@&-!*@&-!*@&-!*@&-!*@&-!*@&-!*@&-!*@&-!*@&-!*@&-!*@&-!*@&-!*@&-!*@&-!*@&-!*@&-!*@&

testPool (twisted.test.test_adbapi.SQLiteReconnectTestCase) ... [SKIPPED]

-!*@&-!*@&-!*@&-!*@&-!*@&-!*@&-!*@&-!*@&-!*@&-!*@&-!*@&-!*@&-!*@&-!*@&-!*@&-!*@&-!*@&-!*@&-!*@&-!*@&

	WHOOP! WHOOP! DANGER WILL ROBINSON! DANGER! WHOOP! WHOOP!
	caught exception in TestSuite! 

		TRIAL IS BROKEN!


	Traceback (most recent call last):
	  File "./bin/trial", line 24, in ?
	    run()
	  File "/home/buildbot/run/full2.4/Twisted/twisted/scripts/trial.py", line 677, in run
	    suite = reallyRun(config)
	  File "/home/buildbot/run/full2.4/Twisted/twisted/scripts/trial.py", line 656, in reallyRun
	    suite.run(config['random'])
	--- <exception caught here> ---
	  File "/home/buildbot/run/full2.4/Twisted/twisted/trial/runner.py", line 242, in run
	    tr.runTests(randomize=(seed is not None))
	  File "/home/buildbot/run/full2.4/Twisted/twisted/trial/runner.py", line 482, in runTests
	    runner.runTests(randomize)
	  File "/home/buildbot/run/full2.4/Twisted/twisted/trial/runner.py", line 606, in runTests
	    self._signalStateMgr.restore()
	  File "/home/buildbot/run/full2.4/Twisted/twisted/trial/util.py", line 39, in restore
	    signal.signal(signum, handler)
	exceptions.RuntimeError: (22, 'Invalid argument')
	

-!*@&-!*@&-!*@&-!*@&-!*@&-!*@&-!*@&-!*@&-!*@&-!*@&-!*@&-!*@&-!*@&-!*@&-!*@&-!*@&-!*@&-!*@&-!*@&-!*@&

testParseParam (twisted.test.test_dict.ParamTest) ... [OK]

-!*@&-!*@&-!*@&-!*@&-!*@&-!*@&-!*@&-!*@&-!*@&-!*@&-!*@&-!*@&-!*@&-!*@&-!*@&-!*@&-!*@&-!*@&-!*@&-!*@&

	WHOOP! WHOOP! DANGER WILL ROBINSON! DANGER! WHOOP! WHOOP!
	caught exception in TestSuite! 

		TRIAL IS BROKEN!


	Traceback (most recent call last):
	  File "./bin/trial", line 24, in ?
	    run()
	  File "/home/buildbot/run/full2.4/Twisted/twisted/scripts/trial.py", line 677, in run
	    suite = reallyRun(config)
	  File "/home/buildbot/run/full2.4/Twisted/twisted/scripts/trial.py", line 656, in reallyRun
	    suite.run(config['random'])
	--- <exception caught here> ---
	  File "/home/buildbot/run/full2.4/Twisted/twisted/trial/runner.py", line 242, in run
	    tr.runTests(randomize=(seed is not None))
	  File "/home/buildbot/run/full2.4/Twisted/twisted/trial/runner.py", line 482, in runTests
	    runner.runTests(randomize)
	  File "/home/buildbot/run/full2.4/Twisted/twisted/trial/runner.py", line 606, in runTests
	    self._signalStateMgr.restore()
	  File "/home/buildbot/run/full2.4/Twisted/twisted/trial/util.py", line 39, in restore
	    signal.signal(signum, handler)
	exceptions.RuntimeError: (22, 'Invalid argument')
	

-!*@&-!*@&-!*@&-!*@&-!*@&-!*@&-!*@&-!*@&-!*@&-!*@&-!*@&-!*@&-!*@&-!*@&-!*@&-!*@&-!*@&-!*@&-!*@&-!*@&

testPackages (twisted.test.test_setup.CheckingPackagesTestCase) ... [OK]

-!*@&-!*@&-!*@&-!*@&-!*@&-!*@&-!*@&-!*@&-!*@&-!*@&-!*@&-!*@&-!*@&-!*@&-!*@&-!*@&-!*@&-!*@&-!*@&-!*@&

	WHOOP! WHOOP! DANGER WILL ROBINSON! DANGER! WHOOP! WHOOP!
	caught exception in TestSuite! 

		TRIAL IS BROKEN!


	Traceback (most recent call last):
	  File "./bin/trial", line 24, in ?
	    run()
	  File "/home/buildbot/run/full2.4/Twisted/twisted/scripts/trial.py", line 677, in run
	    suite = reallyRun(config)
	  File "/home/buildbot/run/full2.4/Twisted/twisted/scripts/trial.py", line 656, in reallyRun
	    suite.run(config['random'])
	--- <exception caught here> ---
	  File "/home/buildbot/run/full2.4/Twisted/twisted/trial/runner.py", line 242, in run
	    tr.runTests(randomize=(seed is not None))
	  File "/home/buildbot/run/full2.4/Twisted/twisted/trial/runner.py", line 482, in runTests
	    runner.runTests(randomize)
	  File "/home/buildbot/run/full2.4/Twisted/twisted/trial/runner.py", line 606, in runTests
	    self._signalStateMgr.restore()
	  File "/home/buildbot/run/full2.4/Twisted/twisted/trial/util.py", line 39, in restore
	    signal.signal(signum, handler)
	exceptions.RuntimeError: (22, 'Invalid argument')
	

-!*@&-!*@&-!*@&-!*@&-!*@&-!*@&-!*@&-!*@&-!*@&-!*@&-!*@&-!*@&-!*@&-!*@&-!*@&-!*@&-!*@&-!*@&-!*@&-!*@&

testCancelTimeout (twisted.test.test_policies.TestTimeout) ... [OK]

-!*@&-!*@&-!*@&-!*@&-!*@&-!*@&-!*@&-!*@&-!*@&-!*@&-!*@&-!*@&-!*@&-!*@&-!*@&-!*@&-!*@&-!*@&-!*@&-!*@&

	WHOOP! WHOOP! DANGER WILL ROBINSON! DANGER! WHOOP! WHOOP!
	caught exception in TestSuite! 

		TRIAL IS BROKEN!


	Traceback (most recent call last):
	  File "./bin/trial", line 24, in ?
	    run()
	  File "/home/buildbot/run/full2.4/Twisted/twisted/scripts/trial.py", line 677, in run
	    suite = reallyRun(config)
	  File "/home/buildbot/run/full2.4/Twisted/twisted/scripts/trial.py", line 656, in reallyRun
	    suite.run(config['random'])
	--- <exception caught here> ---
	  File "/home/buildbot/run/full2.4/Twisted/twisted/trial/runner.py", line 242, in run
	    tr.runTests(randomize=(seed is not None))
	  File "/home/buildbot/run/full2.4/Twisted/twisted/trial/runner.py", line 482, in runTests
	    runner.runTests(randomize)
	  File "/home/buildbot/run/full2.4/Twisted/twisted/trial/runner.py", line 606, in runTests
	    self._signalStateMgr.restore()
	  File "/home/buildbot/run/full2.4/Twisted/twisted/trial/util.py", line 39, in restore
	    signal.signal(signum, handler)
	exceptions.RuntimeError: (22, 'Invalid argument')
	

-!*@&-!*@&-!*@&-!*@&-!*@&-!*@&-!*@&-!*@&-!*@&-!*@&-!*@&-!*@&-!*@&-!*@&-!*@&-!*@&-!*@&-!*@&-!*@&-!*@&

testStressReferences (twisted.test.test_newjelly.JellyTestCase) ... [OK]

-!*@&-!*@&-!*@&-!*@&-!*@&-!*@&-!*@&-!*@&-!*@&-!*@&-!*@&-!*@&-!*@&-!*@&-!*@&-!*@&-!*@&-!*@&-!*@&-!*@&

	WHOOP! WHOOP! DANGER WILL ROBINSON! DANGER! WHOOP! WHOOP!
	caught exception in TestSuite! 

		TRIAL IS BROKEN!


	Traceback (most recent call last):
	  File "./bin/trial", line 24, in ?
	    run()
	  File "/home/buildbot/run/full2.4/Twisted/twisted/scripts/trial.py", line 677, in run
	    suite = reallyRun(config)
	  File "/home/buildbot/run/full2.4/Twisted/twisted/scripts/trial.py", line 656, in reallyRun
	    suite.run(config['random'])
	--- <exception caught here> ---
	  File "/home/buildbot/run/full2.4/Twisted/twisted/trial/runner.py", line 242, in run
	    tr.runTests(randomize=(seed is not None))
	  File "/home/buildbot/run/full2.4/Twisted/twisted/trial/runner.py", line 482, in runTests
	    runner.runTests(randomize)
	  File "/home/buildbot/run/full2.4/Twisted/twisted/trial/runner.py", line 606, in runTests
	    self._signalStateMgr.restore()
	  File "/home/buildbot/run/full2.4/Twisted/twisted/trial/util.py", line 39, in restore
	    signal.signal(signum, handler)
	exceptions.RuntimeError: (22, 'Invalid argument')
	

-!*@&-!*@&-!*@&-!*@&-!*@&-!*@&-!*@&-!*@&-!*@&-!*@&-!*@&-!*@&-!*@&-!*@&-!*@&-!*@&-!*@&-!*@&-!*@&-!*@&

testBigReceive (twisted.test.test_stateful.Int32TestCase) ... [OK]

-!*@&-!*@&-!*@&-!*@&-!*@&-!*@&-!*@&-!*@&-!*@&-!*@&-!*@&-!*@&-!*@&-!*@&-!*@&-!*@&-!*@&-!*@&-!*@&-!*@&

	WHOOP! WHOOP! DANGER WILL ROBINSON! DANGER! WHOOP! WHOOP!
	caught exception in TestSuite! 

		TRIAL IS BROKEN!


	Traceback (most recent call last):
	  File "./bin/trial", line 24, in ?
	    run()
	  File "/home/buildbot/run/full2.4/Twisted/twisted/scripts/trial.py", line 677, in run
	    suite = reallyRun(config)
	  File "/home/buildbot/run/full2.4/Twisted/twisted/scripts/trial.py", line 656, in reallyRun
	    suite.run(config['random'])
	--- <exception caught here> ---
	  File "/home/buildbot/run/full2.4/Twisted/twisted/trial/runner.py", line 242, in run
	    tr.runTests(randomize=(seed is not None))
	  File "/home/buildbot/run/full2.4/Twisted/twisted/trial/runner.py", line 482, in runTests
	    runner.runTests(randomize)
	  File "/home/buildbot/run/full2.4/Twisted/twisted/trial/runner.py", line 606, in runTests
	    self._signalStateMgr.restore()
	  File "/home/buildbot/run/full2.4/Twisted/twisted/trial/util.py", line 39, in restore
	    signal.signal(signum, handler)
	exceptions.RuntimeError: (22, 'Invalid argument')
	

-!*@&-!*@&-!*@&-!*@&-!*@&-!*@&-!*@&-!*@&-!*@&-!*@&-!*@&-!*@&-!*@&-!*@&-!*@&-!*@&-!*@&-!*@&-!*@&-!*@&

testTime (twisted.test.test_journal.JournalTestCase) ... [OK]

-!*@&-!*@&-!*@&-!*@&-!*@&-!*@&-!*@&-!*@&-!*@&-!*@&-!*@&-!*@&-!*@&-!*@&-!*@&-!*@&-!*@&-!*@&-!*@&-!*@&

	WHOOP! WHOOP! DANGER WILL ROBINSON! DANGER! WHOOP! WHOOP!
	caught exception in TestSuite! 

		TRIAL IS BROKEN!


	Traceback (most recent call last):
	  File "./bin/trial", line 24, in ?
	    run()
	  File "/home/buildbot/run/full2.4/Twisted/twisted/scripts/trial.py", line 677, in run
	    suite = reallyRun(config)
	  File "/home/buildbot/run/full2.4/Twisted/twisted/scripts/trial.py", line 656, in reallyRun
	    suite.run(config['random'])
	--- <exception caught here> ---
	  File "/home/buildbot/run/full2.4/Twisted/twisted/trial/runner.py", line 242, in run
	    tr.runTests(randomize=(seed is not None))
	  File "/home/buildbot/run/full2.4/Twisted/twisted/trial/runner.py", line 482, in runTests
	    runner.runTests(randomize)
	  File "/home/buildbot/run/full2.4/Twisted/twisted/trial/runner.py", line 606, in runTests
	    self._signalStateMgr.restore()
	  File "/home/buildbot/run/full2.4/Twisted/twisted/trial/util.py", line 39, in restore
	    signal.signal(signum, handler)
	exceptions.RuntimeError: (22, 'Invalid argument')
	

-!*@&-!*@&-!*@&-!*@&-!*@&-!*@&-!*@&-!*@&-!*@&-!*@&-!*@&-!*@&-!*@&-!*@&-!*@&-!*@&-!*@&-!*@&-!*@&-!*@&

testBasicOp (twisted.xish.test.test_xmlstream.XmlStreamTest) ... [OK]

-!*@&-!*@&-!*@&-!*@&-!*@&-!*@&-!*@&-!*@&-!*@&-!*@&-!*@&-!*@&-!*@&-!*@&-!*@&-!*@&-!*@&-!*@&-!*@&-!*@&

	WHOOP! WHOOP! DANGER WILL ROBINSON! DANGER! WHOOP! WHOOP!
	caught exception in TestSuite! 

		TRIAL IS BROKEN!


	Traceback (most recent call last):
	  File "./bin/trial", line 24, in ?
	    run()
	  File "/home/buildbot/run/full2.4/Twisted/twisted/scripts/trial.py", line 677, in run
	    suite = reallyRun(config)
	  File "/home/buildbot/run/full2.4/Twisted/twisted/scripts/trial.py", line 656, in reallyRun
	    suite.run(config['random'])
	--- <exception caught here> ---
	  File "/home/buildbot/run/full2.4/Twisted/twisted/trial/runner.py", line 242, in run
	    tr.runTests(randomize=(seed is not None))
	  File "/home/buildbot/run/full2.4/Twisted/twisted/trial/runner.py", line 482, in runTests
	    runner.runTests(randomize)
	  File "/home/buildbot/run/full2.4/Twisted/twisted/trial/runner.py", line 606, in runTests
	    self._signalStateMgr.restore()
	  File "/home/buildbot/run/full2.4/Twisted/twisted/trial/util.py", line 39, in restore
	    signal.signal(signum, handler)
	exceptions.RuntimeError: (22, 'Invalid argument')
	

-!*@&-!*@&-!*@&-!*@&-!*@&-!*@&-!*@&-!*@&-!*@&-!*@&-!*@&-!*@&-!*@&-!*@&-!*@&-!*@&-!*@&-!*@&-!*@&-!*@&

testEXPIRE (twisted.mail.test.test_pop3.GlobalCapabilitiesTestCase) ... [OK]

-!*@&-!*@&-!*@&-!*@&-!*@&-!*@&-!*@&-!*@&-!*@&-!*@&-!*@&-!*@&-!*@&-!*@&-!*@&-!*@&-!*@&-!*@&-!*@&-!*@&

	WHOOP! WHOOP! DANGER WILL ROBINSON! DANGER! WHOOP! WHOOP!
	caught exception in TestSuite! 

		TRIAL IS BROKEN!


	Traceback (most recent call last):
	  File "./bin/trial", line 24, in ?
	    run()
	  File "/home/buildbot/run/full2.4/Twisted/twisted/scripts/trial.py", line 677, in run
	    suite = reallyRun(config)
	  File "/home/buildbot/run/full2.4/Twisted/twisted/scripts/trial.py", line 656, in reallyRun
	    suite.run(config['random'])
	--- <exception caught here> ---
	  File "/home/buildbot/run/full2.4/Twisted/twisted/trial/runner.py", line 242, in run
	    tr.runTests(randomize=(seed is not None))
	  File "/home/buildbot/run/full2.4/Twisted/twisted/trial/runner.py", line 482, in runTests
	    runner.runTests(randomize)
	  File "/home/buildbot/run/full2.4/Twisted/twisted/trial/runner.py", line 606, in runTests
	    self._signalStateMgr.restore()
	  File "/home/buildbot/run/full2.4/Twisted/twisted/trial/util.py", line 39, in restore
	    signal.signal(signum, handler)
	exceptions.RuntimeError: (22, 'Invalid argument')
	

-!*@&-!*@&-!*@&-!*@&-!*@&-!*@&-!*@&-!*@&-!*@&-!*@&-!*@&-!*@&-!*@&-!*@&-!*@&-!*@&-!*@&-!*@&-!*@&-!*@&

testTTL (twisted.test.test_udp.MulticastTestCase) ... [OK]

-!*@&-!*@&-!*@&-!*@&-!*@&-!*@&-!*@&-!*@&-!*@&-!*@&-!*@&-!*@&-!*@&-!*@&-!*@&-!*@&-!*@&-!*@&-!*@&-!*@&

	WHOOP! WHOOP! DANGER WILL ROBINSON! DANGER! WHOOP! WHOOP!
	caught exception in TestSuite! 

		TRIAL IS BROKEN!


	Traceback (most recent call last):
	  File "./bin/trial", line 24, in ?
	    run()
	  File "/home/buildbot/run/full2.4/Twisted/twisted/scripts/trial.py", line 677, in run
	    suite = reallyRun(config)
	  File "/home/buildbot/run/full2.4/Twisted/twisted/scripts/trial.py", line 656, in reallyRun
	    suite.run(config['random'])
	--- <exception caught here> ---
	  File "/home/buildbot/run/full2.4/Twisted/twisted/trial/runner.py", line 242, in run
	    tr.runTests(randomize=(seed is not None))
	  File "/home/buildbot/run/full2.4/Twisted/twisted/trial/runner.py", line 482, in runTests
	    runner.runTests(randomize)
	  File "/home/buildbot/run/full2.4/Twisted/twisted/trial/runner.py", line 606, in runTests
	    self._signalStateMgr.restore()
	  File "/home/buildbot/run/full2.4/Twisted/twisted/trial/util.py", line 39, in restore
	    signal.signal(signum, handler)
	exceptions.RuntimeError: (22, 'Invalid argument')
	

-!*@&-!*@&-!*@&-!*@&-!*@&-!*@&-!*@&-!*@&-!*@&-!*@&-!*@&-!*@&-!*@&-!*@&-!*@&-!*@&-!*@&-!*@&-!*@&-!*@&

testErrors (twisted.web.test.test_soap.SOAPTestCase) ... [SKIPPED]

-!*@&-!*@&-!*@&-!*@&-!*@&-!*@&-!*@&-!*@&-!*@&-!*@&-!*@&-!*@&-!*@&-!*@&-!*@&-!*@&-!*@&-!*@&-!*@&-!*@&

	WHOOP! WHOOP! DANGER WILL ROBINSON! DANGER! WHOOP! WHOOP!
	caught exception in TestSuite! 

		TRIAL IS BROKEN!


	Traceback (most recent call last):
	  File "./bin/trial", line 24, in ?
	    run()
	  File "/home/buildbot/run/full2.4/Twisted/twisted/scripts/trial.py", line 677, in run
	    suite = reallyRun(config)
	  File "/home/buildbot/run/full2.4/Twisted/twisted/scripts/trial.py", line 656, in reallyRun
	    suite.run(config['random'])
	--- <exception caught here> ---
	  File "/home/buildbot/run/full2.4/Twisted/twisted/trial/runner.py", line 242, in run
	    tr.runTests(randomize=(seed is not None))
	  File "/home/buildbot/run/full2.4/Twisted/twisted/trial/runner.py", line 482, in runTests
	    runner.runTests(randomize)
	  File "/home/buildbot/run/full2.4/Twisted/twisted/trial/runner.py", line 606, in runTests
	    self._signalStateMgr.restore()
	  File "/home/buildbot/run/full2.4/Twisted/twisted/trial/util.py", line 39, in restore
	    signal.signal(signum, handler)
	exceptions.RuntimeError: (22, 'Invalid argument')
	

-!*@&-!*@&-!*@&-!*@&-!*@&-!*@&-!*@&-!*@&-!*@&-!*@&-!*@&-!*@&-!*@&-!*@&-!*@&-!*@&-!*@&-!*@&-!*@&-!*@&

testFunctionality (twisted.xish.test.test_xpath.XPathTest) ... [OK]

-!*@&-!*@&-!*@&-!*@&-!*@&-!*@&-!*@&-!*@&-!*@&-!*@&-!*@&-!*@&-!*@&-!*@&-!*@&-!*@&-!*@&-!*@&-!*@&-!*@&

	WHOOP! WHOOP! DANGER WILL ROBINSON! DANGER! WHOOP! WHOOP!
	caught exception in TestSuite! 

		TRIAL IS BROKEN!


	Traceback (most recent call last):
	  File "./bin/trial", line 24, in ?
	    run()
	  File "/home/buildbot/run/full2.4/Twisted/twisted/scripts/trial.py", line 677, in run
	    suite = reallyRun(config)
	  File "/home/buildbot/run/full2.4/Twisted/twisted/scripts/trial.py", line 656, in reallyRun
	    suite.run(config['random'])
	--- <exception caught here> ---
	  File "/home/buildbot/run/full2.4/Twisted/twisted/trial/runner.py", line 242, in run
	    tr.runTests(randomize=(seed is not None))
	  File "/home/buildbot/run/full2.4/Twisted/twisted/trial/runner.py", line 482, in runTests
	    runner.runTests(randomize)
	  File "/home/buildbot/run/full2.4/Twisted/twisted/trial/runner.py", line 606, in runTests
	    self._signalStateMgr.restore()
	  File "/home/buildbot/run/full2.4/Twisted/twisted/trial/util.py", line 39, in restore
	    signal.signal(signum, handler)
	exceptions.RuntimeError: (22, 'Invalid argument')
	

-!*@&-!*@&-!*@&-!*@&-!*@&-!*@&-!*@&-!*@&-!*@&-!*@&-!*@&-!*@&-!*@&-!*@&-!*@&-!*@&-!*@&-!*@&-!*@&-!*@&

test_importIdentity (twisted.test.test_manhole.ManholeTest) ... [OK]

-!*@&-!*@&-!*@&-!*@&-!*@&-!*@&-!*@&-!*@&-!*@&-!*@&-!*@&-!*@&-!*@&-!*@&-!*@&-!*@&-!*@&-!*@&-!*@&-!*@&

	WHOOP! WHOOP! DANGER WILL ROBINSON! DANGER! WHOOP! WHOOP!
	caught exception in TestSuite! 

		TRIAL IS BROKEN!


	Traceback (most recent call last):
	  File "./bin/trial", line 24, in ?
	    run()
	  File "/home/buildbot/run/full2.4/Twisted/twisted/scripts/trial.py", line 677, in run
	    suite = reallyRun(config)
	  File "/home/buildbot/run/full2.4/Twisted/twisted/scripts/trial.py", line 656, in reallyRun
	    suite.run(config['random'])
	--- <exception caught here> ---
	  File "/home/buildbot/run/full2.4/Twisted/twisted/trial/runner.py", line 242, in run
	    tr.runTests(randomize=(seed is not None))
	  File "/home/buildbot/run/full2.4/Twisted/twisted/trial/runner.py", line 482, in runTests
	    runner.runTests(randomize)
	  File "/home/buildbot/run/full2.4/Twisted/twisted/trial/runner.py", line 606, in runTests
	    self._signalStateMgr.restore()
	  File "/home/buildbot/run/full2.4/Twisted/twisted/trial/util.py", line 39, in restore
	    signal.signal(signum, handler)
	exceptions.RuntimeError: (22, 'Invalid argument')
	

-!*@&-!*@&-!*@&-!*@&-!*@&-!*@&-!*@&-!*@&-!*@&-!*@&-!*@&-!*@&-!*@&-!*@&-!*@&-!*@&-!*@&-!*@&-!*@&-!*@&

testYear (twisted.test.test_ftp.FTPFileListingTests) ... [OK]

-!*@&-!*@&-!*@&-!*@&-!*@&-!*@&-!*@&-!*@&-!*@&-!*@&-!*@&-!*@&-!*@&-!*@&-!*@&-!*@&-!*@&-!*@&-!*@&-!*@&

	WHOOP! WHOOP! DANGER WILL ROBINSON! DANGER! WHOOP! WHOOP!
	caught exception in TestSuite! 

		TRIAL IS BROKEN!


	Traceback (most recent call last):
	  File "./bin/trial", line 24, in ?
	    run()
	  File "/home/buildbot/run/full2.4/Twisted/twisted/scripts/trial.py", line 677, in run
	    suite = reallyRun(config)
	  File "/home/buildbot/run/full2.4/Twisted/twisted/scripts/trial.py", line 656, in reallyRun
	    suite.run(config['random'])
	--- <exception caught here> ---
	  File "/home/buildbot/run/full2.4/Twisted/twisted/trial/runner.py", line 242, in run
	    tr.runTests(randomize=(seed is not None))
	  File "/home/buildbot/run/full2.4/Twisted/twisted/trial/runner.py", line 482, in runTests
	    runner.runTests(randomize)
	  File "/home/buildbot/run/full2.4/Twisted/twisted/trial/runner.py", line 606, in runTests
	    self._signalStateMgr.restore()
	  File "/home/buildbot/run/full2.4/Twisted/twisted/trial/util.py", line 39, in restore
	    signal.signal(signum, handler)
	exceptions.RuntimeError: (22, 'Invalid argument')
	

-!*@&-!*@&-!*@&-!*@&-!*@&-!*@&-!*@&-!*@&-!*@&-!*@&-!*@&-!*@&-!*@&-!*@&-!*@&-!*@&-!*@&-!*@&-!*@&-!*@&

testNoExceptionCaughtHere (twisted.trial.test.test_adapters.TestFailureFormatting) ... [OK]

-!*@&-!*@&-!*@&-!*@&-!*@&-!*@&-!*@&-!*@&-!*@&-!*@&-!*@&-!*@&-!*@&-!*@&-!*@&-!*@&-!*@&-!*@&-!*@&-!*@&

	WHOOP! WHOOP! DANGER WILL ROBINSON! DANGER! WHOOP! WHOOP!
	caught exception in TestSuite! 

		TRIAL IS BROKEN!


	Traceback (most recent call last):
	  File "./bin/trial", line 24, in ?
	    run()
	  File "/home/buildbot/run/full2.4/Twisted/twisted/scripts/trial.py", line 677, in run
	    suite = reallyRun(config)
	  File "/home/buildbot/run/full2.4/Twisted/twisted/scripts/trial.py", line 656, in reallyRun
	    suite.run(config['random'])
	--- <exception caught here> ---
	  File "/home/buildbot/run/full2.4/Twisted/twisted/trial/runner.py", line 242, in run
	    tr.runTests(randomize=(seed is not None))
	  File "/home/buildbot/run/full2.4/Twisted/twisted/trial/runner.py", line 482, in runTests
	    runner.runTests(randomize)
	  File "/home/buildbot/run/full2.4/Twisted/twisted/trial/runner.py", line 606, in runTests
	    self._signalStateMgr.restore()
	  File "/home/buildbot/run/full2.4/Twisted/twisted/trial/util.py", line 39, in restore
	    signal.signal(signum, handler)
	exceptions.RuntimeError: (22, 'Invalid argument')
	

-!*@&-!*@&-!*@&-!*@&-!*@&-!*@&-!*@&-!*@&-!*@&-!*@&-!*@&-!*@&-!*@&-!*@&-!*@&-!*@&-!*@&-!*@&-!*@&-!*@&

testReflector (twisted.test.test_adbapi.GadflyReflectorTestCase) ... [SKIPPED]

-!*@&-!*@&-!*@&-!*@&-!*@&-!*@&-!*@&-!*@&-!*@&-!*@&-!*@&-!*@&-!*@&-!*@&-!*@&-!*@&-!*@&-!*@&-!*@&-!*@&

	WHOOP! WHOOP! DANGER WILL ROBINSON! DANGER! WHOOP! WHOOP!
	caught exception in TestSuite! 

		TRIAL IS BROKEN!


	Traceback (most recent call last):
	  File "./bin/trial", line 24, in ?
	    run()
	  File "/home/buildbot/run/full2.4/Twisted/twisted/scripts/trial.py", line 677, in run
	    suite = reallyRun(config)
	  File "/home/buildbot/run/full2.4/Twisted/twisted/scripts/trial.py", line 656, in reallyRun
	    suite.run(config['random'])
	--- <exception caught here> ---
	  File "/home/buildbot/run/full2.4/Twisted/twisted/trial/runner.py", line 242, in run
	    tr.runTests(randomize=(seed is not None))
	  File "/home/buildbot/run/full2.4/Twisted/twisted/trial/runner.py", line 482, in runTests
	    runner.runTests(randomize)
	  File "/home/buildbot/run/full2.4/Twisted/twisted/trial/runner.py", line 606, in runTests
	    self._signalStateMgr.restore()
	  File "/home/buildbot/run/full2.4/Twisted/twisted/trial/util.py", line 39, in restore
	    signal.signal(signum, handler)
	exceptions.RuntimeError: (22, 'Invalid argument')
	

-!*@&-!*@&-!*@&-!*@&-!*@&-!*@&-!*@&-!*@&-!*@&-!*@&-!*@&-!*@&-!*@&-!*@&-!*@&-!*@&-!*@&-!*@&-!*@&-!*@&

testWriter (twisted.test.test_tcp.LargeBufferTestCase) ... [OK]

-!*@&-!*@&-!*@&-!*@&-!*@&-!*@&-!*@&-!*@&-!*@&-!*@&-!*@&-!*@&-!*@&-!*@&-!*@&-!*@&-!*@&-!*@&-!*@&-!*@&

	WHOOP! WHOOP! DANGER WILL ROBINSON! DANGER! WHOOP! WHOOP!
	caught exception in TestSuite! 

		TRIAL IS BROKEN!


	Traceback (most recent call last):
	  File "./bin/trial", line 24, in ?
	    run()
	  File "/home/buildbot/run/full2.4/Twisted/twisted/scripts/trial.py", line 677, in run
	    suite = reallyRun(config)
	  File "/home/buildbot/run/full2.4/Twisted/twisted/scripts/trial.py", line 656, in reallyRun
	    suite.run(config['random'])
	--- <exception caught here> ---
	  File "/home/buildbot/run/full2.4/Twisted/twisted/trial/runner.py", line 242, in run
	    tr.runTests(randomize=(seed is not None))
	  File "/home/buildbot/run/full2.4/Twisted/twisted/trial/runner.py", line 482, in runTests
	    runner.runTests(randomize)
	  File "/home/buildbot/run/full2.4/Twisted/twisted/trial/runner.py", line 606, in runTests
	    self._signalStateMgr.restore()
	  File "/home/buildbot/run/full2.4/Twisted/twisted/trial/util.py", line 39, in restore
	    signal.signal(signum, handler)
	exceptions.RuntimeError: (22, 'Invalid argument')
	

-!*@&-!*@&-!*@&-!*@&-!*@&-!*@&-!*@&-!*@&-!*@&-!*@&-!*@&-!*@&-!*@&-!*@&-!*@&-!*@&-!*@&-!*@&-!*@&-!*@&

testThemAll (twisted.test.test_error.TestStringification) ... [OK]

-!*@&-!*@&-!*@&-!*@&-!*@&-!*@&-!*@&-!*@&-!*@&-!*@&-!*@&-!*@&-!*@&-!*@&-!*@&-!*@&-!*@&-!*@&-!*@&-!*@&

	WHOOP! WHOOP! DANGER WILL ROBINSON! DANGER! WHOOP! WHOOP!
	caught exception in TestSuite! 

		TRIAL IS BROKEN!


	Traceback (most recent call last):
	  File "./bin/trial", line 24, in ?
	    run()
	  File "/home/buildbot/run/full2.4/Twisted/twisted/scripts/trial.py", line 677, in run
	    suite = reallyRun(config)
	  File "/home/buildbot/run/full2.4/Twisted/twisted/scripts/trial.py", line 656, in reallyRun
	    suite.run(config['random'])
	--- <exception caught here> ---
	  File "/home/buildbot/run/full2.4/Twisted/twisted/trial/runner.py", line 242, in run
	    tr.runTests(randomize=(seed is not None))
	  File "/home/buildbot/run/full2.4/Twisted/twisted/trial/runner.py", line 482, in runTests
	    runner.runTests(randomize)
	  File "/home/buildbot/run/full2.4/Twisted/twisted/trial/runner.py", line 606, in runTests
	    self._signalStateMgr.restore()
	  File "/home/buildbot/run/full2.4/Twisted/twisted/trial/util.py", line 39, in restore
	    signal.signal(signum, handler)
	exceptions.RuntimeError: (22, 'Invalid argument')
	

-!*@&-!*@&-!*@&-!*@&-!*@&-!*@&-!*@&-!*@&-!*@&-!*@&-!*@&-!*@&-!*@&-!*@&-!*@&-!*@&-!*@&-!*@&-!*@&-!*@&

testPreserve (twisted.test.test_util.InsensitiveDictTest) ... [OK]

-!*@&-!*@&-!*@&-!*@&-!*@&-!*@&-!*@&-!*@&-!*@&-!*@&-!*@&-!*@&-!*@&-!*@&-!*@&-!*@&-!*@&-!*@&-!*@&-!*@&

	WHOOP! WHOOP! DANGER WILL ROBINSON! DANGER! WHOOP! WHOOP!
	caught exception in TestSuite! 

		TRIAL IS BROKEN!


	Traceback (most recent call last):
	  File "./bin/trial", line 24, in ?
	    run()
	  File "/home/buildbot/run/full2.4/Twisted/twisted/scripts/trial.py", line 677, in run
	    suite = reallyRun(config)
	  File "/home/buildbot/run/full2.4/Twisted/twisted/scripts/trial.py", line 656, in reallyRun
	    suite.run(config['random'])
	--- <exception caught here> ---
	  File "/home/buildbot/run/full2.4/Twisted/twisted/trial/runner.py", line 242, in run
	    tr.runTests(randomize=(seed is not None))
	  File "/home/buildbot/run/full2.4/Twisted/twisted/trial/runner.py", line 482, in runTests
	    runner.runTests(randomize)
	  File "/home/buildbot/run/full2.4/Twisted/twisted/trial/runner.py", line 606, in runTests
	    self._signalStateMgr.restore()
	  File "/home/buildbot/run/full2.4/Twisted/twisted/trial/util.py", line 39, in restore
	    signal.signal(signum, handler)
	exceptions.RuntimeError: (22, 'Invalid argument')
	

-!*@&-!*@&-!*@&-!*@&-!*@&-!*@&-!*@&-!*@&-!*@&-!*@&-!*@&-!*@&-!*@&-!*@&-!*@&-!*@&-!*@&-!*@&-!*@&-!*@&


/home/buildbot/run/full2.4/Twisted/twisted/cred/authorizer.py:103: exceptions.DeprecationWarning: Authorizers are deprecated, switch to portals/realms/etc.

/home/buildbot/run/full2.4/Twisted/twisted/test/test_pb.py:824: exceptions.DeprecationWarning: twisted.internet.app is deprecated, use twisted.application or the reactor instead.
testIdentityConnector (twisted.test.test_pb.ConnectionTestCase) ... 
/home/buildbot/run/full2.4/Twisted/twisted/test/test_pb.py:872: exceptions.DeprecationWarning: twisted.trial.util.deferredResult is DEPRECATED! Return a deferred from your test method, and trial will do the Right Thing. Alternatively, call twisted.trial.util.wait to block until the deferred fires.

/home/buildbot/run/full2.4/Twisted/twisted/spread/pb.py:1102: exceptions.DeprecationWarning: pb.Perspective is deprecated, please use pb.Avatar.

/home/buildbot/run/full2.4/Twisted/twisted/test/test_pb.py:873: exceptions.DeprecationWarning: twisted.trial.util.deferredResult is DEPRECATED! Return a deferred from your test method, and trial will do the Right Thing. Alternatively, call twisted.trial.util.wait to block until the deferred fires.

/home/buildbot/run/full2.4/Twisted/twisted/spread/pb.py:1102: exceptions.DeprecationWarning: pb.Perspective is deprecated, please use pb.Avatar.
[OK]

-!*@&-!*@&-!*@&-!*@&-!*@&-!*@&-!*@&-!*@&-!*@&-!*@&-!*@&-!*@&-!*@&-!*@&-!*@&-!*@&-!*@&-!*@&-!*@&-!*@&

	WHOOP! WHOOP! DANGER WILL ROBINSON! DANGER! WHOOP! WHOOP!
	caught exception in TestSuite! 

		TRIAL IS BROKEN!


	Traceback (most recent call last):
	  File "./bin/trial", line 24, in ?
	    run()
	  File "/home/buildbot/run/full2.4/Twisted/twisted/scripts/trial.py", line 677, in run
	    suite = reallyRun(config)
	  File "/home/buildbot/run/full2.4/Twisted/twisted/scripts/trial.py", line 656, in reallyRun
	    suite.run(config['random'])
	--- <exception caught here> ---
	  File "/home/buildbot/run/full2.4/Twisted/twisted/trial/runner.py", line 242, in run
	    tr.runTests(randomize=(seed is not None))
	  File "/home/buildbot/run/full2.4/Twisted/twisted/trial/runner.py", line 482, in runTests
	    runner.runTests(randomize)
	  File "/home/buildbot/run/full2.4/Twisted/twisted/trial/runner.py", line 606, in runTests
	    self._signalStateMgr.restore()
	  File "/home/buildbot/run/full2.4/Twisted/twisted/trial/util.py", line 39, in restore
	    signal.signal(signum, handler)
	exceptions.RuntimeError: (22, 'Invalid argument')
	

-!*@&-!*@&-!*@&-!*@&-!*@&-!*@&-!*@&-!*@&-!*@&-!*@&-!*@&-!*@&-!*@&-!*@&-!*@&-!*@&-!*@&-!*@&-!*@&-!*@&

testFailAndTrap (twisted.test.test_failure.FailureTestCase) ... [OK]

-!*@&-!*@&-!*@&-!*@&-!*@&-!*@&-!*@&-!*@&-!*@&-!*@&-!*@&-!*@&-!*@&-!*@&-!*@&-!*@&-!*@&-!*@&-!*@&-!*@&

	WHOOP! WHOOP! DANGER WILL ROBINSON! DANGER! WHOOP! WHOOP!
	caught exception in TestSuite! 

		TRIAL IS BROKEN!


	Traceback (most recent call last):
	  File "./bin/trial", line 24, in ?
	    run()
	  File "/home/buildbot/run/full2.4/Twisted/twisted/scripts/trial.py", line 677, in run
	    suite = reallyRun(config)
	  File "/home/buildbot/run/full2.4/Twisted/twisted/scripts/trial.py", line 656, in reallyRun
	    suite.run(config['random'])
	--- <exception caught here> ---
	  File "/home/buildbot/run/full2.4/Twisted/twisted/trial/runner.py", line 242, in run
	    tr.runTests(randomize=(seed is not None))
	  File "/home/buildbot/run/full2.4/Twisted/twisted/trial/runner.py", line 482, in runTests
	    runner.runTests(randomize)
	  File "/home/buildbot/run/full2.4/Twisted/twisted/trial/runner.py", line 606, in runTests
	    self._signalStateMgr.restore()
	  File "/home/buildbot/run/full2.4/Twisted/twisted/trial/util.py", line 39, in restore
	    signal.signal(signum, handler)
	exceptions.RuntimeError: (22, 'Invalid argument')
	

-!*@&-!*@&-!*@&-!*@&-!*@&-!*@&-!*@&-!*@&-!*@&-!*@&-!*@&-!*@&-!*@&-!*@&-!*@&-!*@&-!*@&-!*@&-!*@&-!*@&

testMethods (twisted.trial.test.test_tests.TestTests) ... 
-!*@&-!*@&-!*@&-!*@&-!*@&-!*@&-!*@&-!*@&-!*@&-!*@&-!*@&-!*@&-!*@&-!*@&-!*@&-!*@&-!*@&-!*@&-!*@&-!*@&

	WHOOP! WHOOP! DANGER WILL ROBINSON! DANGER! WHOOP! WHOOP!
	caught exception in TestSuite! 


		TRIAL IS BROKEN!


	Traceback (most recent call last):
	  File "/home/buildbot/run/full2.4/Twisted/twisted/trial/runner.py", line 395, in _runWithWarningFilters
	    return f(*a, **kw)
	  File "/home/buildbot/run/full2.4/Twisted/twisted/trial/runner.py", line 321, in <lambda>
	    lambda :util.wait(defer.maybeDeferred(self.original, *a, **kw),
	  File "/home/buildbot/run/full2.4/Twisted/twisted/internet/defer.py", line 117, in maybeDeferred
	    result = f(*args, **kw)
	  File "/home/buildbot/run/full2.4/Twisted/twisted/trial/test/test_tests.py", line 397, in testMethods
	    suite.run()
	--- <exception caught here> ---
	  File "/home/buildbot/run/full2.4/Twisted/twisted/trial/runner.py", line 242, in run
	    tr.runTests(randomize=(seed is not None))
	  File "/home/buildbot/run/full2.4/Twisted/twisted/trial/runner.py", line 606, in runTests
	    self._signalStateMgr.restore()
	  File "/home/buildbot/run/full2.4/Twisted/twisted/trial/util.py", line 39, in restore
	    signal.signal(signum, handler)
	exceptions.RuntimeError: (22, 'Invalid argument')
	

-!*@&-!*@&-!*@&-!*@&-!*@&-!*@&-!*@&-!*@&-!*@&-!*@&-!*@&-!*@&-!*@&-!*@&-!*@&-!*@&-!*@&-!*@&-!*@&-!*@&


-!*@&-!*@&-!*@&-!*@&-!*@&-!*@&-!*@&-!*@&-!*@&-!*@&-!*@&-!*@&-!*@&-!*@&-!*@&-!*@&-!*@&-!*@&-!*@&-!*@&

	WHOOP! WHOOP! DANGER WILL ROBINSON! DANGER! WHOOP! WHOOP!
	caught exception in TestSuite! 

		TRIAL IS BROKEN!


	Traceback (most recent call last):
	  File "/home/buildbot/run/full2.4/Twisted/twisted/trial/runner.py", line 395, in _runWithWarningFilters
	    return f(*a, **kw)
	  File "/home/buildbot/run/full2.4/Twisted/twisted/trial/runner.py", line 321, in <lambda>
	    lambda :util.wait(defer.maybeDeferred(self.original, *a, **kw),
	  File "/home/buildbot/run/full2.4/Twisted/twisted/internet/defer.py", line 117, in maybeDeferred
	    result = f(*args, **kw)
	  File "/home/buildbot/run/full2.4/Twisted/twisted/trial/test/test_tests.py", line 397, in testMethods
	    suite.run()
	--- <exception caught here> ---
	  File "/home/buildbot/run/full2.4/Twisted/twisted/trial/runner.py", line 242, in run
	    tr.runTests(randomize=(seed is not None))
	  File "/home/buildbot/run/full2.4/Twisted/twisted/trial/runner.py", line 606, in runTests
	    self._signalStateMgr.restore()
	  File "/home/buildbot/run/full2.4/Twisted/twisted/trial/util.py", line 39, in restore
	    signal.signal(signum, handler)
	exceptions.RuntimeError: (22, 'Invalid argument')
	

-!*@&-!*@&-!*@&-!*@&-!*@&-!*@&-!*@&-!*@&-!*@&-!*@&-!*@&-!*@&-!*@&-!*@&-!*@&-!*@&-!*@&-!*@&-!*@&-!*@&


-!*@&-!*@&-!*@&-!*@&-!*@&-!*@&-!*@&-!*@&-!*@&-!*@&-!*@&-!*@&-!*@&-!*@&-!*@&-!*@&-!*@&-!*@&-!*@&-!*@&

	WHOOP! WHOOP! DANGER WILL ROBINSON! DANGER! WHOOP! WHOOP!
	caught exception in TestSuite! 

		TRIAL IS BROKEN!


	Traceback (most recent call last):
	  File "/home/buildbot/run/full2.4/Twisted/twisted/trial/runner.py", line 395, in _runWithWarningFilters
	    return f(*a, **kw)
	  File "/home/buildbot/run/full2.4/Twisted/twisted/trial/runner.py", line 321, in <lambda>
	    lambda :util.wait(defer.maybeDeferred(self.original, *a, **kw),
	  File "/home/buildbot/run/full2.4/Twisted/twisted/internet/defer.py", line 117, in maybeDeferred
	    result = f(*args, **kw)
	  File "/home/buildbot/run/full2.4/Twisted/twisted/trial/test/test_tests.py", line 397, in testMethods
	    suite.run()
	--- <exception caught here> ---
	  File "/home/buildbot/run/full2.4/Twisted/twisted/trial/runner.py", line 242, in run
	    tr.runTests(randomize=(seed is not None))
	  File "/home/buildbot/run/full2.4/Twisted/twisted/trial/runner.py", line 606, in runTests
	    self._signalStateMgr.restore()
	  File "/home/buildbot/run/full2.4/Twisted/twisted/trial/util.py", line 39, in restore
	    signal.signal(signum, handler)
	exceptions.RuntimeError: (22, 'Invalid argument')
	

-!*@&-!*@&-!*@&-!*@&-!*@&-!*@&-!*@&-!*@&-!*@&-!*@&-!*@&-!*@&-!*@&-!*@&-!*@&-!*@&-!*@&-!*@&-!*@&-!*@&


-!*@&-!*@&-!*@&-!*@&-!*@&-!*@&-!*@&-!*@&-!*@&-!*@&-!*@&-!*@&-!*@&-!*@&-!*@&-!*@&-!*@&-!*@&-!*@&-!*@&

	WHOOP! WHOOP! DANGER WILL ROBINSON! DANGER! WHOOP! WHOOP!
	caught exception in TestSuite! 

		TRIAL IS BROKEN!


	Traceback (most recent call last):
	  File "/home/buildbot/run/full2.4/Twisted/twisted/trial/runner.py", line 395, in _runWithWarningFilters
	    return f(*a, **kw)
	  File "/home/buildbot/run/full2.4/Twisted/twisted/trial/runner.py", line 321, in <lambda>
	    lambda :util.wait(defer.maybeDeferred(self.original, *a, **kw),
	  File "/home/buildbot/run/full2.4/Twisted/twisted/internet/defer.py", line 117, in maybeDeferred
	    result = f(*args, **kw)
	  File "/home/buildbot/run/full2.4/Twisted/twisted/trial/test/test_tests.py", line 397, in testMethods
	    suite.run()
	--- <exception caught here> ---
	  File "/home/buildbot/run/full2.4/Twisted/twisted/trial/runner.py", line 242, in run
	    tr.runTests(randomize=(seed is not None))
	  File "/home/buildbot/run/full2.4/Twisted/twisted/trial/runner.py", line 606, in runTests
	    self._signalStateMgr.restore()
	  File "/home/buildbot/run/full2.4/Twisted/twisted/trial/util.py", line 39, in restore
	    signal.signal(signum, handler)
	exceptions.RuntimeError: (22, 'Invalid argument')
	

-!*@&-!*@&-!*@&-!*@&-!*@&-!*@&-!*@&-!*@&-!*@&-!*@&-!*@&-!*@&-!*@&-!*@&-!*@&-!*@&-!*@&-!*@&-!*@&-!*@&

[OK]

-!*@&-!*@&-!*@&-!*@&-!*@&-!*@&-!*@&-!*@&-!*@&-!*@&-!*@&-!*@&-!*@&-!*@&-!*@&-!*@&-!*@&-!*@&-!*@&-!*@&

	WHOOP! WHOOP! DANGER WILL ROBINSON! DANGER! WHOOP! WHOOP!
	caught exception in TestSuite! 

		TRIAL IS BROKEN!


	Traceback (most recent call last):
	  File "./bin/trial", line 24, in ?
	    run()
	  File "/home/buildbot/run/full2.4/Twisted/twisted/scripts/trial.py", line 677, in run
	    suite = reallyRun(config)
	  File "/home/buildbot/run/full2.4/Twisted/twisted/scripts/trial.py", line 656, in reallyRun
	    suite.run(config['random'])
	--- <exception caught here> ---
	  File "/home/buildbot/run/full2.4/Twisted/twisted/trial/runner.py", line 242, in run
	    tr.runTests(randomize=(seed is not None))
	  File "/home/buildbot/run/full2.4/Twisted/twisted/trial/runner.py", line 482, in runTests
	    runner.runTests(randomize)
	  File "/home/buildbot/run/full2.4/Twisted/twisted/trial/runner.py", line 606, in runTests
	    self._signalStateMgr.restore()
	  File "/home/buildbot/run/full2.4/Twisted/twisted/trial/util.py", line 39, in restore
	    signal.signal(signum, handler)
	exceptions.RuntimeError: (22, 'Invalid argument')
	

-!*@&-!*@&-!*@&-!*@&-!*@&-!*@&-!*@&-!*@&-!*@&-!*@&-!*@&-!*@&-!*@&-!*@&-!*@&-!*@&-!*@&-!*@&-!*@&-!*@&

testCookieHeaderParsing (twisted.web.test.test_webclient.CookieTestCase) ... [OK]

-!*@&-!*@&-!*@&-!*@&-!*@&-!*@&-!*@&-!*@&-!*@&-!*@&-!*@&-!*@&-!*@&-!*@&-!*@&-!*@&-!*@&-!*@&-!*@&-!*@&

	WHOOP! WHOOP! DANGER WILL ROBINSON! DANGER! WHOOP! WHOOP!
	caught exception in TestSuite! 

		TRIAL IS BROKEN!


	Traceback (most recent call last):
	  File "./bin/trial", line 24, in ?
	    run()
	  File "/home/buildbot/run/full2.4/Twisted/twisted/scripts/trial.py", line 677, in run
	    suite = reallyRun(config)
	  File "/home/buildbot/run/full2.4/Twisted/twisted/scripts/trial.py", line 656, in reallyRun
	    suite.run(config['random'])
	--- <exception caught here> ---
	  File "/home/buildbot/run/full2.4/Twisted/twisted/trial/runner.py", line 242, in run
	    tr.runTests(randomize=(seed is not None))
	  File "/home/buildbot/run/full2.4/Twisted/twisted/trial/runner.py", line 482, in runTests
	    runner.runTests(randomize)
	  File "/home/buildbot/run/full2.4/Twisted/twisted/trial/runner.py", line 606, in runTests
	    self._signalStateMgr.restore()
	  File "/home/buildbot/run/full2.4/Twisted/twisted/trial/util.py", line 39, in restore
	    signal.signal(signum, handler)
	exceptions.RuntimeError: (22, 'Invalid argument')
	

-!*@&-!*@&-!*@&-!*@&-!*@&-!*@&-!*@&-!*@&-!*@&-!*@&-!*@&-!*@&-!*@&-!*@&-!*@&-!*@&-!*@&-!*@&-!*@&-!*@&

testLink (twisted.conch.test.test_cftp.TestOurServerCmdLineClient) ... [OK]

/home/buildbot/run/full2.4/Twisted/twisted/trial/reporter.py:237: twisted.trial.reporter.BrokenTestCaseWarning: REACTOR UNCLEAN! traceback(s) follow: 

Failure: twisted.trial.util.DirtyReactorWarning: THIS WILL BECOME AN ERROR SOON! reactor left in unclean state, the following Selectables were left over: ['<twisted.internet.process.ProcessReader instance at 0x41135f4c>', '<twisted.internet.process.ProcessWriter instance at 0x41135f2c>', '<twisted.internet.process.ProcessReader instance at 0x41135f8c>', '<SSHTestServer #0 on 0>', '<twisted.conch.test.test_conch.SSHTestFactory on 55229>']


-!*@&-!*@&-!*@&-!*@&-!*@&-!*@&-!*@&-!*@&-!*@&-!*@&-!*@&-!*@&-!*@&-!*@&-!*@&-!*@&-!*@&-!*@&-!*@&-!*@&

	WHOOP! WHOOP! DANGER WILL ROBINSON! DANGER! WHOOP! WHOOP!
	caught exception in TestSuite! 

		TRIAL IS BROKEN!


	Traceback (most recent call last):
	  File "./bin/trial", line 24, in ?
	    run()
	  File "/home/buildbot/run/full2.4/Twisted/twisted/scripts/trial.py", line 677, in run
	    suite = reallyRun(config)
	  File "/home/buildbot/run/full2.4/Twisted/twisted/scripts/trial.py", line 656, in reallyRun
	    suite.run(config['random'])
	--- <exception caught here> ---
	  File "/home/buildbot/run/full2.4/Twisted/twisted/trial/runner.py", line 242, in run
	    tr.runTests(randomize=(seed is not None))
	  File "/home/buildbot/run/full2.4/Twisted/twisted/trial/runner.py", line 482, in runTests
	    runner.runTests(randomize)
	  File "/home/buildbot/run/full2.4/Twisted/twisted/trial/runner.py", line 606, in runTests
	    self._signalStateMgr.restore()
	  File "/home/buildbot/run/full2.4/Twisted/twisted/trial/util.py", line 39, in restore
	    signal.signal(signum, handler)
	exceptions.RuntimeError: (22, 'Invalid argument')
	

-!*@&-!*@&-!*@&-!*@&-!*@&-!*@&-!*@&-!*@&-!*@&-!*@&-!*@&-!*@&-!*@&-!*@&-!*@&-!*@&-!*@&-!*@&-!*@&-!*@&

testDeferredListDontConsumeErrors (twisted.test.test_defer.DeferredTestCase) ... [OK]

-!*@&-!*@&-!*@&-!*@&-!*@&-!*@&-!*@&-!*@&-!*@&-!*@&-!*@&-!*@&-!*@&-!*@&-!*@&-!*@&-!*@&-!*@&-!*@&-!*@&

	WHOOP! WHOOP! DANGER WILL ROBINSON! DANGER! WHOOP! WHOOP!
	caught exception in TestSuite! 

		TRIAL IS BROKEN!


	Traceback (most recent call last):
	  File "./bin/trial", line 24, in ?
	    run()
	  File "/home/buildbot/run/full2.4/Twisted/twisted/scripts/trial.py", line 677, in run
	    suite = reallyRun(config)
	  File "/home/buildbot/run/full2.4/Twisted/twisted/scripts/trial.py", line 656, in reallyRun
	    suite.run(config['random'])
	--- <exception caught here> ---
	  File "/home/buildbot/run/full2.4/Twisted/twisted/trial/runner.py", line 242, in run
	    tr.runTests(randomize=(seed is not None))
	  File "/home/buildbot/run/full2.4/Twisted/twisted/trial/runner.py", line 482, in runTests
	    runner.runTests(randomize)
	  File "/home/buildbot/run/full2.4/Twisted/twisted/trial/runner.py", line 606, in runTests
	    self._signalStateMgr.restore()
	  File "/home/buildbot/run/full2.4/Twisted/twisted/trial/util.py", line 39, in restore
	    signal.signal(signum, handler)
	exceptions.RuntimeError: (22, 'Invalid argument')
	

-!*@&-!*@&-!*@&-!*@&-!*@&-!*@&-!*@&-!*@&-!*@&-!*@&-!*@&-!*@&-!*@&-!*@&-!*@&-!*@&-!*@&-!*@&-!*@&-!*@&


-!*@&-!*@&-!*@&-!*@&-!*@&-!*@&-!*@&-!*@&-!*@&-!*@&-!*@&-!*@&-!*@&-!*@&-!*@&-!*@&-!*@&-!*@&-!*@&-!*@&

	WHOOP! WHOOP! DANGER WILL ROBINSON! DANGER! WHOOP! WHOOP!
	caught exception in TestSuite! 

		TRIAL IS BROKEN!


	Traceback (most recent call last):
	  File "./bin/trial", line 24, in ?
	    run()
	  File "/home/buildbot/run/full2.4/Twisted/twisted/scripts/trial.py", line 677, in run
	    suite = reallyRun(config)
	  File "/home/buildbot/run/full2.4/Twisted/twisted/scripts/trial.py", line 656, in reallyRun
	    suite.run(config['random'])
	--- <exception caught here> ---
	  File "/home/buildbot/run/full2.4/Twisted/twisted/trial/runner.py", line 242, in run
	    tr.runTests(randomize=(seed is not None))
	  File "/home/buildbot/run/full2.4/Twisted/twisted/trial/runner.py", line 482, in runTests
	    runner.runTests(randomize)
	  File "/home/buildbot/run/full2.4/Twisted/twisted/trial/runner.py", line 606, in runTests
	    self._signalStateMgr.restore()
	  File "/home/buildbot/run/full2.4/Twisted/twisted/trial/util.py", line 39, in restore
	    signal.signal(signum, handler)
	exceptions.RuntimeError: (22, 'Invalid argument')
	

-!*@&-!*@&-!*@&-!*@&-!*@&-!*@&-!*@&-!*@&-!*@&-!*@&-!*@&-!*@&-!*@&-!*@&-!*@&-!*@&-!*@&-!*@&-!*@&-!*@&

testChildString (twisted.test.test_paths.URLPathTestCase) ... [OK]

-!*@&-!*@&-!*@&-!*@&-!*@&-!*@&-!*@&-!*@&-!*@&-!*@&-!*@&-!*@&-!*@&-!*@&-!*@&-!*@&-!*@&-!*@&-!*@&-!*@&

	WHOOP! WHOOP! DANGER WILL ROBINSON! DANGER! WHOOP! WHOOP!
	caught exception in TestSuite! 

		TRIAL IS BROKEN!


	Traceback (most recent call last):
	  File "./bin/trial", line 24, in ?
	    run()
	  File "/home/buildbot/run/full2.4/Twisted/twisted/scripts/trial.py", line 677, in run
	    suite = reallyRun(config)
	  File "/home/buildbot/run/full2.4/Twisted/twisted/scripts/trial.py", line 656, in reallyRun
	    suite.run(config['random'])
	--- <exception caught here> ---
	  File "/home/buildbot/run/full2.4/Twisted/twisted/trial/runner.py", line 242, in run
	    tr.runTests(randomize=(seed is not None))
	  File "/home/buildbot/run/full2.4/Twisted/twisted/trial/runner.py", line 482, in runTests
	    runner.runTests(randomize)
	  File "/home/buildbot/run/full2.4/Twisted/twisted/trial/runner.py", line 606, in runTests
	    self._signalStateMgr.restore()
	  File "/home/buildbot/run/full2.4/Twisted/twisted/trial/util.py", line 39, in restore
	    signal.signal(signum, handler)
	exceptions.RuntimeError: (22, 'Invalid argument')
	

-!*@&-!*@&-!*@&-!*@&-!*@&-!*@&-!*@&-!*@&-!*@&-!*@&-!*@&-!*@&-!*@&-!*@&-!*@&-!*@&-!*@&-!*@&-!*@&-!*@&

testLoopback (twisted.web.test.test_http.HTTPLoopbackTestCase) ... [OK]

-!*@&-!*@&-!*@&-!*@&-!*@&-!*@&-!*@&-!*@&-!*@&-!*@&-!*@&-!*@&-!*@&-!*@&-!*@&-!*@&-!*@&-!*@&-!*@&-!*@&

	WHOOP! WHOOP! DANGER WILL ROBINSON! DANGER! WHOOP! WHOOP!
	caught exception in TestSuite! 

		TRIAL IS BROKEN!


	Traceback (most recent call last):
	  File "./bin/trial", line 24, in ?
	    run()
	  File "/home/buildbot/run/full2.4/Twisted/twisted/scripts/trial.py", line 677, in run
	    suite = reallyRun(config)
	  File "/home/buildbot/run/full2.4/Twisted/twisted/scripts/trial.py", line 656, in reallyRun
	    suite.run(config['random'])
	--- <exception caught here> ---
	  File "/home/buildbot/run/full2.4/Twisted/twisted/trial/runner.py", line 242, in run
	    tr.runTests(randomize=(seed is not None))
	  File "/home/buildbot/run/full2.4/Twisted/twisted/trial/runner.py", line 482, in runTests
	    runner.runTests(randomize)
	  File "/home/buildbot/run/full2.4/Twisted/twisted/trial/runner.py", line 606, in runTests
	    self._signalStateMgr.restore()
	  File "/home/buildbot/run/full2.4/Twisted/twisted/trial/util.py", line 39, in restore
	    signal.signal(signum, handler)
	exceptions.RuntimeError: (22, 'Invalid argument')
	

-!*@&-!*@&-!*@&-!*@&-!*@&-!*@&-!*@&-!*@&-!*@&-!*@&-!*@&-!*@&-!*@&-!*@&-!*@&-!*@&-!*@&-!*@&-!*@&-!*@&

testQuoting (twisted.test.test_enterprise.QuotingTestCase) ... [OK]

-!*@&-!*@&-!*@&-!*@&-!*@&-!*@&-!*@&-!*@&-!*@&-!*@&-!*@&-!*@&-!*@&-!*@&-!*@&-!*@&-!*@&-!*@&-!*@&-!*@&

	WHOOP! WHOOP! DANGER WILL ROBINSON! DANGER! WHOOP! WHOOP!
	caught exception in TestSuite! 

		TRIAL IS BROKEN!


	Traceback (most recent call last):
	  File "./bin/trial", line 24, in ?
	    run()
	  File "/home/buildbot/run/full2.4/Twisted/twisted/scripts/trial.py", line 677, in run
	    suite = reallyRun(config)
	  File "/home/buildbot/run/full2.4/Twisted/twisted/scripts/trial.py", line 656, in reallyRun
	    suite.run(config['random'])
	--- <exception caught here> ---
	  File "/home/buildbot/run/full2.4/Twisted/twisted/trial/runner.py", line 242, in run
	    tr.runTests(randomize=(seed is not None))
	  File "/home/buildbot/run/full2.4/Twisted/twisted/trial/runner.py", line 482, in runTests
	    runner.runTests(randomize)
	  File "/home/buildbot/run/full2.4/Twisted/twisted/trial/runner.py", line 606, in runTests
	    self._signalStateMgr.restore()
	  File "/home/buildbot/run/full2.4/Twisted/twisted/trial/util.py", line 39, in restore
	    signal.signal(signum, handler)
	exceptions.RuntimeError: (22, 'Invalid argument')
	

-!*@&-!*@&-!*@&-!*@&-!*@&-!*@&-!*@&-!*@&-!*@&-!*@&-!*@&-!*@&-!*@&-!*@&-!*@&-!*@&-!*@&-!*@&-!*@&-!*@&

testStopTrying (twisted.test.test_factories.ReconnectingFactoryTestCase) ... [OK]

-!*@&-!*@&-!*@&-!*@&-!*@&-!*@&-!*@&-!*@&-!*@&-!*@&-!*@&-!*@&-!*@&-!*@&-!*@&-!*@&-!*@&-!*@&-!*@&-!*@&

	WHOOP! WHOOP! DANGER WILL ROBINSON! DANGER! WHOOP! WHOOP!
	caught exception in TestSuite! 

		TRIAL IS BROKEN!


	Traceback (most recent call last):
	  File "./bin/trial", line 24, in ?
	    run()
	  File "/home/buildbot/run/full2.4/Twisted/twisted/scripts/trial.py", line 677, in run
	    suite = reallyRun(config)
	  File "/home/buildbot/run/full2.4/Twisted/twisted/scripts/trial.py", line 656, in reallyRun
	    suite.run(config['random'])
	--- <exception caught here> ---
	  File "/home/buildbot/run/full2.4/Twisted/twisted/trial/runner.py", line 242, in run
	    tr.runTests(randomize=(seed is not None))
	  File "/home/buildbot/run/full2.4/Twisted/twisted/trial/runner.py", line 482, in runTests
	    runner.runTests(randomize)
	  File "/home/buildbot/run/full2.4/Twisted/twisted/trial/runner.py", line 606, in runTests
	    self._signalStateMgr.restore()
	  File "/home/buildbot/run/full2.4/Twisted/twisted/trial/util.py", line 39, in restore
	    signal.signal(signum, handler)
	exceptions.RuntimeError: (22, 'Invalid argument')
	

-!*@&-!*@&-!*@&-!*@&-!*@&-!*@&-!*@&-!*@&-!*@&-!*@&-!*@&-!*@&-!*@&-!*@&-!*@&-!*@&-!*@&-!*@&-!*@&-!*@&

testOnetimeDispatch (twisted.xish.test.test_xishutil.EventDispatcherTest) ... [OK]

-!*@&-!*@&-!*@&-!*@&-!*@&-!*@&-!*@&-!*@&-!*@&-!*@&-!*@&-!*@&-!*@&-!*@&-!*@&-!*@&-!*@&-!*@&-!*@&-!*@&

	WHOOP! WHOOP! DANGER WILL ROBINSON! DANGER! WHOOP! WHOOP!
	caught exception in TestSuite! 

		TRIAL IS BROKEN!


	Traceback (most recent call last):
	  File "./bin/trial", line 24, in ?
	    run()
	  File "/home/buildbot/run/full2.4/Twisted/twisted/scripts/trial.py", line 677, in run
	    suite = reallyRun(config)
	  File "/home/buildbot/run/full2.4/Twisted/twisted/scripts/trial.py", line 656, in reallyRun
	    suite.run(config['random'])
	--- <exception caught here> ---
	  File "/home/buildbot/run/full2.4/Twisted/twisted/trial/runner.py", line 242, in run
	    tr.runTests(randomize=(seed is not None))
	  File "/home/buildbot/run/full2.4/Twisted/twisted/trial/runner.py", line 482, in runTests
	    runner.runTests(randomize)
	  File "/home/buildbot/run/full2.4/Twisted/twisted/trial/runner.py", line 606, in runTests
	    self._signalStateMgr.restore()
	  File "/home/buildbot/run/full2.4/Twisted/twisted/trial/util.py", line 39, in restore
	    signal.signal(signum, handler)
	exceptions.RuntimeError: (22, 'Invalid argument')
	

-!*@&-!*@&-!*@&-!*@&-!*@&-!*@&-!*@&-!*@&-!*@&-!*@&-!*@&-!*@&-!*@&-!*@&-!*@&-!*@&-!*@&-!*@&-!*@&-!*@&

testWaiting (twisted.test.test_lockfile.LockFileTest) ... [OK]

-!*@&-!*@&-!*@&-!*@&-!*@&-!*@&-!*@&-!*@&-!*@&-!*@&-!*@&-!*@&-!*@&-!*@&-!*@&-!*@&-!*@&-!*@&-!*@&-!*@&

	WHOOP! WHOOP! DANGER WILL ROBINSON! DANGER! WHOOP! WHOOP!
	caught exception in TestSuite! 

		TRIAL IS BROKEN!


	Traceback (most recent call last):
	  File "./bin/trial", line 24, in ?
	    run()
	  File "/home/buildbot/run/full2.4/Twisted/twisted/scripts/trial.py", line 677, in run
	    suite = reallyRun(config)
	  File "/home/buildbot/run/full2.4/Twisted/twisted/scripts/trial.py", line 656, in reallyRun
	    suite.run(config['random'])
	--- <exception caught here> ---
	  File "/home/buildbot/run/full2.4/Twisted/twisted/trial/runner.py", line 242, in run
	    tr.runTests(randomize=(seed is not None))
	  File "/home/buildbot/run/full2.4/Twisted/twisted/trial/runner.py", line 482, in runTests
	    runner.runTests(randomize)
	  File "/home/buildbot/run/full2.4/Twisted/twisted/trial/runner.py", line 606, in runTests
	    self._signalStateMgr.restore()
	  File "/home/buildbot/run/full2.4/Twisted/twisted/trial/util.py", line 39, in restore
	    signal.signal(signum, handler)
	exceptions.RuntimeError: (22, 'Invalid argument')
	

-!*@&-!*@&-!*@&-!*@&-!*@&-!*@&-!*@&-!*@&-!*@&-!*@&-!*@&-!*@&-!*@&-!*@&-!*@&-!*@&-!*@&-!*@&-!*@&-!*@&

testParse (twisted.words.test.test_jabberjid.JIDParsingTest) ... [OK]

-!*@&-!*@&-!*@&-!*@&-!*@&-!*@&-!*@&-!*@&-!*@&-!*@&-!*@&-!*@&-!*@&-!*@&-!*@&-!*@&-!*@&-!*@&-!*@&-!*@&

	WHOOP! WHOOP! DANGER WILL ROBINSON! DANGER! WHOOP! WHOOP!
	caught exception in TestSuite! 

		TRIAL IS BROKEN!


	Traceback (most recent call last):
	  File "./bin/trial", line 24, in ?
	    run()
	  File "/home/buildbot/run/full2.4/Twisted/twisted/scripts/trial.py", line 677, in run
	    suite = reallyRun(config)
	  File "/home/buildbot/run/full2.4/Twisted/twisted/scripts/trial.py", line 656, in reallyRun
	    suite.run(config['random'])
	--- <exception caught here> ---
	  File "/home/buildbot/run/full2.4/Twisted/twisted/trial/runner.py", line 242, in run
	    tr.runTests(randomize=(seed is not None))
	  File "/home/buildbot/run/full2.4/Twisted/twisted/trial/runner.py", line 482, in runTests
	    runner.runTests(randomize)
	  File "/home/buildbot/run/full2.4/Twisted/twisted/trial/runner.py", line 606, in runTests
	    self._signalStateMgr.restore()
	  File "/home/buildbot/run/full2.4/Twisted/twisted/trial/util.py", line 39, in restore
	    signal.signal(signum, handler)
	exceptions.RuntimeError: (22, 'Invalid argument')
	

-!*@&-!*@&-!*@&-!*@&-!*@&-!*@&-!*@&-!*@&-!*@&-!*@&-!*@&-!*@&-!*@&-!*@&-!*@&-!*@&-!*@&-!*@&-!*@&-!*@&

testTypeGuesser (twisted.test.test_sob.PersistTestCase) ... [OK]

-!*@&-!*@&-!*@&-!*@&-!*@&-!*@&-!*@&-!*@&-!*@&-!*@&-!*@&-!*@&-!*@&-!*@&-!*@&-!*@&-!*@&-!*@&-!*@&-!*@&

	WHOOP! WHOOP! DANGER WILL ROBINSON! DANGER! WHOOP! WHOOP!
	caught exception in TestSuite! 

		TRIAL IS BROKEN!


	Traceback (most recent call last):
	  File "./bin/trial", line 24, in ?
	    run()
	  File "/home/buildbot/run/full2.4/Twisted/twisted/scripts/trial.py", line 677, in run
	    suite = reallyRun(config)
	  File "/home/buildbot/run/full2.4/Twisted/twisted/scripts/trial.py", line 656, in reallyRun
	    suite.run(config['random'])
	--- <exception caught here> ---
	  File "/home/buildbot/run/full2.4/Twisted/twisted/trial/runner.py", line 242, in run
	    tr.runTests(randomize=(seed is not None))
	  File "/home/buildbot/run/full2.4/Twisted/twisted/trial/runner.py", line 482, in runTests
	    runner.runTests(randomize)
	  File "/home/buildbot/run/full2.4/Twisted/twisted/trial/runner.py", line 606, in runTests
	    self._signalStateMgr.restore()
	  File "/home/buildbot/run/full2.4/Twisted/twisted/trial/util.py", line 39, in restore
	    signal.signal(signum, handler)
	exceptions.RuntimeError: (22, 'Invalid argument')
	

-!*@&-!*@&-!*@&-!*@&-!*@&-!*@&-!*@&-!*@&-!*@&-!*@&-!*@&-!*@&-!*@&-!*@&-!*@&-!*@&-!*@&-!*@&-!*@&-!*@&

test_1_f (twisted.test.test_text.StrFileTest) ... [OK]

-!*@&-!*@&-!*@&-!*@&-!*@&-!*@&-!*@&-!*@&-!*@&-!*@&-!*@&-!*@&-!*@&-!*@&-!*@&-!*@&-!*@&-!*@&-!*@&-!*@&

	WHOOP! WHOOP! DANGER WILL ROBINSON! DANGER! WHOOP! WHOOP!
	caught exception in TestSuite! 

		TRIAL IS BROKEN!


	Traceback (most recent call last):
	  File "./bin/trial", line 24, in ?
	    run()
	  File "/home/buildbot/run/full2.4/Twisted/twisted/scripts/trial.py", line 677, in run
	    suite = reallyRun(config)
	  File "/home/buildbot/run/full2.4/Twisted/twisted/scripts/trial.py", line 656, in reallyRun
	    suite.run(config['random'])
	--- <exception caught here> ---
	  File "/home/buildbot/run/full2.4/Twisted/twisted/trial/runner.py", line 242, in run
	    tr.runTests(randomize=(seed is not None))
	  File "/home/buildbot/run/full2.4/Twisted/twisted/trial/runner.py", line 482, in runTests
	    runner.runTests(randomize)
	  File "/home/buildbot/run/full2.4/Twisted/twisted/trial/runner.py", line 606, in runTests
	    self._signalStateMgr.restore()
	  File "/home/buildbot/run/full2.4/Twisted/twisted/trial/util.py", line 39, in restore
	    signal.signal(signum, handler)
	exceptions.RuntimeError: (22, 'Invalid argument')
	

-!*@&-!*@&-!*@&-!*@&-!*@&-!*@&-!*@&-!*@&-!*@&-!*@&-!*@&-!*@&-!*@&-!*@&-!*@&-!*@&-!*@&-!*@&-!*@&-!*@&

testAddingBadProtos_TooBig (twisted.pair.test.test_ethernet.EthernetTestCase) ... [OK]

-!*@&-!*@&-!*@&-!*@&-!*@&-!*@&-!*@&-!*@&-!*@&-!*@&-!*@&-!*@&-!*@&-!*@&-!*@&-!*@&-!*@&-!*@&-!*@&-!*@&

	WHOOP! WHOOP! DANGER WILL ROBINSON! DANGER! WHOOP! WHOOP!
	caught exception in TestSuite! 

		TRIAL IS BROKEN!


	Traceback (most recent call last):
	  File "./bin/trial", line 24, in ?
	    run()
	  File "/home/buildbot/run/full2.4/Twisted/twisted/scripts/trial.py", line 677, in run
	    suite = reallyRun(config)
	  File "/home/buildbot/run/full2.4/Twisted/twisted/scripts/trial.py", line 656, in reallyRun
	    suite.run(config['random'])
	--- <exception caught here> ---
	  File "/home/buildbot/run/full2.4/Twisted/twisted/trial/runner.py", line 242, in run
	    tr.runTests(randomize=(seed is not None))
	  File "/home/buildbot/run/full2.4/Twisted/twisted/trial/runner.py", line 482, in runTests
	    runner.runTests(randomize)
	  File "/home/buildbot/run/full2.4/Twisted/twisted/trial/runner.py", line 606, in runTests
	    self._signalStateMgr.restore()
	  File "/home/buildbot/run/full2.4/Twisted/twisted/trial/util.py", line 39, in restore
	    signal.signal(signum, handler)
	exceptions.RuntimeError: (22, 'Invalid argument')
	

-!*@&-!*@&-!*@&-!*@&-!*@&-!*@&-!*@&-!*@&-!*@&-!*@&-!*@&-!*@&-!*@&-!*@&-!*@&-!*@&-!*@&-!*@&-!*@&-!*@&

testChdir (twisted.test.test_release.UtilityTest) ... [OK]

-!*@&-!*@&-!*@&-!*@&-!*@&-!*@&-!*@&-!*@&-!*@&-!*@&-!*@&-!*@&-!*@&-!*@&-!*@&-!*@&-!*@&-!*@&-!*@&-!*@&

	WHOOP! WHOOP! DANGER WILL ROBINSON! DANGER! WHOOP! WHOOP!
	caught exception in TestSuite! 

		TRIAL IS BROKEN!


	Traceback (most recent call last):
	  File "./bin/trial", line 24, in ?
	    run()
	  File "/home/buildbot/run/full2.4/Twisted/twisted/scripts/trial.py", line 677, in run
	    suite = reallyRun(config)
	  File "/home/buildbot/run/full2.4/Twisted/twisted/scripts/trial.py", line 656, in reallyRun
	    suite.run(config['random'])
	--- <exception caught here> ---
	  File "/home/buildbot/run/full2.4/Twisted/twisted/trial/runner.py", line 242, in run
	    tr.runTests(randomize=(seed is not None))
	  File "/home/buildbot/run/full2.4/Twisted/twisted/trial/runner.py", line 482, in runTests
	    runner.runTests(randomize)
	  File "/home/buildbot/run/full2.4/Twisted/twisted/trial/runner.py", line 606, in runTests
	    self._signalStateMgr.restore()
	  File "/home/buildbot/run/full2.4/Twisted/twisted/trial/util.py", line 39, in restore
	    signal.signal(signum, handler)
	exceptions.RuntimeError: (22, 'Invalid argument')
	

-!*@&-!*@&-!*@&-!*@&-!*@&-!*@&-!*@&-!*@&-!*@&-!*@&-!*@&-!*@&-!*@&-!*@&-!*@&-!*@&-!*@&-!*@&-!*@&-!*@&

testGet (twisted.test.test_timeoutqueue.TimeoutQueueTest) ... [OK]

-!*@&-!*@&-!*@&-!*@&-!*@&-!*@&-!*@&-!*@&-!*@&-!*@&-!*@&-!*@&-!*@&-!*@&-!*@&-!*@&-!*@&-!*@&-!*@&-!*@&

	WHOOP! WHOOP! DANGER WILL ROBINSON! DANGER! WHOOP! WHOOP!
	caught exception in TestSuite! 

		TRIAL IS BROKEN!


	Traceback (most recent call last):
	  File "./bin/trial", line 24, in ?
	    run()
	  File "/home/buildbot/run/full2.4/Twisted/twisted/scripts/trial.py", line 677, in run
	    suite = reallyRun(config)
	  File "/home/buildbot/run/full2.4/Twisted/twisted/scripts/trial.py", line 656, in reallyRun
	    suite.run(config['random'])
	--- <exception caught here> ---
	  File "/home/buildbot/run/full2.4/Twisted/twisted/trial/runner.py", line 242, in run
	    tr.runTests(randomize=(seed is not None))
	  File "/home/buildbot/run/full2.4/Twisted/twisted/trial/runner.py", line 482, in runTests
	    runner.runTests(randomize)
	  File "/home/buildbot/run/full2.4/Twisted/twisted/trial/runner.py", line 606, in runTests
	    self._signalStateMgr.restore()
	  File "/home/buildbot/run/full2.4/Twisted/twisted/trial/util.py", line 39, in restore
	    signal.signal(signum, handler)
	exceptions.RuntimeError: (22, 'Invalid argument')
	

-!*@&-!*@&-!*@&-!*@&-!*@&-!*@&-!*@&-!*@&-!*@&-!*@&-!*@&-!*@&-!*@&-!*@&-!*@&-!*@&-!*@&-!*@&-!*@&-!*@&

testFilter (twisted.flow.test.test_flow.FlowTest) ... [OK]

-!*@&-!*@&-!*@&-!*@&-!*@&-!*@&-!*@&-!*@&-!*@&-!*@&-!*@&-!*@&-!*@&-!*@&-!*@&-!*@&-!*@&-!*@&-!*@&-!*@&

	WHOOP! WHOOP! DANGER WILL ROBINSON! DANGER! WHOOP! WHOOP!
	caught exception in TestSuite! 

		TRIAL IS BROKEN!


	Traceback (most recent call last):
	  File "./bin/trial", line 24, in ?
	    run()
	  File "/home/buildbot/run/full2.4/Twisted/twisted/scripts/trial.py", line 677, in run
	    suite = reallyRun(config)
	  File "/home/buildbot/run/full2.4/Twisted/twisted/scripts/trial.py", line 656, in reallyRun
	    suite.run(config['random'])
	--- <exception caught here> ---
	  File "/home/buildbot/run/full2.4/Twisted/twisted/trial/runner.py", line 242, in run
	    tr.runTests(randomize=(seed is not None))
	  File "/home/buildbot/run/full2.4/Twisted/twisted/trial/runner.py", line 482, in runTests
	    runner.runTests(randomize)
	  File "/home/buildbot/run/full2.4/Twisted/twisted/trial/runner.py", line 606, in runTests
	    self._signalStateMgr.restore()
	  File "/home/buildbot/run/full2.4/Twisted/twisted/trial/util.py", line 39, in restore
	    signal.signal(signum, handler)
	exceptions.RuntimeError: (22, 'Invalid argument')
	

-!*@&-!*@&-!*@&-!*@&-!*@&-!*@&-!*@&-!*@&-!*@&-!*@&-!*@&-!*@&-!*@&-!*@&-!*@&-!*@&-!*@&-!*@&-!*@&-!*@&

testClassLookup (twisted.test.test_reflect.LookupsTestCase) ... [OK]

-!*@&-!*@&-!*@&-!*@&-!*@&-!*@&-!*@&-!*@&-!*@&-!*@&-!*@&-!*@&-!*@&-!*@&-!*@&-!*@&-!*@&-!*@&-!*@&-!*@&

	WHOOP! WHOOP! DANGER WILL ROBINSON! DANGER! WHOOP! WHOOP!
	caught exception in TestSuite! 

		TRIAL IS BROKEN!


	Traceback (most recent call last):
	  File "./bin/trial", line 24, in ?
	    run()
	  File "/home/buildbot/run/full2.4/Twisted/twisted/scripts/trial.py", line 677, in run
	    suite = reallyRun(config)
	  File "/home/buildbot/run/full2.4/Twisted/twisted/scripts/trial.py", line 656, in reallyRun
	    suite.run(config['random'])
	--- <exception caught here> ---
	  File "/home/buildbot/run/full2.4/Twisted/twisted/trial/runner.py", line 242, in run
	    tr.runTests(randomize=(seed is not None))
	  File "/home/buildbot/run/full2.4/Twisted/twisted/trial/runner.py", line 482, in runTests
	    runner.runTests(randomize)
	  File "/home/buildbot/run/full2.4/Twisted/twisted/trial/runner.py", line 606, in runTests
	    self._signalStateMgr.restore()
	  File "/home/buildbot/run/full2.4/Twisted/twisted/trial/util.py", line 39, in restore
	    signal.signal(signum, handler)
	exceptions.RuntimeError: (22, 'Invalid argument')
	

-!*@&-!*@&-!*@&-!*@&-!*@&-!*@&-!*@&-!*@&-!*@&-!*@&-!*@&-!*@&-!*@&-!*@&-!*@&-!*@&-!*@&-!*@&-!*@&-!*@&

testListMethods (twisted.web.test.test_xmlrpc.XMLRPCTestIntrospection) ... 
/home/buildbot/run/full2.4/Twisted/twisted/web/test/test_xmlrpc.py:144: exceptions.DeprecationWarning: twisted.trial.util.deferredResult is DEPRECATED! Return a deferred from your test method, and trial will do the Right Thing. Alternatively, call twisted.trial.util.wait to block until the deferred fires.
[OK]

-!*@&-!*@&-!*@&-!*@&-!*@&-!*@&-!*@&-!*@&-!*@&-!*@&-!*@&-!*@&-!*@&-!*@&-!*@&-!*@&-!*@&-!*@&-!*@&-!*@&

	WHOOP! WHOOP! DANGER WILL ROBINSON! DANGER! WHOOP! WHOOP!
	caught exception in TestSuite! 

		TRIAL IS BROKEN!


	Traceback (most recent call last):
	  File "./bin/trial", line 24, in ?
	    run()
	  File "/home/buildbot/run/full2.4/Twisted/twisted/scripts/trial.py", line 677, in run
	    suite = reallyRun(config)
	  File "/home/buildbot/run/full2.4/Twisted/twisted/scripts/trial.py", line 656, in reallyRun
	    suite.run(config['random'])
	--- <exception caught here> ---
	  File "/home/buildbot/run/full2.4/Twisted/twisted/trial/runner.py", line 242, in run
	    tr.runTests(randomize=(seed is not None))
	  File "/home/buildbot/run/full2.4/Twisted/twisted/trial/runner.py", line 482, in runTests
	    runner.runTests(randomize)
	  File "/home/buildbot/run/full2.4/Twisted/twisted/trial/runner.py", line 606, in runTests
	    self._signalStateMgr.restore()
	  File "/home/buildbot/run/full2.4/Twisted/twisted/trial/util.py", line 39, in restore
	    signal.signal(signum, handler)
	exceptions.RuntimeError: (22, 'Invalid argument')
	

-!*@&-!*@&-!*@&-!*@&-!*@&-!*@&-!*@&-!*@&-!*@&-!*@&-!*@&-!*@&-!*@&-!*@&-!*@&-!*@&-!*@&-!*@&-!*@&-!*@&

testTracebackReporting (twisted.trial.test.test_reporter.TestReporter) ... 
-!*@&-!*@&-!*@&-!*@&-!*@&-!*@&-!*@&-!*@&-!*@&-!*@&-!*@&-!*@&-!*@&-!*@&-!*@&-!*@&-!*@&-!*@&-!*@&-!*@&

	WHOOP! WHOOP! DANGER WILL ROBINSON! DANGER! WHOOP! WHOOP!
	caught exception in TestSuite! 

		TRIAL IS BROKEN!


	Traceback (most recent call last):
	  File "/home/buildbot/run/full2.4/Twisted/twisted/trial/runner.py", line 395, in _runWithWarningFilters
	    return f(*a, **kw)
	  File "/home/buildbot/run/full2.4/Twisted/twisted/trial/runner.py", line 321, in <lambda>
	    lambda :util.wait(defer.maybeDeferred(self.original, *a, **kw),
	  File "/home/buildbot/run/full2.4/Twisted/twisted/internet/defer.py", line 117, in maybeDeferred
	    result = f(*args, **kw)
	  File "/home/buildbot/run/full2.4/Twisted/twisted/trial/test/test_reporter.py", line 22, in testTracebackReporting
	    self.suite.run()
	--- <exception caught here> ---
	  File "/home/buildbot/run/full2.4/Twisted/twisted/trial/runner.py", line 242, in run
	    tr.runTests(randomize=(seed is not None))
	  File "/home/buildbot/run/full2.4/Twisted/twisted/trial/runner.py", line 606, in runTests
	    self._signalStateMgr.restore()
	  File "/home/buildbot/run/full2.4/Twisted/twisted/trial/util.py", line 39, in restore
	    signal.signal(signum, handler)
	exceptions.RuntimeError: (22, 'Invalid argument')
	

-!*@&-!*@&-!*@&-!*@&-!*@&-!*@&-!*@&-!*@&-!*@&-!*@&-!*@&-!*@&-!*@&-!*@&-!*@&-!*@&-!*@&-!*@&-!*@&-!*@&

[FAIL]

-!*@&-!*@&-!*@&-!*@&-!*@&-!*@&-!*@&-!*@&-!*@&-!*@&-!*@&-!*@&-!*@&-!*@&-!*@&-!*@&-!*@&-!*@&-!*@&-!*@&

	WHOOP! WHOOP! DANGER WILL ROBINSON! DANGER! WHOOP! WHOOP!
	caught exception in TestSuite! 

		TRIAL IS BROKEN!


	Traceback (most recent call last):
	  File "./bin/trial", line 24, in ?
	    run()
	  File "/home/buildbot/run/full2.4/Twisted/twisted/scripts/trial.py", line 677, in run
	    suite = reallyRun(config)
	  File "/home/buildbot/run/full2.4/Twisted/twisted/scripts/trial.py", line 656, in reallyRun
	    suite.run(config['random'])
	--- <exception caught here> ---
	  File "/home/buildbot/run/full2.4/Twisted/twisted/trial/runner.py", line 242, in run
	    tr.runTests(randomize=(seed is not None))
	  File "/home/buildbot/run/full2.4/Twisted/twisted/trial/runner.py", line 482, in runTests
	    runner.runTests(randomize)
	  File "/home/buildbot/run/full2.4/Twisted/twisted/trial/runner.py", line 606, in runTests
	    self._signalStateMgr.restore()
	  File "/home/buildbot/run/full2.4/Twisted/twisted/trial/util.py", line 39, in restore
	    signal.signal(signum, handler)
	exceptions.RuntimeError: (22, 'Invalid argument')
	

-!*@&-!*@&-!*@&-!*@&-!*@&-!*@&-!*@&-!*@&-!*@&-!*@&-!*@&-!*@&-!*@&-!*@&-!*@&-!*@&-!*@&-!*@&-!*@&-!*@&

testWords (twisted.words.test.test_words.WordsTestCase) ... 
/home/buildbot/run/full2.4/Twisted/twisted/cred/authorizer.py:103: exceptions.DeprecationWarning: Authorizers are deprecated, switch to portals/realms/etc.

/home/buildbot/run/full2.4/Twisted/twisted/words/service.py:528: exceptions.DeprecationWarning: Cred services are deprecated, use realms instead.
[OK]

-!*@&-!*@&-!*@&-!*@&-!*@&-!*@&-!*@&-!*@&-!*@&-!*@&-!*@&-!*@&-!*@&-!*@&-!*@&-!*@&-!*@&-!*@&-!*@&-!*@&

	WHOOP! WHOOP! DANGER WILL ROBINSON! DANGER! WHOOP! WHOOP!
	caught exception in TestSuite! 

		TRIAL IS BROKEN!


	Traceback (most recent call last):
	  File "./bin/trial", line 24, in ?
	    run()
	  File "/home/buildbot/run/full2.4/Twisted/twisted/scripts/trial.py", line 677, in run
	    suite = reallyRun(config)
	  File "/home/buildbot/run/full2.4/Twisted/twisted/scripts/trial.py", line 656, in reallyRun
	    suite.run(config['random'])
	--- <exception caught here> ---
	  File "/home/buildbot/run/full2.4/Twisted/twisted/trial/runner.py", line 242, in run
	    tr.runTests(randomize=(seed is not None))
	  File "/home/buildbot/run/full2.4/Twisted/twisted/trial/runner.py", line 482, in runTests
	    runner.runTests(randomize)
	  File "/home/buildbot/run/full2.4/Twisted/twisted/trial/runner.py", line 606, in runTests
	    self._signalStateMgr.restore()
	  File "/home/buildbot/run/full2.4/Twisted/twisted/trial/util.py", line 39, in restore
	    signal.signal(signum, handler)
	exceptions.RuntimeError: (22, 'Invalid argument')
	

-!*@&-!*@&-!*@&-!*@&-!*@&-!*@&-!*@&-!*@&-!*@&-!*@&-!*@&-!*@&-!*@&-!*@&-!*@&-!*@&-!*@&-!*@&-!*@&-!*@&

testGPSMessages (twisted.test.test_nmea.NMEAReceiverTestCase) ... [OK]

-!*@&-!*@&-!*@&-!*@&-!*@&-!*@&-!*@&-!*@&-!*@&-!*@&-!*@&-!*@&-!*@&-!*@&-!*@&-!*@&-!*@&-!*@&-!*@&-!*@&

	WHOOP! WHOOP! DANGER WILL ROBINSON! DANGER! WHOOP! WHOOP!
	caught exception in TestSuite! 

		TRIAL IS BROKEN!


	Traceback (most recent call last):
	  File "./bin/trial", line 24, in ?
	    run()
	  File "/home/buildbot/run/full2.4/Twisted/twisted/scripts/trial.py", line 677, in run
	    suite = reallyRun(config)
	  File "/home/buildbot/run/full2.4/Twisted/twisted/scripts/trial.py", line 656, in reallyRun
	    suite.run(config['random'])
	--- <exception caught here> ---
	  File "/home/buildbot/run/full2.4/Twisted/twisted/trial/runner.py", line 242, in run
	    tr.runTests(randomize=(seed is not None))
	  File "/home/buildbot/run/full2.4/Twisted/twisted/trial/runner.py", line 482, in runTests
	    runner.runTests(randomize)
	  File "/home/buildbot/run/full2.4/Twisted/twisted/trial/runner.py", line 606, in runTests
	    self._signalStateMgr.restore()
	  File "/home/buildbot/run/full2.4/Twisted/twisted/trial/util.py", line 39, in restore
	    signal.signal(signum, handler)
	exceptions.RuntimeError: (22, 'Invalid argument')
	

-!*@&-!*@&-!*@&-!*@&-!*@&-!*@&-!*@&-!*@&-!*@&-!*@&-!*@&-!*@&-!*@&-!*@&-!*@&-!*@&-!*@&-!*@&-!*@&-!*@&

testLogin (twisted.words.test.test_msn.NotificationTests) ... [OK]

-!*@&-!*@&-!*@&-!*@&-!*@&-!*@&-!*@&-!*@&-!*@&-!*@&-!*@&-!*@&-!*@&-!*@&-!*@&-!*@&-!*@&-!*@&-!*@&-!*@&

	WHOOP! WHOOP! DANGER WILL ROBINSON! DANGER! WHOOP! WHOOP!
	caught exception in TestSuite! 

		TRIAL IS BROKEN!


	Traceback (most recent call last):
	  File "./bin/trial", line 24, in ?
	    run()
	  File "/home/buildbot/run/full2.4/Twisted/twisted/scripts/trial.py", line 677, in run
	    suite = reallyRun(config)
	  File "/home/buildbot/run/full2.4/Twisted/twisted/scripts/trial.py", line 656, in reallyRun
	    suite.run(config['random'])
	--- <exception caught here> ---
	  File "/home/buildbot/run/full2.4/Twisted/twisted/trial/runner.py", line 242, in run
	    tr.runTests(randomize=(seed is not None))
	  File "/home/buildbot/run/full2.4/Twisted/twisted/trial/runner.py", line 482, in runTests
	    runner.runTests(randomize)
	  File "/home/buildbot/run/full2.4/Twisted/twisted/trial/runner.py", line 606, in runTests
	    self._signalStateMgr.restore()
	  File "/home/buildbot/run/full2.4/Twisted/twisted/trial/util.py", line 39, in restore
	    signal.signal(signum, handler)
	exceptions.RuntimeError: (22, 'Invalid argument')
	

-!*@&-!*@&-!*@&-!*@&-!*@&-!*@&-!*@&-!*@&-!*@&-!*@&-!*@&-!*@&-!*@&-!*@&-!*@&-!*@&-!*@&-!*@&-!*@&-!*@&

testCompatibility (twisted.test.test_split_compat.TestCompatibility) ... [OK]

-!*@&-!*@&-!*@&-!*@&-!*@&-!*@&-!*@&-!*@&-!*@&-!*@&-!*@&-!*@&-!*@&-!*@&-!*@&-!*@&-!*@&-!*@&-!*@&-!*@&

	WHOOP! WHOOP! DANGER WILL ROBINSON! DANGER! WHOOP! WHOOP!
	caught exception in TestSuite! 

		TRIAL IS BROKEN!


	Traceback (most recent call last):
	  File "./bin/trial", line 24, in ?
	    run()
	  File "/home/buildbot/run/full2.4/Twisted/twisted/scripts/trial.py", line 677, in run
	    suite = reallyRun(config)
	  File "/home/buildbot/run/full2.4/Twisted/twisted/scripts/trial.py", line 656, in reallyRun
	    suite.run(config['random'])
	--- <exception caught here> ---
	  File "/home/buildbot/run/full2.4/Twisted/twisted/trial/runner.py", line 242, in run
	    tr.runTests(randomize=(seed is not None))
	  File "/home/buildbot/run/full2.4/Twisted/twisted/trial/runner.py", line 482, in runTests
	    runner.runTests(randomize)
	  File "/home/buildbot/run/full2.4/Twisted/twisted/trial/runner.py", line 606, in runTests
	    self._signalStateMgr.restore()
	  File "/home/buildbot/run/full2.4/Twisted/twisted/trial/util.py", line 39, in restore
	    signal.signal(signum, handler)
	exceptions.RuntimeError: (22, 'Invalid argument')
	

-!*@&-!*@&-!*@&-!*@&-!*@&-!*@&-!*@&-!*@&-!*@&-!*@&-!*@&-!*@&-!*@&-!*@&-!*@&-!*@&-!*@&-!*@&-!*@&-!*@&

testBasicWorkingness (twisted.web2.test.test_http.TCPServerTest) ... [OK]

-!*@&-!*@&-!*@&-!*@&-!*@&-!*@&-!*@&-!*@&-!*@&-!*@&-!*@&-!*@&-!*@&-!*@&-!*@&-!*@&-!*@&-!*@&-!*@&-!*@&

	WHOOP! WHOOP! DANGER WILL ROBINSON! DANGER! WHOOP! WHOOP!
	caught exception in TestSuite! 

		TRIAL IS BROKEN!


	Traceback (most recent call last):
	  File "./bin/trial", line 24, in ?
	    run()
	  File "/home/buildbot/run/full2.4/Twisted/twisted/scripts/trial.py", line 677, in run
	    suite = reallyRun(config)
	  File "/home/buildbot/run/full2.4/Twisted/twisted/scripts/trial.py", line 656, in reallyRun
	    suite.run(config['random'])
	--- <exception caught here> ---
	  File "/home/buildbot/run/full2.4/Twisted/twisted/trial/runner.py", line 242, in run
	    tr.runTests(randomize=(seed is not None))
	  File "/home/buildbot/run/full2.4/Twisted/twisted/trial/runner.py", line 482, in runTests
	    runner.runTests(randomize)
	  File "/home/buildbot/run/full2.4/Twisted/twisted/trial/runner.py", line 606, in runTests
	    self._signalStateMgr.restore()
	  File "/home/buildbot/run/full2.4/Twisted/twisted/trial/util.py", line 39, in restore
	    signal.signal(signum, handler)
	exceptions.RuntimeError: (22, 'Invalid argument')
	

-!*@&-!*@&-!*@&-!*@&-!*@&-!*@&-!*@&-!*@&-!*@&-!*@&-!*@&-!*@&-!*@&-!*@&-!*@&-!*@&-!*@&-!*@&-!*@&-!*@&

test_signature_noArgs (twisted.test.test_explorer.TestBrowseFunction) ... [OK]

-!*@&-!*@&-!*@&-!*@&-!*@&-!*@&-!*@&-!*@&-!*@&-!*@&-!*@&-!*@&-!*@&-!*@&-!*@&-!*@&-!*@&-!*@&-!*@&-!*@&

	WHOOP! WHOOP! DANGER WILL ROBINSON! DANGER! WHOOP! WHOOP!
	caught exception in TestSuite! 

		TRIAL IS BROKEN!


	Traceback (most recent call last):
	  File "./bin/trial", line 24, in ?
	    run()
	  File "/home/buildbot/run/full2.4/Twisted/twisted/scripts/trial.py", line 677, in run
	    suite = reallyRun(config)
	  File "/home/buildbot/run/full2.4/Twisted/twisted/scripts/trial.py", line 656, in reallyRun
	    suite.run(config['random'])
	--- <exception caught here> ---
	  File "/home/buildbot/run/full2.4/Twisted/twisted/trial/runner.py", line 242, in run
	    tr.runTests(randomize=(seed is not None))
	  File "/home/buildbot/run/full2.4/Twisted/twisted/trial/runner.py", line 482, in runTests
	    runner.runTests(randomize)
	  File "/home/buildbot/run/full2.4/Twisted/twisted/trial/runner.py", line 606, in runTests
	    self._signalStateMgr.restore()
	  File "/home/buildbot/run/full2.4/Twisted/twisted/trial/util.py", line 39, in restore
	    signal.signal(signum, handler)
	exceptions.RuntimeError: (22, 'Invalid argument')
	

-!*@&-!*@&-!*@&-!*@&-!*@&-!*@&-!*@&-!*@&-!*@&-!*@&-!*@&-!*@&-!*@&-!*@&-!*@&-!*@&-!*@&-!*@&-!*@&-!*@&

testMultipleFactories (twisted.conch.test.test_conch.TestSSHFactory) ... [OK]

-!*@&-!*@&-!*@&-!*@&-!*@&-!*@&-!*@&-!*@&-!*@&-!*@&-!*@&-!*@&-!*@&-!*@&-!*@&-!*@&-!*@&-!*@&-!*@&-!*@&

	WHOOP! WHOOP! DANGER WILL ROBINSON! DANGER! WHOOP! WHOOP!
	caught exception in TestSuite! 

		TRIAL IS BROKEN!


	Traceback (most recent call last):
	  File "./bin/trial", line 24, in ?
	    run()
	  File "/home/buildbot/run/full2.4/Twisted/twisted/scripts/trial.py", line 677, in run
	    suite = reallyRun(config)
	  File "/home/buildbot/run/full2.4/Twisted/twisted/scripts/trial.py", line 656, in reallyRun
	    suite.run(config['random'])
	--- <exception caught here> ---
	  File "/home/buildbot/run/full2.4/Twisted/twisted/trial/runner.py", line 242, in run
	    tr.runTests(randomize=(seed is not None))
	  File "/home/buildbot/run/full2.4/Twisted/twisted/trial/runner.py", line 482, in runTests
	    runner.runTests(randomize)
	  File "/home/buildbot/run/full2.4/Twisted/twisted/trial/runner.py", line 606, in runTests
	    self._signalStateMgr.restore()
	  File "/home/buildbot/run/full2.4/Twisted/twisted/trial/util.py", line 39, in restore
	    signal.signal(signum, handler)
	exceptions.RuntimeError: (22, 'Invalid argument')
	

-!*@&-!*@&-!*@&-!*@&-!*@&-!*@&-!*@&-!*@&-!*@&-!*@&-!*@&-!*@&-!*@&-!*@&-!*@&-!*@&-!*@&-!*@&-!*@&-!*@&

testSerialGenerator (twisted.names.test.test_names.HelperTestCase) ... [OK]

-!*@&-!*@&-!*@&-!*@&-!*@&-!*@&-!*@&-!*@&-!*@&-!*@&-!*@&-!*@&-!*@&-!*@&-!*@&-!*@&-!*@&-!*@&-!*@&-!*@&

	WHOOP! WHOOP! DANGER WILL ROBINSON! DANGER! WHOOP! WHOOP!
	caught exception in TestSuite! 

		TRIAL IS BROKEN!


	Traceback (most recent call last):
	  File "./bin/trial", line 24, in ?
	    run()
	  File "/home/buildbot/run/full2.4/Twisted/twisted/scripts/trial.py", line 677, in run
	    suite = reallyRun(config)
	  File "/home/buildbot/run/full2.4/Twisted/twisted/scripts/trial.py", line 656, in reallyRun
	    suite.run(config['random'])
	--- <exception caught here> ---
	  File "/home/buildbot/run/full2.4/Twisted/twisted/trial/runner.py", line 242, in run
	    tr.runTests(randomize=(seed is not None))
	  File "/home/buildbot/run/full2.4/Twisted/twisted/trial/runner.py", line 482, in runTests
	    runner.runTests(randomize)
	  File "/home/buildbot/run/full2.4/Twisted/twisted/trial/runner.py", line 606, in runTests
	    self._signalStateMgr.restore()
	  File "/home/buildbot/run/full2.4/Twisted/twisted/trial/util.py", line 39, in restore
	    signal.signal(signum, handler)
	exceptions.RuntimeError: (22, 'Invalid argument')
	

-!*@&-!*@&-!*@&-!*@&-!*@&-!*@&-!*@&-!*@&-!*@&-!*@&-!*@&-!*@&-!*@&-!*@&-!*@&-!*@&-!*@&-!*@&-!*@&-!*@&

testNoSlashSlashComments (twisted.test.test_extensions.CorrectComments) ... [OK]

-!*@&-!*@&-!*@&-!*@&-!*@&-!*@&-!*@&-!*@&-!*@&-!*@&-!*@&-!*@&-!*@&-!*@&-!*@&-!*@&-!*@&-!*@&-!*@&-!*@&

	WHOOP! WHOOP! DANGER WILL ROBINSON! DANGER! WHOOP! WHOOP!
	caught exception in TestSuite! 

		TRIAL IS BROKEN!


	Traceback (most recent call last):
	  File "./bin/trial", line 24, in ?
	    run()
	  File "/home/buildbot/run/full2.4/Twisted/twisted/scripts/trial.py", line 677, in run
	    suite = reallyRun(config)
	  File "/home/buildbot/run/full2.4/Twisted/twisted/scripts/trial.py", line 656, in reallyRun
	    suite.run(config['random'])
	--- <exception caught here> ---
	  File "/home/buildbot/run/full2.4/Twisted/twisted/trial/runner.py", line 242, in run
	    tr.runTests(randomize=(seed is not None))
	  File "/home/buildbot/run/full2.4/Twisted/twisted/trial/runner.py", line 482, in runTests
	    runner.runTests(randomize)
	  File "/home/buildbot/run/full2.4/Twisted/twisted/trial/runner.py", line 606, in runTests
	    self._signalStateMgr.restore()
	  File "/home/buildbot/run/full2.4/Twisted/twisted/trial/util.py", line 39, in restore
	    signal.signal(signum, handler)
	exceptions.RuntimeError: (22, 'Invalid argument')
	

-!*@&-!*@&-!*@&-!*@&-!*@&-!*@&-!*@&-!*@&-!*@&-!*@&-!*@&-!*@&-!*@&-!*@&-!*@&-!*@&-!*@&-!*@&-!*@&-!*@&

testExceptions (twisted.test.test_assertions.Assertions) ... [OK]

-!*@&-!*@&-!*@&-!*@&-!*@&-!*@&-!*@&-!*@&-!*@&-!*@&-!*@&-!*@&-!*@&-!*@&-!*@&-!*@&-!*@&-!*@&-!*@&-!*@&

	WHOOP! WHOOP! DANGER WILL ROBINSON! DANGER! WHOOP! WHOOP!
	caught exception in TestSuite! 

		TRIAL IS BROKEN!


	Traceback (most recent call last):
	  File "./bin/trial", line 24, in ?
	    run()
	  File "/home/buildbot/run/full2.4/Twisted/twisted/scripts/trial.py", line 677, in run
	    suite = reallyRun(config)
	  File "/home/buildbot/run/full2.4/Twisted/twisted/scripts/trial.py", line 656, in reallyRun
	    suite.run(config['random'])
	--- <exception caught here> ---
	  File "/home/buildbot/run/full2.4/Twisted/twisted/trial/runner.py", line 242, in run
	    tr.runTests(randomize=(seed is not None))
	  File "/home/buildbot/run/full2.4/Twisted/twisted/trial/runner.py", line 482, in runTests
	    runner.runTests(randomize)
	  File "/home/buildbot/run/full2.4/Twisted/twisted/trial/runner.py", line 606, in runTests
	    self._signalStateMgr.restore()
	  File "/home/buildbot/run/full2.4/Twisted/twisted/trial/util.py", line 39, in restore
	    signal.signal(signum, handler)
	exceptions.RuntimeError: (22, 'Invalid argument')
	

-!*@&-!*@&-!*@&-!*@&-!*@&-!*@&-!*@&-!*@&-!*@&-!*@&-!*@&-!*@&-!*@&-!*@&-!*@&-!*@&-!*@&-!*@&-!*@&-!*@&

testLocalAsyncForwarder (twisted.test.test_spread.SpreadUtilTest) ... [OK]

-!*@&-!*@&-!*@&-!*@&-!*@&-!*@&-!*@&-!*@&-!*@&-!*@&-!*@&-!*@&-!*@&-!*@&-!*@&-!*@&-!*@&-!*@&-!*@&-!*@&

	WHOOP! WHOOP! DANGER WILL ROBINSON! DANGER! WHOOP! WHOOP!
	caught exception in TestSuite! 

		TRIAL IS BROKEN!


	Traceback (most recent call last):
	  File "./bin/trial", line 24, in ?
	    run()
	  File "/home/buildbot/run/full2.4/Twisted/twisted/scripts/trial.py", line 677, in run
	    suite = reallyRun(config)
	  File "/home/buildbot/run/full2.4/Twisted/twisted/scripts/trial.py", line 656, in reallyRun
	    suite.run(config['random'])
	--- <exception caught here> ---
	  File "/home/buildbot/run/full2.4/Twisted/twisted/trial/runner.py", line 242, in run
	    tr.runTests(randomize=(seed is not None))
	  File "/home/buildbot/run/full2.4/Twisted/twisted/trial/runner.py", line 482, in runTests
	    runner.runTests(randomize)
	  File "/home/buildbot/run/full2.4/Twisted/twisted/trial/runner.py", line 606, in runTests
	    self._signalStateMgr.restore()
	  File "/home/buildbot/run/full2.4/Twisted/twisted/trial/util.py", line 39, in restore
	    signal.signal(signum, handler)
	exceptions.RuntimeError: (22, 'Invalid argument')
	

-!*@&-!*@&-!*@&-!*@&-!*@&-!*@&-!*@&-!*@&-!*@&-!*@&-!*@&-!*@&-!*@&-!*@&-!*@&-!*@&-!*@&-!*@&-!*@&-!*@&

testClassMethod (twisted.test.test_persisted.PicklingTestCase) ... [OK]

-!*@&-!*@&-!*@&-!*@&-!*@&-!*@&-!*@&-!*@&-!*@&-!*@&-!*@&-!*@&-!*@&-!*@&-!*@&-!*@&-!*@&-!*@&-!*@&-!*@&

	WHOOP! WHOOP! DANGER WILL ROBINSON! DANGER! WHOOP! WHOOP!
	caught exception in TestSuite! 

		TRIAL IS BROKEN!


	Traceback (most recent call last):
	  File "./bin/trial", line 24, in ?
	    run()
	  File "/home/buildbot/run/full2.4/Twisted/twisted/scripts/trial.py", line 677, in run
	    suite = reallyRun(config)
	  File "/home/buildbot/run/full2.4/Twisted/twisted/scripts/trial.py", line 656, in reallyRun
	    suite.run(config['random'])
	--- <exception caught here> ---
	  File "/home/buildbot/run/full2.4/Twisted/twisted/trial/runner.py", line 242, in run
	    tr.runTests(randomize=(seed is not None))
	  File "/home/buildbot/run/full2.4/Twisted/twisted/trial/runner.py", line 482, in runTests
	    runner.runTests(randomize)
	  File "/home/buildbot/run/full2.4/Twisted/twisted/trial/runner.py", line 606, in runTests
	    self._signalStateMgr.restore()
	  File "/home/buildbot/run/full2.4/Twisted/twisted/trial/util.py", line 39, in restore
	    signal.signal(signum, handler)
	exceptions.RuntimeError: (22, 'Invalid argument')
	

-!*@&-!*@&-!*@&-!*@&-!*@&-!*@&-!*@&-!*@&-!*@&-!*@&-!*@&-!*@&-!*@&-!*@&-!*@&-!*@&-!*@&-!*@&-!*@&-!*@&


-!*@&-!*@&-!*@&-!*@&-!*@&-!*@&-!*@&-!*@&-!*@&-!*@&-!*@&-!*@&-!*@&-!*@&-!*@&-!*@&-!*@&-!*@&-!*@&-!*@&

	WHOOP! WHOOP! DANGER WILL ROBINSON! DANGER! WHOOP! WHOOP!
	caught exception in TestSuite! 

		TRIAL IS BROKEN!


	Traceback (most recent call last):
	  File "./bin/trial", line 24, in ?
	    run()
	  File "/home/buildbot/run/full2.4/Twisted/twisted/scripts/trial.py", line 677, in run
	    suite = reallyRun(config)
	  File "/home/buildbot/run/full2.4/Twisted/twisted/scripts/trial.py", line 656, in reallyRun
	    suite.run(config['random'])
	--- <exception caught here> ---
	  File "/home/buildbot/run/full2.4/Twisted/twisted/trial/runner.py", line 242, in run
	    tr.runTests(randomize=(seed is not None))
	  File "/home/buildbot/run/full2.4/Twisted/twisted/trial/runner.py", line 482, in runTests
	    runner.runTests(randomize)
	  File "/home/buildbot/run/full2.4/Twisted/twisted/trial/runner.py", line 606, in runTests
	    self._signalStateMgr.restore()
	  File "/home/buildbot/run/full2.4/Twisted/twisted/trial/util.py", line 39, in restore
	    signal.signal(signum, handler)
	exceptions.RuntimeError: (22, 'Invalid argument')
	


-!*@&-!*@&-!*@&-!*@&-!*@&-!*@&-!*@&-!*@&-!*@&-!*@&-!*@&-!*@&-!*@&-!*@&-!*@&-!*@&-!*@&-!*@&-!*@&-!*@&

testPartialRetrieveWithConsumer (twisted.mail.test.test_pop3client.POP3ClientMessageTestCase) ... [OK]

-!*@&-!*@&-!*@&-!*@&-!*@&-!*@&-!*@&-!*@&-!*@&-!*@&-!*@&-!*@&-!*@&-!*@&-!*@&-!*@&-!*@&-!*@&-!*@&-!*@&

	WHOOP! WHOOP! DANGER WILL ROBINSON! DANGER! WHOOP! WHOOP!
	caught exception in TestSuite! 

		TRIAL IS BROKEN!


	Traceback (most recent call last):
	  File "./bin/trial", line 24, in ?
	    run()
	  File "/home/buildbot/run/full2.4/Twisted/twisted/scripts/trial.py", line 677, in run
	    suite = reallyRun(config)
	  File "/home/buildbot/run/full2.4/Twisted/twisted/scripts/trial.py", line 656, in reallyRun
	    suite.run(config['random'])
	--- <exception caught here> ---
	  File "/home/buildbot/run/full2.4/Twisted/twisted/trial/runner.py", line 242, in run
	    tr.runTests(randomize=(seed is not None))
	  File "/home/buildbot/run/full2.4/Twisted/twisted/trial/runner.py", line 482, in runTests
	    runner.runTests(randomize)
	  File "/home/buildbot/run/full2.4/Twisted/twisted/trial/runner.py", line 606, in runTests
	    self._signalStateMgr.restore()
	  File "/home/buildbot/run/full2.4/Twisted/twisted/trial/util.py", line 39, in restore
	    signal.signal(signum, handler)
	exceptions.RuntimeError: (22, 'Invalid argument')
	

-!*@&-!*@&-!*@&-!*@&-!*@&-!*@&-!*@&-!*@&-!*@&-!*@&-!*@&-!*@&-!*@&-!*@&-!*@&-!*@&-!*@&-!*@&-!*@&-!*@&

testEmptyLineSyntaxError (twisted.mail.test.test_smtp.EmptyLineTestCase) ... [OK]

-!*@&-!*@&-!*@&-!*@&-!*@&-!*@&-!*@&-!*@&-!*@&-!*@&-!*@&-!*@&-!*@&-!*@&-!*@&-!*@&-!*@&-!*@&-!*@&-!*@&

	WHOOP! WHOOP! DANGER WILL ROBINSON! DANGER! WHOOP! WHOOP!
	caught exception in TestSuite! 

		TRIAL IS BROKEN!


	Traceback (most recent call last):
	  File "./bin/trial", line 24, in ?
	    run()
	  File "/home/buildbot/run/full2.4/Twisted/twisted/scripts/trial.py", line 677, in run
	    suite = reallyRun(config)
	  File "/home/buildbot/run/full2.4/Twisted/twisted/scripts/trial.py", line 656, in reallyRun
	    suite.run(config['random'])
	--- <exception caught here> ---
	  File "/home/buildbot/run/full2.4/Twisted/twisted/trial/runner.py", line 242, in run
	    tr.runTests(randomize=(seed is not None))
	  File "/home/buildbot/run/full2.4/Twisted/twisted/trial/runner.py", line 482, in runTests
	    runner.runTests(randomize)
	  File "/home/buildbot/run/full2.4/Twisted/twisted/trial/runner.py", line 606, in runTests
	    self._signalStateMgr.restore()
	  File "/home/buildbot/run/full2.4/Twisted/twisted/trial/util.py", line 39, in restore
	    signal.signal(signum, handler)
	exceptions.RuntimeError: (22, 'Invalid argument')
	

-!*@&-!*@&-!*@&-!*@&-!*@&-!*@&-!*@&-!*@&-!*@&-!*@&-!*@&-!*@&-!*@&-!*@&-!*@&-!*@&-!*@&-!*@&-!*@&-!*@&

testErrors (twisted.test.test_ident.ServerParserTestCase) ... [OK]

-!*@&-!*@&-!*@&-!*@&-!*@&-!*@&-!*@&-!*@&-!*@&-!*@&-!*@&-!*@&-!*@&-!*@&-!*@&-!*@&-!*@&-!*@&-!*@&-!*@&

	WHOOP! WHOOP! DANGER WILL ROBINSON! DANGER! WHOOP! WHOOP!
	caught exception in TestSuite! 

		TRIAL IS BROKEN!


	Traceback (most recent call last):
	  File "./bin/trial", line 24, in ?
	    run()
	  File "/home/buildbot/run/full2.4/Twisted/twisted/scripts/trial.py", line 677, in run
	    suite = reallyRun(config)
	  File "/home/buildbot/run/full2.4/Twisted/twisted/scripts/trial.py", line 656, in reallyRun
	    suite.run(config['random'])
	--- <exception caught here> ---
	  File "/home/buildbot/run/full2.4/Twisted/twisted/trial/runner.py", line 242, in run
	    tr.runTests(randomize=(seed is not None))
	  File "/home/buildbot/run/full2.4/Twisted/twisted/trial/runner.py", line 482, in runTests
	    runner.runTests(randomize)
	  File "/home/buildbot/run/full2.4/Twisted/twisted/trial/runner.py", line 606, in runTests
	    self._signalStateMgr.restore()
	  File "/home/buildbot/run/full2.4/Twisted/twisted/trial/util.py", line 39, in restore
	    signal.signal(signum, handler)
	exceptions.RuntimeError: (22, 'Invalid argument')
	

-!*@&-!*@&-!*@&-!*@&-!*@&-!*@&-!*@&-!*@&-!*@&-!*@&-!*@&-!*@&-!*@&-!*@&-!*@&-!*@&-!*@&-!*@&-!*@&-!*@&

testOpenSSLBuffering (twisted.test.test_ssl.BufferingTestCase) ... [OK]

/home/buildbot/run/full2.4/Twisted/twisted/trial/reporter.py:237: twisted.trial.reporter.BrokenTestCaseWarning: REACTOR UNCLEAN! traceback(s) follow: 

Failure: twisted.trial.util.DirtyReactorWarning: THIS WILL BECOME AN ERROR SOON! reactor left in unclean state, the following Selectables were left over: ['<SingleLineServerProtocol #0 on 0>', '<twisted.internet.protocol.ServerFactory on 55238>', "<twisted.internet.tcp.TLSConnection to ('127.0.0.1', 55238) at 412b494c>"]


-!*@&-!*@&-!*@&-!*@&-!*@&-!*@&-!*@&-!*@&-!*@&-!*@&-!*@&-!*@&-!*@&-!*@&-!*@&-!*@&-!*@&-!*@&-!*@&-!*@&

	WHOOP! WHOOP! DANGER WILL ROBINSON! DANGER! WHOOP! WHOOP!
	caught exception in TestSuite! 

		TRIAL IS BROKEN!


	Traceback (most recent call last):
	  File "./bin/trial", line 24, in ?
	    run()
	  File "/home/buildbot/run/full2.4/Twisted/twisted/scripts/trial.py", line 677, in run
	    suite = reallyRun(config)
	  File "/home/buildbot/run/full2.4/Twisted/twisted/scripts/trial.py", line 656, in reallyRun
	    suite.run(config['random'])
	--- <exception caught here> ---
	  File "/home/buildbot/run/full2.4/Twisted/twisted/trial/runner.py", line 242, in run
	    tr.runTests(randomize=(seed is not None))
	  File "/home/buildbot/run/full2.4/Twisted/twisted/trial/runner.py", line 482, in runTests
	    runner.runTests(randomize)
	  File "/home/buildbot/run/full2.4/Twisted/twisted/trial/runner.py", line 606, in runTests
	    self._signalStateMgr.restore()
	  File "/home/buildbot/run/full2.4/Twisted/twisted/trial/util.py", line 39, in restore
	    signal.signal(signum, handler)
	exceptions.RuntimeError: (22, 'Invalid argument')
	

-!*@&-!*@&-!*@&-!*@&-!*@&-!*@&-!*@&-!*@&-!*@&-!*@&-!*@&-!*@&-!*@&-!*@&-!*@&-!*@&-!*@&-!*@&-!*@&-!*@&

testMktmp (twisted.trial.test.test_util.TestMktemp) ... [OK]

-!*@&-!*@&-!*@&-!*@&-!*@&-!*@&-!*@&-!*@&-!*@&-!*@&-!*@&-!*@&-!*@&-!*@&-!*@&-!*@&-!*@&-!*@&-!*@&-!*@&

	WHOOP! WHOOP! DANGER WILL ROBINSON! DANGER! WHOOP! WHOOP!
	caught exception in TestSuite! 

		TRIAL IS BROKEN!


	Traceback (most recent call last):
	  File "./bin/trial", line 24, in ?
	    run()
	  File "/home/buildbot/run/full2.4/Twisted/twisted/scripts/trial.py", line 677, in run
	    suite = reallyRun(config)
	  File "/home/buildbot/run/full2.4/Twisted/twisted/scripts/trial.py", line 656, in reallyRun
	    suite.run(config['random'])
	--- <exception caught here> ---
	  File "/home/buildbot/run/full2.4/Twisted/twisted/trial/runner.py", line 242, in run
	    tr.runTests(randomize=(seed is not None))
	  File "/home/buildbot/run/full2.4/Twisted/twisted/trial/runner.py", line 482, in runTests
	    runner.runTests(randomize)
	  File "/home/buildbot/run/full2.4/Twisted/twisted/trial/runner.py", line 606, in runTests
	    self._signalStateMgr.restore()
	  File "/home/buildbot/run/full2.4/Twisted/twisted/trial/util.py", line 39, in restore
	    signal.signal(signum, handler)
	exceptions.RuntimeError: (22, 'Invalid argument')
	

-!*@&-!*@&-!*@&-!*@&-!*@&-!*@&-!*@&-!*@&-!*@&-!*@&-!*@&-!*@&-!*@&-!*@&-!*@&-!*@&-!*@&-!*@&-!*@&-!*@&

testDeferredResult (twisted.test.test_threads.DeferredResultTestCase) ... [OK]

-!*@&-!*@&-!*@&-!*@&-!*@&-!*@&-!*@&-!*@&-!*@&-!*@&-!*@&-!*@&-!*@&-!*@&-!*@&-!*@&-!*@&-!*@&-!*@&-!*@&

	WHOOP! WHOOP! DANGER WILL ROBINSON! DANGER! WHOOP! WHOOP!
	caught exception in TestSuite! 

		TRIAL IS BROKEN!


	Traceback (most recent call last):
	  File "./bin/trial", line 24, in ?
	    run()
	  File "/home/buildbot/run/full2.4/Twisted/twisted/scripts/trial.py", line 677, in run
	    suite = reallyRun(config)
	  File "/home/buildbot/run/full2.4/Twisted/twisted/scripts/trial.py", line 656, in reallyRun
	    suite.run(config['random'])
	--- <exception caught here> ---
	  File "/home/buildbot/run/full2.4/Twisted/twisted/trial/runner.py", line 242, in run
	    tr.runTests(randomize=(seed is not None))
	  File "/home/buildbot/run/full2.4/Twisted/twisted/trial/runner.py", line 482, in runTests
	    runner.runTests(randomize)
	  File "/home/buildbot/run/full2.4/Twisted/twisted/trial/runner.py", line 606, in runTests
	    self._signalStateMgr.restore()
	  File "/home/buildbot/run/full2.4/Twisted/twisted/trial/util.py", line 39, in restore
	    signal.signal(signum, handler)
	exceptions.RuntimeError: (22, 'Invalid argument')
	

-!*@&-!*@&-!*@&-!*@&-!*@&-!*@&-!*@&-!*@&-!*@&-!*@&-!*@&-!*@&-!*@&-!*@&-!*@&-!*@&-!*@&-!*@&-!*@&-!*@&

testPause (twisted.test.test_pcp.PCP_ProducerInterfaceTest) ... [OK]

-!*@&-!*@&-!*@&-!*@&-!*@&-!*@&-!*@&-!*@&-!*@&-!*@&-!*@&-!*@&-!*@&-!*@&-!*@&-!*@&-!*@&-!*@&-!*@&-!*@&

	WHOOP! WHOOP! DANGER WILL ROBINSON! DANGER! WHOOP! WHOOP!
	caught exception in TestSuite! 

		TRIAL IS BROKEN!


	Traceback (most recent call last):
	  File "./bin/trial", line 24, in ?
	    run()
	  File "/home/buildbot/run/full2.4/Twisted/twisted/scripts/trial.py", line 677, in run
	    suite = reallyRun(config)
	  File "/home/buildbot/run/full2.4/Twisted/twisted/scripts/trial.py", line 656, in reallyRun
	    suite.run(config['random'])
	--- <exception caught here> ---
	  File "/home/buildbot/run/full2.4/Twisted/twisted/trial/runner.py", line 242, in run
	    tr.runTests(randomize=(seed is not None))
	  File "/home/buildbot/run/full2.4/Twisted/twisted/trial/runner.py", line 482, in runTests
	    runner.runTests(randomize)
	  File "/home/buildbot/run/full2.4/Twisted/twisted/trial/runner.py", line 606, in runTests
	    self._signalStateMgr.restore()
	  File "/home/buildbot/run/full2.4/Twisted/twisted/trial/util.py", line 39, in restore
	    signal.signal(signum, handler)
	exceptions.RuntimeError: (22, 'Invalid argument')
	

-!*@&-!*@&-!*@&-!*@&-!*@&-!*@&-!*@&-!*@&-!*@&-!*@&-!*@&-!*@&-!*@&-!*@&-!*@&-!*@&-!*@&-!*@&-!*@&-!*@&

test_twistedPython (twisted.test.test_import.AtLeastImportTestCase) ... [OK]

-!*@&-!*@&-!*@&-!*@&-!*@&-!*@&-!*@&-!*@&-!*@&-!*@&-!*@&-!*@&-!*@&-!*@&-!*@&-!*@&-!*@&-!*@&-!*@&-!*@&

	WHOOP! WHOOP! DANGER WILL ROBINSON! DANGER! WHOOP! WHOOP!
	caught exception in TestSuite! 

		TRIAL IS BROKEN!


	Traceback (most recent call last):
	  File "./bin/trial", line 24, in ?
	    run()
	  File "/home/buildbot/run/full2.4/Twisted/twisted/scripts/trial.py", line 677, in run
	    suite = reallyRun(config)
	  File "/home/buildbot/run/full2.4/Twisted/twisted/scripts/trial.py", line 656, in reallyRun
	    suite.run(config['random'])
	--- <exception caught here> ---
	  File "/home/buildbot/run/full2.4/Twisted/twisted/trial/runner.py", line 242, in run
	    tr.runTests(randomize=(seed is not None))
	  File "/home/buildbot/run/full2.4/Twisted/twisted/trial/runner.py", line 482, in runTests
	    runner.runTests(randomize)
	  File "/home/buildbot/run/full2.4/Twisted/twisted/trial/runner.py", line 606, in runTests
	    self._signalStateMgr.restore()
	  File "/home/buildbot/run/full2.4/Twisted/twisted/trial/util.py", line 39, in restore
	    signal.signal(signum, handler)
	exceptions.RuntimeError: (22, 'Invalid argument')
	

-!*@&-!*@&-!*@&-!*@&-!*@&-!*@&-!*@&-!*@&-!*@&-!*@&-!*@&-!*@&-!*@&-!*@&-!*@&-!*@&-!*@&-!*@&-!*@&-!*@&


-!*@&-!*@&-!*@&-!*@&-!*@&-!*@&-!*@&-!*@&-!*@&-!*@&-!*@&-!*@&-!*@&-!*@&-!*@&-!*@&-!*@&-!*@&-!*@&-!*@&

	WHOOP! WHOOP! DANGER WILL ROBINSON! DANGER! WHOOP! WHOOP!
	caught exception in TestSuite! 

		TRIAL IS BROKEN!


	Traceback (most recent call last):
	  File "./bin/trial", line 24, in ?
	    run()
	  File "/home/buildbot/run/full2.4/Twisted/twisted/scripts/trial.py", line 677, in run
	    suite = reallyRun(config)
	  File "/home/buildbot/run/full2.4/Twisted/twisted/scripts/trial.py", line 656, in reallyRun
	    suite.run(config['random'])
	--- <exception caught here> ---
	  File "/home/buildbot/run/full2.4/Twisted/twisted/trial/runner.py", line 242, in run
	    tr.runTests(randomize=(seed is not None))
	  File "/home/buildbot/run/full2.4/Twisted/twisted/trial/runner.py", line 482, in runTests
	    runner.runTests(randomize)
	  File "/home/buildbot/run/full2.4/Twisted/twisted/trial/runner.py", line 606, in runTests
	    self._signalStateMgr.restore()
	  File "/home/buildbot/run/full2.4/Twisted/twisted/trial/util.py", line 39, in restore
	    signal.signal(signum, handler)
	exceptions.RuntimeError: (22, 'Invalid argument')
	

-!*@&-!*@&-!*@&-!*@&-!*@&-!*@&-!*@&-!*@&-!*@&-!*@&-!*@&-!*@&-!*@&-!*@&-!*@&-!*@&-!*@&-!*@&-!*@&-!*@&

testParseAddress (twisted.test.test_sip.ParseTestCase) ... [OK]

-!*@&-!*@&-!*@&-!*@&-!*@&-!*@&-!*@&-!*@&-!*@&-!*@&-!*@&-!*@&-!*@&-!*@&-!*@&-!*@&-!*@&-!*@&-!*@&-!*@&

	WHOOP! WHOOP! DANGER WILL ROBINSON! DANGER! WHOOP! WHOOP!
	caught exception in TestSuite! 

		TRIAL IS BROKEN!


	Traceback (most recent call last):
	  File "./bin/trial", line 24, in ?
	    run()
	  File "/home/buildbot/run/full2.4/Twisted/twisted/scripts/trial.py", line 677, in run
	    suite = reallyRun(config)
	  File "/home/buildbot/run/full2.4/Twisted/twisted/scripts/trial.py", line 656, in reallyRun
	    suite.run(config['random'])
	--- <exception caught here> ---
	  File "/home/buildbot/run/full2.4/Twisted/twisted/trial/runner.py", line 242, in run
	    tr.runTests(randomize=(seed is not None))
	  File "/home/buildbot/run/full2.4/Twisted/twisted/trial/runner.py", line 482, in runTests
	    runner.runTests(randomize)
	  File "/home/buildbot/run/full2.4/Twisted/twisted/trial/runner.py", line 606, in runTests
	    self._signalStateMgr.restore()
	  File "/home/buildbot/run/full2.4/Twisted/twisted/trial/util.py", line 39, in restore
	    signal.signal(signum, handler)
	exceptions.RuntimeError: (22, 'Invalid argument')
	

-!*@&-!*@&-!*@&-!*@&-!*@&-!*@&-!*@&-!*@&-!*@&-!*@&-!*@&-!*@&-!*@&-!*@&-!*@&-!*@&-!*@&-!*@&-!*@&-!*@&

testBucketDrian (twisted.test.test_htb.TestBucket) ... [OK]

-!*@&-!*@&-!*@&-!*@&-!*@&-!*@&-!*@&-!*@&-!*@&-!*@&-!*@&-!*@&-!*@&-!*@&-!*@&-!*@&-!*@&-!*@&-!*@&-!*@&

	WHOOP! WHOOP! DANGER WILL ROBINSON! DANGER! WHOOP! WHOOP!
	caught exception in TestSuite! 

		TRIAL IS BROKEN!


	Traceback (most recent call last):
	  File "./bin/trial", line 24, in ?
	    run()
	  File "/home/buildbot/run/full2.4/Twisted/twisted/scripts/trial.py", line 677, in run
	    suite = reallyRun(config)
	  File "/home/buildbot/run/full2.4/Twisted/twisted/scripts/trial.py", line 656, in reallyRun
	    suite.run(config['random'])
	--- <exception caught here> ---
	  File "/home/buildbot/run/full2.4/Twisted/twisted/trial/runner.py", line 242, in run
	    tr.runTests(randomize=(seed is not None))
	  File "/home/buildbot/run/full2.4/Twisted/twisted/trial/runner.py", line 482, in runTests
	    runner.runTests(randomize)
	  File "/home/buildbot/run/full2.4/Twisted/twisted/trial/runner.py", line 606, in runTests
	    self._signalStateMgr.restore()
	  File "/home/buildbot/run/full2.4/Twisted/twisted/trial/util.py", line 39, in restore
	    signal.signal(signum, handler)
	exceptions.RuntimeError: (22, 'Invalid argument')
	

-!*@&-!*@&-!*@&-!*@&-!*@&-!*@&-!*@&-!*@&-!*@&-!*@&-!*@&-!*@&-!*@&-!*@&-!*@&-!*@&-!*@&-!*@&-!*@&-!*@&

testPBFailures (twisted.test.test_pbfailure.PBFailureTest) ... [OK]

-!*@&-!*@&-!*@&-!*@&-!*@&-!*@&-!*@&-!*@&-!*@&-!*@&-!*@&-!*@&-!*@&-!*@&-!*@&-!*@&-!*@&-!*@&-!*@&-!*@&

	WHOOP! WHOOP! DANGER WILL ROBINSON! DANGER! WHOOP! WHOOP!
	caught exception in TestSuite! 

		TRIAL IS BROKEN!


	Traceback (most recent call last):
	  File "./bin/trial", line 24, in ?
	    run()
	  File "/home/buildbot/run/full2.4/Twisted/twisted/scripts/trial.py", line 677, in run
	    suite = reallyRun(config)
	  File "/home/buildbot/run/full2.4/Twisted/twisted/scripts/trial.py", line 656, in reallyRun
	    suite.run(config['random'])
	--- <exception caught here> ---
	  File "/home/buildbot/run/full2.4/Twisted/twisted/trial/runner.py", line 242, in run
	    tr.runTests(randomize=(seed is not None))
	  File "/home/buildbot/run/full2.4/Twisted/twisted/trial/runner.py", line 482, in runTests
	    runner.runTests(randomize)
	  File "/home/buildbot/run/full2.4/Twisted/twisted/trial/runner.py", line 606, in runTests
	    self._signalStateMgr.restore()
	  File "/home/buildbot/run/full2.4/Twisted/twisted/trial/util.py", line 39, in restore
	    signal.signal(signum, handler)
	exceptions.RuntimeError: (22, 'Invalid argument')
	

-!*@&-!*@&-!*@&-!*@&-!*@&-!*@&-!*@&-!*@&-!*@&-!*@&-!*@&-!*@&-!*@&-!*@&-!*@&-!*@&-!*@&-!*@&-!*@&-!*@&

test_book (twisted.lore.test.test_lore.TestFactory) ... [OK]

-!*@&-!*@&-!*@&-!*@&-!*@&-!*@&-!*@&-!*@&-!*@&-!*@&-!*@&-!*@&-!*@&-!*@&-!*@&-!*@&-!*@&-!*@&-!*@&-!*@&

	WHOOP! WHOOP! DANGER WILL ROBINSON! DANGER! WHOOP! WHOOP!
	caught exception in TestSuite! 

		TRIAL IS BROKEN!


	Traceback (most recent call last):
	  File "./bin/trial", line 24, in ?
	    run()
	  File "/home/buildbot/run/full2.4/Twisted/twisted/scripts/trial.py", line 677, in run
	    suite = reallyRun(config)
	  File "/home/buildbot/run/full2.4/Twisted/twisted/scripts/trial.py", line 656, in reallyRun
	    suite.run(config['random'])
	--- <exception caught here> ---
	  File "/home/buildbot/run/full2.4/Twisted/twisted/trial/runner.py", line 242, in run
	    tr.runTests(randomize=(seed is not None))
	  File "/home/buildbot/run/full2.4/Twisted/twisted/trial/runner.py", line 482, in runTests
	    runner.runTests(randomize)
	  File "/home/buildbot/run/full2.4/Twisted/twisted/trial/runner.py", line 606, in runTests
	    self._signalStateMgr.restore()
	  File "/home/buildbot/run/full2.4/Twisted/twisted/trial/util.py", line 39, in restore
	    signal.signal(signum, handler)
	exceptions.RuntimeError: (22, 'Invalid argument')
	

-!*@&-!*@&-!*@&-!*@&-!*@&-!*@&-!*@&-!*@&-!*@&-!*@&-!*@&-!*@&-!*@&-!*@&-!*@&-!*@&-!*@&-!*@&-!*@&-!*@&

testSendingFile (twisted.test.test_tpfile.FileSenderTestCase) ... [OK]

-!*@&-!*@&-!*@&-!*@&-!*@&-!*@&-!*@&-!*@&-!*@&-!*@&-!*@&-!*@&-!*@&-!*@&-!*@&-!*@&-!*@&-!*@&-!*@&-!*@&

	WHOOP! WHOOP! DANGER WILL ROBINSON! DANGER! WHOOP! WHOOP!
	caught exception in TestSuite! 

		TRIAL IS BROKEN!


	Traceback (most recent call last):
	  File "./bin/trial", line 24, in ?
	    run()
	  File "/home/buildbot/run/full2.4/Twisted/twisted/scripts/trial.py", line 677, in run
	    suite = reallyRun(config)
	  File "/home/buildbot/run/full2.4/Twisted/twisted/scripts/trial.py", line 656, in reallyRun
	    suite.run(config['random'])
	--- <exception caught here> ---
	  File "/home/buildbot/run/full2.4/Twisted/twisted/trial/runner.py", line 242, in run
	    tr.runTests(randomize=(seed is not None))
	  File "/home/buildbot/run/full2.4/Twisted/twisted/trial/runner.py", line 482, in runTests
	    runner.runTests(randomize)
	  File "/home/buildbot/run/full2.4/Twisted/twisted/trial/runner.py", line 606, in runTests
	    self._signalStateMgr.restore()
	  File "/home/buildbot/run/full2.4/Twisted/twisted/trial/util.py", line 39, in restore
	    signal.signal(signum, handler)
	exceptions.RuntimeError: (22, 'Invalid argument')
	

-!*@&-!*@&-!*@&-!*@&-!*@&-!*@&-!*@&-!*@&-!*@&-!*@&-!*@&-!*@&-!*@&-!*@&-!*@&-!*@&-!*@&-!*@&-!*@&-!*@&

testContentEncoding (twisted.web2.test.test_http_headers.EntityHeaderParsingTests) ... [OK]

-!*@&-!*@&-!*@&-!*@&-!*@&-!*@&-!*@&-!*@&-!*@&-!*@&-!*@&-!*@&-!*@&-!*@&-!*@&-!*@&-!*@&-!*@&-!*@&-!*@&

	WHOOP! WHOOP! DANGER WILL ROBINSON! DANGER! WHOOP! WHOOP!
	caught exception in TestSuite! 

		TRIAL IS BROKEN!


	Traceback (most recent call last):
	  File "./bin/trial", line 24, in ?
	    run()
	  File "/home/buildbot/run/full2.4/Twisted/twisted/scripts/trial.py", line 677, in run
	    suite = reallyRun(config)
	  File "/home/buildbot/run/full2.4/Twisted/twisted/scripts/trial.py", line 656, in reallyRun
	    suite.run(config['random'])
	--- <exception caught here> ---
	  File "/home/buildbot/run/full2.4/Twisted/twisted/trial/runner.py", line 242, in run
	    tr.runTests(randomize=(seed is not None))
	  File "/home/buildbot/run/full2.4/Twisted/twisted/trial/runner.py", line 482, in runTests
	    runner.runTests(randomize)
	  File "/home/buildbot/run/full2.4/Twisted/twisted/trial/runner.py", line 606, in runTests
	    self._signalStateMgr.restore()
	  File "/home/buildbot/run/full2.4/Twisted/twisted/trial/util.py", line 39, in restore
	    signal.signal(signum, handler)
	exceptions.RuntimeError: (22, 'Invalid argument')
	

-!*@&-!*@&-!*@&-!*@&-!*@&-!*@&-!*@&-!*@&-!*@&-!*@&-!*@&-!*@&-!*@&-!*@&-!*@&-!*@&-!*@&-!*@&-!*@&-!*@&

testDate (twisted.test.test_formmethod.ArgumentTestCase) ... [OK]

-!*@&-!*@&-!*@&-!*@&-!*@&-!*@&-!*@&-!*@&-!*@&-!*@&-!*@&-!*@&-!*@&-!*@&-!*@&-!*@&-!*@&-!*@&-!*@&-!*@&

	WHOOP! WHOOP! DANGER WILL ROBINSON! DANGER! WHOOP! WHOOP!
	caught exception in TestSuite! 

		TRIAL IS BROKEN!


	Traceback (most recent call last):
	  File "./bin/trial", line 24, in ?
	    run()
	  File "/home/buildbot/run/full2.4/Twisted/twisted/scripts/trial.py", line 677, in run
	    suite = reallyRun(config)
	  File "/home/buildbot/run/full2.4/Twisted/twisted/scripts/trial.py", line 656, in reallyRun
	    suite.run(config['random'])
	--- <exception caught here> ---
	  File "/home/buildbot/run/full2.4/Twisted/twisted/trial/runner.py", line 242, in run
	    tr.runTests(randomize=(seed is not None))
	  File "/home/buildbot/run/full2.4/Twisted/twisted/trial/runner.py", line 482, in runTests
	    runner.runTests(randomize)
	  File "/home/buildbot/run/full2.4/Twisted/twisted/trial/runner.py", line 606, in runTests
	    self._signalStateMgr.restore()
	  File "/home/buildbot/run/full2.4/Twisted/twisted/trial/util.py", line 39, in restore
	    signal.signal(signum, handler)
	exceptions.RuntimeError: (22, 'Invalid argument')
	

-!*@&-!*@&-!*@&-!*@&-!*@&-!*@&-!*@&-!*@&-!*@&-!*@&-!*@&-!*@&-!*@&-!*@&-!*@&-!*@&-!*@&-!*@&-!*@&-!*@&


-!*@&-!*@&-!*@&-!*@&-!*@&-!*@&-!*@&-!*@&-!*@&-!*@&-!*@&-!*@&-!*@&-!*@&-!*@&-!*@&-!*@&-!*@&-!*@&-!*@&

	WHOOP! WHOOP! DANGER WILL ROBINSON! DANGER! WHOOP! WHOOP!
	caught exception in TestSuite! 

		TRIAL IS BROKEN!


	Traceback (most recent call last):
	  File "./bin/trial", line 24, in ?
	    run()
	  File "/home/buildbot/run/full2.4/Twisted/twisted/scripts/trial.py", line 677, in run
	    suite = reallyRun(config)
	  File "/home/buildbot/run/full2.4/Twisted/twisted/scripts/trial.py", line 656, in reallyRun
	    suite.run(config['random'])
	--- <exception caught here> ---
	  File "/home/buildbot/run/full2.4/Twisted/twisted/trial/runner.py", line 242, in run
	    tr.runTests(randomize=(seed is not None))
	  File "/home/buildbot/run/full2.4/Twisted/twisted/trial/runner.py", line 482, in runTests
	    runner.runTests(randomize)
	  File "/home/buildbot/run/full2.4/Twisted/twisted/trial/runner.py", line 606, in runTests
	    self._signalStateMgr.restore()
	  File "/home/buildbot/run/full2.4/Twisted/twisted/trial/util.py", line 39, in restore
	    signal.signal(signum, handler)
	exceptions.RuntimeError: (22, 'Invalid argument')
	

-!*@&-!*@&-!*@&-!*@&-!*@&-!*@&-!*@&-!*@&-!*@&-!*@&-!*@&-!*@&-!*@&-!*@&-!*@&-!*@&-!*@&-!*@&-!*@&-!*@&

testAllKeywords (twisted.test.test_strports.ParserTestCase) ... [OK]

-!*@&-!*@&-!*@&-!*@&-!*@&-!*@&-!*@&-!*@&-!*@&-!*@&-!*@&-!*@&-!*@&-!*@&-!*@&-!*@&-!*@&-!*@&-!*@&-!*@&

	WHOOP! WHOOP! DANGER WILL ROBINSON! DANGER! WHOOP! WHOOP!
	caught exception in TestSuite! 

		TRIAL IS BROKEN!


	Traceback (most recent call last):
	  File "./bin/trial", line 24, in ?
	    run()
	  File "/home/buildbot/run/full2.4/Twisted/twisted/scripts/trial.py", line 677, in run
	    suite = reallyRun(config)
	  File "/home/buildbot/run/full2.4/Twisted/twisted/scripts/trial.py", line 656, in reallyRun
	    suite.run(config['random'])
	--- <exception caught here> ---
	  File "/home/buildbot/run/full2.4/Twisted/twisted/trial/runner.py", line 242, in run
	    tr.runTests(randomize=(seed is not None))
	  File "/home/buildbot/run/full2.4/Twisted/twisted/trial/runner.py", line 482, in runTests
	    runner.runTests(randomize)
	  File "/home/buildbot/run/full2.4/Twisted/twisted/trial/runner.py", line 606, in runTests
	    self._signalStateMgr.restore()
	  File "/home/buildbot/run/full2.4/Twisted/twisted/trial/util.py", line 39, in restore
	    signal.signal(signum, handler)
	exceptions.RuntimeError: (22, 'Invalid argument')
	

-!*@&-!*@&-!*@&-!*@&-!*@&-!*@&-!*@&-!*@&-!*@&-!*@&-!*@&-!*@&-!*@&-!*@&-!*@&-!*@&-!*@&-!*@&-!*@&-!*@&

testPackages (twisted.test.test_doc.DocCoverage) ... 
/home/buildbot/run/full2.4/Twisted/twisted/words/im/__init__.py:8: exceptions.UserWarning: twisted.im will be undergoing a rewrite at some point in the future.
[OK]

-!*@&-!*@&-!*@&-!*@&-!*@&-!*@&-!*@&-!*@&-!*@&-!*@&-!*@&-!*@&-!*@&-!*@&-!*@&-!*@&-!*@&-!*@&-!*@&-!*@&

	WHOOP! WHOOP! DANGER WILL ROBINSON! DANGER! WHOOP! WHOOP!
	caught exception in TestSuite! 

		TRIAL IS BROKEN!


	Traceback (most recent call last):
	  File "./bin/trial", line 24, in ?
	    run()
	  File "/home/buildbot/run/full2.4/Twisted/twisted/scripts/trial.py", line 677, in run
	    suite = reallyRun(config)
	  File "/home/buildbot/run/full2.4/Twisted/twisted/scripts/trial.py", line 656, in reallyRun
	    suite.run(config['random'])
	--- <exception caught here> ---
	  File "/home/buildbot/run/full2.4/Twisted/twisted/trial/runner.py", line 242, in run
	    tr.runTests(randomize=(seed is not None))
	  File "/home/buildbot/run/full2.4/Twisted/twisted/trial/runner.py", line 482, in runTests
	    runner.runTests(randomize)
	  File "/home/buildbot/run/full2.4/Twisted/twisted/trial/runner.py", line 606, in runTests
	    self._signalStateMgr.restore()
	  File "/home/buildbot/run/full2.4/Twisted/twisted/trial/util.py", line 39, in restore
	    signal.signal(signum, handler)
	exceptions.RuntimeError: (22, 'Invalid argument')
	

-!*@&-!*@&-!*@&-!*@&-!*@&-!*@&-!*@&-!*@&-!*@&-!*@&-!*@&-!*@&-!*@&-!*@&-!*@&-!*@&-!*@&-!*@&-!*@&-!*@&

testLoopback (twisted.news.test.test_nntp.NNTPTestCase) ... [OK]

-!*@&-!*@&-!*@&-!*@&-!*@&-!*@&-!*@&-!*@&-!*@&-!*@&-!*@&-!*@&-!*@&-!*@&-!*@&-!*@&-!*@&-!*@&-!*@&-!*@&

	WHOOP! WHOOP! DANGER WILL ROBINSON! DANGER! WHOOP! WHOOP!
	caught exception in TestSuite! 

		TRIAL IS BROKEN!


	Traceback (most recent call last):
	  File "./bin/trial", line 24, in ?
	    run()
	  File "/home/buildbot/run/full2.4/Twisted/twisted/scripts/trial.py", line 677, in run
	    suite = reallyRun(config)
	  File "/home/buildbot/run/full2.4/Twisted/twisted/scripts/trial.py", line 656, in reallyRun
	    suite.run(config['random'])
	--- <exception caught here> ---
	  File "/home/buildbot/run/full2.4/Twisted/twisted/trial/runner.py", line 242, in run
	    tr.runTests(randomize=(seed is not None))
	  File "/home/buildbot/run/full2.4/Twisted/twisted/trial/runner.py", line 482, in runTests
	    runner.runTests(randomize)
	  File "/home/buildbot/run/full2.4/Twisted/twisted/trial/runner.py", line 606, in runTests
	    self._signalStateMgr.restore()
	  File "/home/buildbot/run/full2.4/Twisted/twisted/trial/util.py", line 39, in restore
	    signal.signal(signum, handler)
	exceptions.RuntimeError: (22, 'Invalid argument')
	

-!*@&-!*@&-!*@&-!*@&-!*@&-!*@&-!*@&-!*@&-!*@&-!*@&-!*@&-!*@&-!*@&-!*@&-!*@&-!*@&-!*@&-!*@&-!*@&-!*@&

testQuery (twisted.names.test.test_dns.RoundtripDNSTestCase) ... [OK]

-!*@&-!*@&-!*@&-!*@&-!*@&-!*@&-!*@&-!*@&-!*@&-!*@&-!*@&-!*@&-!*@&-!*@&-!*@&-!*@&-!*@&-!*@&-!*@&-!*@&

	WHOOP! WHOOP! DANGER WILL ROBINSON! DANGER! WHOOP! WHOOP!
	caught exception in TestSuite! 

		TRIAL IS BROKEN!


	Traceback (most recent call last):
	  File "./bin/trial", line 24, in ?
	    run()
	  File "/home/buildbot/run/full2.4/Twisted/twisted/scripts/trial.py", line 677, in run
	    suite = reallyRun(config)
	  File "/home/buildbot/run/full2.4/Twisted/twisted/scripts/trial.py", line 656, in reallyRun
	    suite.run(config['random'])
	--- <exception caught here> ---
	  File "/home/buildbot/run/full2.4/Twisted/twisted/trial/runner.py", line 242, in run
	    tr.runTests(randomize=(seed is not None))
	  File "/home/buildbot/run/full2.4/Twisted/twisted/trial/runner.py", line 482, in runTests
	    runner.runTests(randomize)
	  File "/home/buildbot/run/full2.4/Twisted/twisted/trial/runner.py", line 606, in runTests
	    self._signalStateMgr.restore()
	  File "/home/buildbot/run/full2.4/Twisted/twisted/trial/util.py", line 39, in restore
	    signal.signal(signum, handler)
	exceptions.RuntimeError: (22, 'Invalid argument')
	

-!*@&-!*@&-!*@&-!*@&-!*@&-!*@&-!*@&-!*@&-!*@&-!*@&-!*@&-!*@&-!*@&-!*@&-!*@&-!*@&-!*@&-!*@&-!*@&-!*@&

testIdleClientDoesDisconnect (twisted.mail.test.test_imap.Timeout) ... [OK]

-!*@&-!*@&-!*@&-!*@&-!*@&-!*@&-!*@&-!*@&-!*@&-!*@&-!*@&-!*@&-!*@&-!*@&-!*@&-!*@&-!*@&-!*@&-!*@&-!*@&

	WHOOP! WHOOP! DANGER WILL ROBINSON! DANGER! WHOOP! WHOOP!
	caught exception in TestSuite! 

		TRIAL IS BROKEN!


	Traceback (most recent call last):
	  File "./bin/trial", line 24, in ?
	    run()
	  File "/home/buildbot/run/full2.4/Twisted/twisted/scripts/trial.py", line 677, in run
	    suite = reallyRun(config)
	  File "/home/buildbot/run/full2.4/Twisted/twisted/scripts/trial.py", line 656, in reallyRun
	    suite.run(config['random'])
	--- <exception caught here> ---
	  File "/home/buildbot/run/full2.4/Twisted/twisted/trial/runner.py", line 242, in run
	    tr.runTests(randomize=(seed is not None))
	  File "/home/buildbot/run/full2.4/Twisted/twisted/trial/runner.py", line 482, in runTests
	    runner.runTests(randomize)
	  File "/home/buildbot/run/full2.4/Twisted/twisted/trial/runner.py", line 606, in runTests
	    self._signalStateMgr.restore()
	  File "/home/buildbot/run/full2.4/Twisted/twisted/trial/util.py", line 39, in restore
	    signal.signal(signum, handler)
	exceptions.RuntimeError: (22, 'Invalid argument')
	

-!*@&-!*@&-!*@&-!*@&-!*@&-!*@&-!*@&-!*@&-!*@&-!*@&-!*@&-!*@&-!*@&-!*@&-!*@&-!*@&-!*@&-!*@&-!*@&-!*@&

testBounceMIME (twisted.mail.test.test_bounce.BounceTestCase) ... [OK]

-!*@&-!*@&-!*@&-!*@&-!*@&-!*@&-!*@&-!*@&-!*@&-!*@&-!*@&-!*@&-!*@&-!*@&-!*@&-!*@&-!*@&-!*@&-!*@&-!*@&

	WHOOP! WHOOP! DANGER WILL ROBINSON! DANGER! WHOOP! WHOOP!
	caught exception in TestSuite! 

		TRIAL IS BROKEN!


	Traceback (most recent call last):
	  File "./bin/trial", line 24, in ?
	    run()
	  File "/home/buildbot/run/full2.4/Twisted/twisted/scripts/trial.py", line 677, in run
	    suite = reallyRun(config)
	  File "/home/buildbot/run/full2.4/Twisted/twisted/scripts/trial.py", line 656, in reallyRun
	    suite.run(config['random'])
	--- <exception caught here> ---
	  File "/home/buildbot/run/full2.4/Twisted/twisted/trial/runner.py", line 242, in run
	    tr.runTests(randomize=(seed is not None))
	  File "/home/buildbot/run/full2.4/Twisted/twisted/trial/runner.py", line 482, in runTests
	    runner.runTests(randomize)
	  File "/home/buildbot/run/full2.4/Twisted/twisted/trial/runner.py", line 606, in runTests
	    self._signalStateMgr.restore()
	  File "/home/buildbot/run/full2.4/Twisted/twisted/trial/util.py", line 39, in restore
	    signal.signal(signum, handler)
	exceptions.RuntimeError: (22, 'Invalid argument')
	

-!*@&-!*@&-!*@&-!*@&-!*@&-!*@&-!*@&-!*@&-!*@&-!*@&-!*@&-!*@&-!*@&-!*@&-!*@&-!*@&-!*@&-!*@&-!*@&-!*@&

testSM (twisted.words.test.test_jabbercomponent.TestJabberServiceManager) ... [OK]

-!*@&-!*@&-!*@&-!*@&-!*@&-!*@&-!*@&-!*@&-!*@&-!*@&-!*@&-!*@&-!*@&-!*@&-!*@&-!*@&-!*@&-!*@&-!*@&-!*@&

	WHOOP! WHOOP! DANGER WILL ROBINSON! DANGER! WHOOP! WHOOP!
	caught exception in TestSuite! 

		TRIAL IS BROKEN!


	Traceback (most recent call last):
	  File "./bin/trial", line 24, in ?
	    run()
	  File "/home/buildbot/run/full2.4/Twisted/twisted/scripts/trial.py", line 677, in run
	    suite = reallyRun(config)
	  File "/home/buildbot/run/full2.4/Twisted/twisted/scripts/trial.py", line 656, in reallyRun
	    suite.run(config['random'])
	--- <exception caught here> ---
	  File "/home/buildbot/run/full2.4/Twisted/twisted/trial/runner.py", line 242, in run
	    tr.runTests(randomize=(seed is not None))
	  File "/home/buildbot/run/full2.4/Twisted/twisted/trial/runner.py", line 482, in runTests
	    runner.runTests(randomize)
	  File "/home/buildbot/run/full2.4/Twisted/twisted/trial/runner.py", line 606, in runTests
	    self._signalStateMgr.restore()
	  File "/home/buildbot/run/full2.4/Twisted/twisted/trial/util.py", line 39, in restore
	    signal.signal(signum, handler)
	exceptions.RuntimeError: (22, 'Invalid argument')
	

-!*@&-!*@&-!*@&-!*@&-!*@&-!*@&-!*@&-!*@&-!*@&-!*@&-!*@&-!*@&-!*@&-!*@&-!*@&-!*@&-!*@&-!*@&-!*@&-!*@&

testHashedPasswords (twisted.test.test_newcred.OnDiskDatabaseTestCase) ... 
/home/buildbot/run/full2.4/Twisted/twisted/test/test_newcred.py:197: exceptions.DeprecationWarning: twisted.trial.util.deferredResult is DEPRECATED! Return a deferred from your test method, and trial will do the Right Thing. Alternatively, call twisted.trial.util.wait to block until the deferred fires.

/home/buildbot/run/full2.4/Twisted/twisted/test/test_newcred.py:200: exceptions.DeprecationWarning: twisted.trial.util.deferredResult is DEPRECATED! Return a deferred from your test method, and trial will do the Right Thing. Alternatively, call twisted.trial.util.wait to block until the deferred fires.

/home/buildbot/run/full2.4/Twisted/twisted/test/test_newcred.py:206: exceptions.DeprecationWarning: twisted.trial.util.deferredError is DEPRECATED! Return a deferred from your test method, and trial will do the Right Thing. Alternatively, call twisted.trial.util.wait to block until the deferred fires.

/home/buildbot/run/full2.4/Twisted/twisted/test/test_newcred.py:212: exceptions.DeprecationWarning: twisted.trial.util.deferredError is DEPRECATED! Return a deferred from your test method, and trial will do the Right Thing. Alternatively, call twisted.trial.util.wait to block until the deferred fires.

/home/buildbot/run/full2.4/Twisted/twisted/test/test_newcred.py:197: exceptions.DeprecationWarning: twisted.trial.util.deferredResult is DEPRECATED! Return a deferred from your test method, and trial will do the Right Thing. Alternatively, call twisted.trial.util.wait to block until the deferred fires.

/home/buildbot/run/full2.4/Twisted/twisted/test/test_newcred.py:200: exceptions.DeprecationWarning: twisted.trial.util.deferredResult is DEPRECATED! Return a deferred from your test method, and trial will do the Right Thing. Alternatively, call twisted.trial.util.wait to block until the deferred fires.

/home/buildbot/run/full2.4/Twisted/twisted/test/test_newcred.py:206: exceptions.DeprecationWarning: twisted.trial.util.deferredError is DEPRECATED! Return a deferred from your test method, and trial will do the Right Thing. Alternatively, call twisted.trial.util.wait to block until the deferred fires.

/home/buildbot/run/full2.4/Twisted/twisted/test/test_newcred.py:212: exceptions.DeprecationWarning: twisted.trial.util.deferredError is DEPRECATED! Return a deferred from your test method, and trial will do the Right Thing. Alternatively, call twisted.trial.util.wait to block until the deferred fires.

/home/buildbot/run/full2.4/Twisted/twisted/test/test_newcred.py:197: exceptions.DeprecationWarning: twisted.trial.util.deferredResult is DEPRECATED! Return a deferred from your test method, and trial will do the Right Thing. Alternatively, call twisted.trial.util.wait to block until the deferred fires.

/home/buildbot/run/full2.4/Twisted/twisted/test/test_newcred.py:200: exceptions.DeprecationWarning: twisted.trial.util.deferredResult is DEPRECATED! Return a deferred from your test method, and trial will do the Right Thing. Alternatively, call twisted.trial.util.wait to block until the deferred fires.

/home/buildbot/run/full2.4/Twisted/twisted/test/test_newcred.py:206: exceptions.DeprecationWarning: twisted.trial.util.deferredError is DEPRECATED! Return a deferred from your test method, and trial will do the Right Thing. Alternatively, call twisted.trial.util.wait to block until the deferred fires.

/home/buildbot/run/full2.4/Twisted/twisted/test/test_newcred.py:212: exceptions.DeprecationWarning: twisted.trial.util.deferredError is DEPRECATED! Return a deferred from your test method, and trial will do the Right Thing. Alternatively, call twisted.trial.util.wait to block until the deferred fires.
[OK]

-!*@&-!*@&-!*@&-!*@&-!*@&-!*@&-!*@&-!*@&-!*@&-!*@&-!*@&-!*@&-!*@&-!*@&-!*@&-!*@&-!*@&-!*@&-!*@&-!*@&

	WHOOP! WHOOP! DANGER WILL ROBINSON! DANGER! WHOOP! WHOOP!
	caught exception in TestSuite! 

		TRIAL IS BROKEN!


	Traceback (most recent call last):
	  File "./bin/trial", line 24, in ?
	    run()
	  File "/home/buildbot/run/full2.4/Twisted/twisted/scripts/trial.py", line 677, in run
	    suite = reallyRun(config)
	  File "/home/buildbot/run/full2.4/Twisted/twisted/scripts/trial.py", line 656, in reallyRun
	    suite.run(config['random'])
	--- <exception caught here> ---
	  File "/home/buildbot/run/full2.4/Twisted/twisted/trial/runner.py", line 242, in run
	    tr.runTests(randomize=(seed is not None))
	  File "/home/buildbot/run/full2.4/Twisted/twisted/trial/runner.py", line 482, in runTests
	    runner.runTests(randomize)
	  File "/home/buildbot/run/full2.4/Twisted/twisted/trial/runner.py", line 606, in runTests
	    self._signalStateMgr.restore()
	  File "/home/buildbot/run/full2.4/Twisted/twisted/trial/util.py", line 39, in restore
	    signal.signal(signum, handler)
	exceptions.RuntimeError: (22, 'Invalid argument')
	

-!*@&-!*@&-!*@&-!*@&-!*@&-!*@&-!*@&-!*@&-!*@&-!*@&-!*@&-!*@&-!*@&-!*@&-!*@&-!*@&-!*@&-!*@&-!*@&-!*@&

testSignal (twisted.test.test_process.PosixProcessTestCasePTY) ... [OK]

-!*@&-!*@&-!*@&-!*@&-!*@&-!*@&-!*@&-!*@&-!*@&-!*@&-!*@&-!*@&-!*@&-!*@&-!*@&-!*@&-!*@&-!*@&-!*@&-!*@&

	WHOOP! WHOOP! DANGER WILL ROBINSON! DANGER! WHOOP! WHOOP!
	caught exception in TestSuite! 

		TRIAL IS BROKEN!


	Traceback (most recent call last):
	  File "./bin/trial", line 24, in ?
	    run()
	  File "/home/buildbot/run/full2.4/Twisted/twisted/scripts/trial.py", line 677, in run
	    suite = reallyRun(config)
	  File "/home/buildbot/run/full2.4/Twisted/twisted/scripts/trial.py", line 656, in reallyRun
	    suite.run(config['random'])
	--- <exception caught here> ---
	  File "/home/buildbot/run/full2.4/Twisted/twisted/trial/runner.py", line 242, in run
	    tr.runTests(randomize=(seed is not None))
	  File "/home/buildbot/run/full2.4/Twisted/twisted/trial/runner.py", line 482, in runTests
	    runner.runTests(randomize)
	  File "/home/buildbot/run/full2.4/Twisted/twisted/trial/runner.py", line 606, in runTests
	    self._signalStateMgr.restore()
	  File "/home/buildbot/run/full2.4/Twisted/twisted/trial/util.py", line 39, in restore
	    signal.signal(signum, handler)
	exceptions.RuntimeError: (22, 'Invalid argument')
	

-!*@&-!*@&-!*@&-!*@&-!*@&-!*@&-!*@&-!*@&-!*@&-!*@&-!*@&-!*@&-!*@&-!*@&-!*@&-!*@&-!*@&-!*@&-!*@&-!*@&

testSuite (twisted.trial.test.test_doctest.TestRunners) ... [OK]

-!*@&-!*@&-!*@&-!*@&-!*@&-!*@&-!*@&-!*@&-!*@&-!*@&-!*@&-!*@&-!*@&-!*@&-!*@&-!*@&-!*@&-!*@&-!*@&-!*@&

	WHOOP! WHOOP! DANGER WILL ROBINSON! DANGER! WHOOP! WHOOP!
	caught exception in TestSuite! 

		TRIAL IS BROKEN!


	Traceback (most recent call last):
	  File "./bin/trial", line 24, in ?
	    run()
	  File "/home/buildbot/run/full2.4/Twisted/twisted/scripts/trial.py", line 677, in run
	    suite = reallyRun(config)
	  File "/home/buildbot/run/full2.4/Twisted/twisted/scripts/trial.py", line 656, in reallyRun
	    suite.run(config['random'])
	--- <exception caught here> ---
	  File "/home/buildbot/run/full2.4/Twisted/twisted/trial/runner.py", line 242, in run
	    tr.runTests(randomize=(seed is not None))
	  File "/home/buildbot/run/full2.4/Twisted/twisted/trial/runner.py", line 482, in runTests
	    runner.runTests(randomize)
	  File "/home/buildbot/run/full2.4/Twisted/twisted/trial/runner.py", line 606, in runTests
	    self._signalStateMgr.restore()
	  File "/home/buildbot/run/full2.4/Twisted/twisted/trial/util.py", line 39, in restore
	    signal.signal(signum, handler)
	exceptions.RuntimeError: (22, 'Invalid argument')
	

-!*@&-!*@&-!*@&-!*@&-!*@&-!*@&-!*@&-!*@&-!*@&-!*@&-!*@&-!*@&-!*@&-!*@&-!*@&-!*@&-!*@&-!*@&-!*@&-!*@&

testErrors (twisted.test.test_log.LogTest) ... [OK]

-!*@&-!*@&-!*@&-!*@&-!*@&-!*@&-!*@&-!*@&-!*@&-!*@&-!*@&-!*@&-!*@&-!*@&-!*@&-!*@&-!*@&-!*@&-!*@&-!*@&

	WHOOP! WHOOP! DANGER WILL ROBINSON! DANGER! WHOOP! WHOOP!
	caught exception in TestSuite! 

		TRIAL IS BROKEN!


	Traceback (most recent call last):
	  File "./bin/trial", line 24, in ?
	    run()
	  File "/home/buildbot/run/full2.4/Twisted/twisted/scripts/trial.py", line 677, in run
	    suite = reallyRun(config)
	  File "/home/buildbot/run/full2.4/Twisted/twisted/scripts/trial.py", line 656, in reallyRun
	    suite.run(config['random'])
	--- <exception caught here> ---
	  File "/home/buildbot/run/full2.4/Twisted/twisted/trial/runner.py", line 242, in run
	    tr.runTests(randomize=(seed is not None))
	  File "/home/buildbot/run/full2.4/Twisted/twisted/trial/runner.py", line 482, in runTests
	    runner.runTests(randomize)
	  File "/home/buildbot/run/full2.4/Twisted/twisted/trial/runner.py", line 606, in runTests
	    self._signalStateMgr.restore()
	  File "/home/buildbot/run/full2.4/Twisted/twisted/trial/util.py", line 39, in restore
	    signal.signal(signum, handler)
	exceptions.RuntimeError: (22, 'Invalid argument')
	

-!*@&-!*@&-!*@&-!*@&-!*@&-!*@&-!*@&-!*@&-!*@&-!*@&-!*@&-!*@&-!*@&-!*@&-!*@&-!*@&-!*@&-!*@&-!*@&-!*@&

testAttributes (twisted.test.test_components.TestZIBC) ... 
/home/buildbot/run/full2.4/Twisted/twisted/test/test_components.py:439: twisted.python.components.ComponentsDeprecationWarning: Please only use functions and zope.interface.Attributes as Interface class attributes (.a)

/home/buildbot/run/full2.4/Twisted/twisted/internet/defer.py:117: twisted.python.components.ComponentsDeprecationWarning: Don't get attributes (in this case, 'a') off Interface, use .queryDescriptionFor() etc. instead
[OK]

-!*@&-!*@&-!*@&-!*@&-!*@&-!*@&-!*@&-!*@&-!*@&-!*@&-!*@&-!*@&-!*@&-!*@&-!*@&-!*@&-!*@&-!*@&-!*@&-!*@&

	WHOOP! WHOOP! DANGER WILL ROBINSON! DANGER! WHOOP! WHOOP!
	caught exception in TestSuite! 

		TRIAL IS BROKEN!


	Traceback (most recent call last):
	  File "./bin/trial", line 24, in ?
	    run()
	  File "/home/buildbot/run/full2.4/Twisted/twisted/scripts/trial.py", line 677, in run
	    suite = reallyRun(config)
	  File "/home/buildbot/run/full2.4/Twisted/twisted/scripts/trial.py", line 656, in reallyRun
	    suite.run(config['random'])
	--- <exception caught here> ---
	  File "/home/buildbot/run/full2.4/Twisted/twisted/trial/runner.py", line 242, in run
	    tr.runTests(randomize=(seed is not None))
	  File "/home/buildbot/run/full2.4/Twisted/twisted/trial/runner.py", line 482, in runTests
	    runner.runTests(randomize)
	  File "/home/buildbot/run/full2.4/Twisted/twisted/trial/runner.py", line 606, in runTests
	    self._signalStateMgr.restore()
	  File "/home/buildbot/run/full2.4/Twisted/twisted/trial/util.py", line 39, in restore
	    signal.signal(signum, handler)
	exceptions.RuntimeError: (22, 'Invalid argument')
	

-!*@&-!*@&-!*@&-!*@&-!*@&-!*@&-!*@&-!*@&-!*@&-!*@&-!*@&-!*@&-!*@&-!*@&-!*@&-!*@&-!*@&-!*@&-!*@&-!*@&

testSneakyHiddenDoom (twisted.test.test_loopback.LoopbackTCPTestCase) ... [OK]

-!*@&-!*@&-!*@&-!*@&-!*@&-!*@&-!*@&-!*@&-!*@&-!*@&-!*@&-!*@&-!*@&-!*@&-!*@&-!*@&-!*@&-!*@&-!*@&-!*@&

	WHOOP! WHOOP! DANGER WILL ROBINSON! DANGER! WHOOP! WHOOP!
	caught exception in TestSuite! 

		TRIAL IS BROKEN!


	Traceback (most recent call last):
	  File "./bin/trial", line 24, in ?
	    run()
	  File "/home/buildbot/run/full2.4/Twisted/twisted/scripts/trial.py", line 677, in run
	    suite = reallyRun(config)
	  File "/home/buildbot/run/full2.4/Twisted/twisted/scripts/trial.py", line 656, in reallyRun
	    suite.run(config['random'])
	--- <exception caught here> ---
	  File "/home/buildbot/run/full2.4/Twisted/twisted/trial/runner.py", line 242, in run
	    tr.runTests(randomize=(seed is not None))
	  File "/home/buildbot/run/full2.4/Twisted/twisted/trial/runner.py", line 482, in runTests
	    runner.runTests(randomize)
	  File "/home/buildbot/run/full2.4/Twisted/twisted/trial/runner.py", line 606, in runTests
	    self._signalStateMgr.restore()
	  File "/home/buildbot/run/full2.4/Twisted/twisted/trial/util.py", line 39, in restore
	    signal.signal(signum, handler)
	exceptions.RuntimeError: (22, 'Invalid argument')
	

-!*@&-!*@&-!*@&-!*@&-!*@&-!*@&-!*@&-!*@&-!*@&-!*@&-!*@&-!*@&-!*@&-!*@&-!*@&-!*@&-!*@&-!*@&-!*@&-!*@&


-!*@&-!*@&-!*@&-!*@&-!*@&-!*@&-!*@&-!*@&-!*@&-!*@&-!*@&-!*@&-!*@&-!*@&-!*@&-!*@&-!*@&-!*@&-!*@&-!*@&

	WHOOP! WHOOP! DANGER WILL ROBINSON! DANGER! WHOOP! WHOOP!
	caught exception in TestSuite! 

		TRIAL IS BROKEN!


	Traceback (most recent call last):
	  File "./bin/trial", line 24, in ?
	    run()
	  File "/home/buildbot/run/full2.4/Twisted/twisted/scripts/trial.py", line 677, in run
	    suite = reallyRun(config)
	  File "/home/buildbot/run/full2.4/Twisted/twisted/scripts/trial.py", line 656, in reallyRun
	    suite.run(config['random'])
	--- <exception caught here> ---
	  File "/home/buildbot/run/full2.4/Twisted/twisted/trial/runner.py", line 242, in run
	    tr.runTests(randomize=(seed is not None))
	  File "/home/buildbot/run/full2.4/Twisted/twisted/trial/runner.py", line 482, in runTests
	    runner.runTests(randomize)
	  File "/home/buildbot/run/full2.4/Twisted/twisted/trial/runner.py", line 606, in runTests
	    self._signalStateMgr.restore()
	  File "/home/buildbot/run/full2.4/Twisted/twisted/trial/util.py", line 39, in restore
	    signal.signal(signum, handler)
	exceptions.RuntimeError: (22, 'Invalid argument')
	

-!*@&-!*@&-!*@&-!*@&-!*@&-!*@&-!*@&-!*@&-!*@&-!*@&-!*@&-!*@&-!*@&-!*@&-!*@&-!*@&-!*@&-!*@&-!*@&-!*@&

testAddingBadProtos_TooBig (twisted.pair.test.test_rawudp.RawUDPTestCase) ... [OK]

-!*@&-!*@&-!*@&-!*@&-!*@&-!*@&-!*@&-!*@&-!*@&-!*@&-!*@&-!*@&-!*@&-!*@&-!*@&-!*@&-!*@&-!*@&-!*@&-!*@&

	WHOOP! WHOOP! DANGER WILL ROBINSON! DANGER! WHOOP! WHOOP!
	caught exception in TestSuite! 

		TRIAL IS BROKEN!


	Traceback (most recent call last):
	  File "./bin/trial", line 24, in ?
	    run()
	  File "/home/buildbot/run/full2.4/Twisted/twisted/scripts/trial.py", line 677, in run
	    suite = reallyRun(config)
	  File "/home/buildbot/run/full2.4/Twisted/twisted/scripts/trial.py", line 656, in reallyRun
	    suite.run(config['random'])
	--- <exception caught here> ---
	  File "/home/buildbot/run/full2.4/Twisted/twisted/trial/runner.py", line 242, in run
	    tr.runTests(randomize=(seed is not None))
	  File "/home/buildbot/run/full2.4/Twisted/twisted/trial/runner.py", line 482, in runTests
	    runner.runTests(randomize)
	  File "/home/buildbot/run/full2.4/Twisted/twisted/trial/runner.py", line 606, in runTests
	    self._signalStateMgr.restore()
	  File "/home/buildbot/run/full2.4/Twisted/twisted/trial/util.py", line 39, in restore
	    signal.signal(signum, handler)
	exceptions.RuntimeError: (22, 'Invalid argument')
	

-!*@&-!*@&-!*@&-!*@&-!*@&-!*@&-!*@&-!*@&-!*@&-!*@&-!*@&-!*@&-!*@&-!*@&-!*@&-!*@&-!*@&-!*@&-!*@&-!*@&

testForwarding (twisted.test.test_finger.FingerTestCase) ... [OK]

-!*@&-!*@&-!*@&-!*@&-!*@&-!*@&-!*@&-!*@&-!*@&-!*@&-!*@&-!*@&-!*@&-!*@&-!*@&-!*@&-!*@&-!*@&-!*@&-!*@&

	WHOOP! WHOOP! DANGER WILL ROBINSON! DANGER! WHOOP! WHOOP!
	caught exception in TestSuite! 

		TRIAL IS BROKEN!


	Traceback (most recent call last):
	  File "./bin/trial", line 24, in ?
	    run()
	  File "/home/buildbot/run/full2.4/Twisted/twisted/scripts/trial.py", line 677, in run
	    suite = reallyRun(config)
	  File "/home/buildbot/run/full2.4/Twisted/twisted/scripts/trial.py", line 656, in reallyRun
	    suite.run(config['random'])
	--- <exception caught here> ---
	  File "/home/buildbot/run/full2.4/Twisted/twisted/trial/runner.py", line 242, in run
	    tr.runTests(randomize=(seed is not None))
	  File "/home/buildbot/run/full2.4/Twisted/twisted/trial/runner.py", line 482, in runTests
	    runner.runTests(randomize)
	  File "/home/buildbot/run/full2.4/Twisted/twisted/trial/runner.py", line 606, in runTests
	    self._signalStateMgr.restore()
	  File "/home/buildbot/run/full2.4/Twisted/twisted/trial/util.py", line 39, in restore
	    signal.signal(signum, handler)
	exceptions.RuntimeError: (22, 'Invalid argument')
	

-!*@&-!*@&-!*@&-!*@&-!*@&-!*@&-!*@&-!*@&-!*@&-!*@&-!*@&-!*@&-!*@&-!*@&-!*@&-!*@&-!*@&-!*@&-!*@&-!*@&

test_getAndClear (twisted.web.test.test_domhelpers.DomHelpersTest) ... [OK]

-!*@&-!*@&-!*@&-!*@&-!*@&-!*@&-!*@&-!*@&-!*@&-!*@&-!*@&-!*@&-!*@&-!*@&-!*@&-!*@&-!*@&-!*@&-!*@&-!*@&

	WHOOP! WHOOP! DANGER WILL ROBINSON! DANGER! WHOOP! WHOOP!
	caught exception in TestSuite! 

		TRIAL IS BROKEN!


	Traceback (most recent call last):
	  File "./bin/trial", line 24, in ?
	    run()
	  File "/home/buildbot/run/full2.4/Twisted/twisted/scripts/trial.py", line 677, in run
	    suite = reallyRun(config)
	  File "/home/buildbot/run/full2.4/Twisted/twisted/scripts/trial.py", line 656, in reallyRun
	    suite.run(config['random'])
	--- <exception caught here> ---
	  File "/home/buildbot/run/full2.4/Twisted/twisted/trial/runner.py", line 242, in run
	    tr.runTests(randomize=(seed is not None))
	  File "/home/buildbot/run/full2.4/Twisted/twisted/trial/runner.py", line 482, in runTests
	    runner.runTests(randomize)
	  File "/home/buildbot/run/full2.4/Twisted/twisted/trial/runner.py", line 606, in runTests
	    self._signalStateMgr.restore()
	  File "/home/buildbot/run/full2.4/Twisted/twisted/trial/util.py", line 39, in restore
	    signal.signal(signum, handler)
	exceptions.RuntimeError: (22, 'Invalid argument')
	

-!*@&-!*@&-!*@&-!*@&-!*@&-!*@&-!*@&-!*@&-!*@&-!*@&-!*@&-!*@&-!*@&-!*@&-!*@&-!*@&-!*@&-!*@&-!*@&-!*@&


/home/buildbot/run/full2.4/Twisted/twisted/words/service.py:528: exceptions.DeprecationWarning: Cred services are deprecated, use realms instead.
test_channelToGroup (twisted.words.test.test_tendril.TendrilTest) ... [OK]

-!*@&-!*@&-!*@&-!*@&-!*@&-!*@&-!*@&-!*@&-!*@&-!*@&-!*@&-!*@&-!*@&-!*@&-!*@&-!*@&-!*@&-!*@&-!*@&-!*@&

	WHOOP! WHOOP! DANGER WILL ROBINSON! DANGER! WHOOP! WHOOP!
	caught exception in TestSuite! 

		TRIAL IS BROKEN!


	Traceback (most recent call last):
	  File "./bin/trial", line 24, in ?
	    run()
	  File "/home/buildbot/run/full2.4/Twisted/twisted/scripts/trial.py", line 677, in run
	    suite = reallyRun(config)
	  File "/home/buildbot/run/full2.4/Twisted/twisted/scripts/trial.py", line 656, in reallyRun
	    suite.run(config['random'])
	--- <exception caught here> ---
	  File "/home/buildbot/run/full2.4/Twisted/twisted/trial/runner.py", line 242, in run
	    tr.runTests(randomize=(seed is not None))
	  File "/home/buildbot/run/full2.4/Twisted/twisted/trial/runner.py", line 482, in runTests
	    runner.runTests(randomize)
	  File "/home/buildbot/run/full2.4/Twisted/twisted/trial/runner.py", line 606, in runTests
	    self._signalStateMgr.restore()
	  File "/home/buildbot/run/full2.4/Twisted/twisted/trial/util.py", line 39, in restore
	    signal.signal(signum, handler)
	exceptions.RuntimeError: (22, 'Invalid argument')
	

-!*@&-!*@&-!*@&-!*@&-!*@&-!*@&-!*@&-!*@&-!*@&-!*@&-!*@&-!*@&-!*@&-!*@&-!*@&-!*@&-!*@&-!*@&-!*@&-!*@&

testSimpleCircle (twisted.test.test_jelly.CircularReferenceTestCase) ... [OK]

-!*@&-!*@&-!*@&-!*@&-!*@&-!*@&-!*@&-!*@&-!*@&-!*@&-!*@&-!*@&-!*@&-!*@&-!*@&-!*@&-!*@&-!*@&-!*@&-!*@&

	WHOOP! WHOOP! DANGER WILL ROBINSON! DANGER! WHOOP! WHOOP!
	caught exception in TestSuite! 

		TRIAL IS BROKEN!


	Traceback (most recent call last):
	  File "./bin/trial", line 24, in ?
	    run()
	  File "/home/buildbot/run/full2.4/Twisted/twisted/scripts/trial.py", line 677, in run
	    suite = reallyRun(config)
	  File "/home/buildbot/run/full2.4/Twisted/twisted/scripts/trial.py", line 656, in reallyRun
	    suite.run(config['random'])
	--- <exception caught here> ---
	  File "/home/buildbot/run/full2.4/Twisted/twisted/trial/runner.py", line 242, in run
	    tr.runTests(randomize=(seed is not None))
	  File "/home/buildbot/run/full2.4/Twisted/twisted/trial/runner.py", line 482, in runTests
	    runner.runTests(randomize)
	  File "/home/buildbot/run/full2.4/Twisted/twisted/trial/runner.py", line 606, in runTests
	    self._signalStateMgr.restore()
	  File "/home/buildbot/run/full2.4/Twisted/twisted/trial/util.py", line 39, in restore
	    signal.signal(signum, handler)
	exceptions.RuntimeError: (22, 'Invalid argument')
	

-!*@&-!*@&-!*@&-!*@&-!*@&-!*@&-!*@&-!*@&-!*@&-!*@&-!*@&-!*@&-!*@&-!*@&-!*@&-!*@&-!*@&-!*@&-!*@&-!*@&

testArticleRequest (twisted.news.test.test_news.NewsTestCase) ... [OK]

-!*@&-!*@&-!*@&-!*@&-!*@&-!*@&-!*@&-!*@&-!*@&-!*@&-!*@&-!*@&-!*@&-!*@&-!*@&-!*@&-!*@&-!*@&-!*@&-!*@&

	WHOOP! WHOOP! DANGER WILL ROBINSON! DANGER! WHOOP! WHOOP!
	caught exception in TestSuite! 

		TRIAL IS BROKEN!


	Traceback (most recent call last):
	  File "./bin/trial", line 24, in ?
	    run()
	  File "/home/buildbot/run/full2.4/Twisted/twisted/scripts/trial.py", line 677, in run
	    suite = reallyRun(config)
	  File "/home/buildbot/run/full2.4/Twisted/twisted/scripts/trial.py", line 656, in reallyRun
	    suite.run(config['random'])
	--- <exception caught here> ---
	  File "/home/buildbot/run/full2.4/Twisted/twisted/trial/runner.py", line 242, in run
	    tr.runTests(randomize=(seed is not None))
	  File "/home/buildbot/run/full2.4/Twisted/twisted/trial/runner.py", line 482, in runTests
	    runner.runTests(randomize)
	  File "/home/buildbot/run/full2.4/Twisted/twisted/trial/runner.py", line 606, in runTests
	    self._signalStateMgr.restore()
	  File "/home/buildbot/run/full2.4/Twisted/twisted/trial/util.py", line 39, in restore
	    signal.signal(signum, handler)
	exceptions.RuntimeError: (22, 'Invalid argument')
	

-!*@&-!*@&-!*@&-!*@&-!*@&-!*@&-!*@&-!*@&-!*@&-!*@&-!*@&-!*@&-!*@&-!*@&-!*@&-!*@&-!*@&-!*@&-!*@&-!*@&

testDistrib (twisted.web.test.test_distrib.DistribTest) ... 
/home/buildbot/run/full2.4/Twisted/twisted/web/distrib.py:165: exceptions.DeprecationWarning: This is deprecated. Use PBClientFactory.

/home/buildbot/run/full2.4/Twisted/twisted/web/server.py:110: exceptions.DeprecationWarning: IPv4Address.__getitem__ is deprecated.  Use attributes instead.

/home/buildbot/run/full2.4/Twisted/twisted/web/server.py:110: exceptions.DeprecationWarning: IPv4Address.__getitem__ is deprecated.  Use attributes instead.

/home/buildbot/run/full2.4/Twisted/twisted/web/server.py:110: exceptions.DeprecationWarning: IPv4Address.__getitem__ is deprecated.  Use attributes instead.

/home/buildbot/run/full2.4/Twisted/twisted/web/server.py:110: exceptions.DeprecationWarning: IPv4Address.__getitem__ is deprecated.  Use attributes instead.

/home/buildbot/run/full2.4/Twisted/twisted/web/server.py:111: exceptions.DeprecationWarning: IPv4Address.__getitem__ is deprecated.  Use attributes instead.

/home/buildbot/run/full2.4/Twisted/twisted/web/server.py:111: exceptions.DeprecationWarning: IPv4Address.__getitem__ is deprecated.  Use attributes instead.

/home/buildbot/run/full2.4/Twisted/twisted/web/server.py:111: exceptions.DeprecationWarning: IPv4Address.__getitem__ is deprecated.  Use attributes instead.

/home/buildbot/run/full2.4/Twisted/twisted/web/server.py:111: exceptions.DeprecationWarning: IPv4Address.__getitem__ is deprecated.  Use attributes instead.
[OK]

/home/buildbot/run/full2.4/Twisted/twisted/trial/reporter.py:237: twisted.trial.reporter.BrokenTestCaseWarning: REACTOR UNCLEAN! traceback(s) follow: 

Failure: twisted.trial.util.DirtyReactorWarning: THIS WILL BECOME AN ERROR SOON! reactor left in unclean state, the following Selectables were left over: ['<Broker #0 on 0>', "<twisted.internet.tcp.Client to ('127.0.0.1', 55246) at 4157618c>"]


-!*@&-!*@&-!*@&-!*@&-!*@&-!*@&-!*@&-!*@&-!*@&-!*@&-!*@&-!*@&-!*@&-!*@&-!*@&-!*@&-!*@&-!*@&-!*@&-!*@&

	WHOOP! WHOOP! DANGER WILL ROBINSON! DANGER! WHOOP! WHOOP!
	caught exception in TestSuite! 

		TRIAL IS BROKEN!


	Traceback (most recent call last):
	  File "./bin/trial", line 24, in ?
	    run()
	  File "/home/buildbot/run/full2.4/Twisted/twisted/scripts/trial.py", line 677, in run
	    suite = reallyRun(config)
	  File "/home/buildbot/run/full2.4/Twisted/twisted/scripts/trial.py", line 656, in reallyRun
	    suite.run(config['random'])
	--- <exception caught here> ---
	  File "/home/buildbot/run/full2.4/Twisted/twisted/trial/runner.py", line 242, in run
	    tr.runTests(randomize=(seed is not None))
	  File "/home/buildbot/run/full2.4/Twisted/twisted/trial/runner.py", line 482, in runTests
	    runner.runTests(randomize)
	  File "/home/buildbot/run/full2.4/Twisted/twisted/trial/runner.py", line 606, in runTests
	    self._signalStateMgr.restore()
	  File "/home/buildbot/run/full2.4/Twisted/twisted/trial/util.py", line 39, in restore
	    signal.signal(signum, handler)
	exceptions.RuntimeError: (22, 'Invalid argument')
	

-!*@&-!*@&-!*@&-!*@&-!*@&-!*@&-!*@&-!*@&-!*@&-!*@&-!*@&-!*@&-!*@&-!*@&-!*@&-!*@&-!*@&-!*@&-!*@&-!*@&

testRebuildInteraction (twisted.test.test_dirdbm.DirDbmTestCase) ... [OK]

-!*@&-!*@&-!*@&-!*@&-!*@&-!*@&-!*@&-!*@&-!*@&-!*@&-!*@&-!*@&-!*@&-!*@&-!*@&-!*@&-!*@&-!*@&-!*@&-!*@&

	WHOOP! WHOOP! DANGER WILL ROBINSON! DANGER! WHOOP! WHOOP!
	caught exception in TestSuite! 

		TRIAL IS BROKEN!


	Traceback (most recent call last):
	  File "./bin/trial", line 24, in ?
	    run()
	  File "/home/buildbot/run/full2.4/Twisted/twisted/scripts/trial.py", line 677, in run
	    suite = reallyRun(config)
	  File "/home/buildbot/run/full2.4/Twisted/twisted/scripts/trial.py", line 656, in reallyRun
	    suite.run(config['random'])
	--- <exception caught here> ---
	  File "/home/buildbot/run/full2.4/Twisted/twisted/trial/runner.py", line 242, in run
	    tr.runTests(randomize=(seed is not None))
	  File "/home/buildbot/run/full2.4/Twisted/twisted/trial/runner.py", line 482, in runTests
	    runner.runTests(randomize)
	  File "/home/buildbot/run/full2.4/Twisted/twisted/trial/runner.py", line 606, in runTests
	    self._signalStateMgr.restore()
	  File "/home/buildbot/run/full2.4/Twisted/twisted/trial/util.py", line 39, in restore
	    signal.signal(signum, handler)
	exceptions.RuntimeError: (22, 'Invalid argument')
	

-!*@&-!*@&-!*@&-!*@&-!*@&-!*@&-!*@&-!*@&-!*@&-!*@&-!*@&-!*@&-!*@&-!*@&-!*@&-!*@&-!*@&-!*@&-!*@&-!*@&

testPersistence (twisted.test.test_threadpool.ThreadPoolTestCase) ... [OK]

-!*@&-!*@&-!*@&-!*@&-!*@&-!*@&-!*@&-!*@&-!*@&-!*@&-!*@&-!*@&-!*@&-!*@&-!*@&-!*@&-!*@&-!*@&-!*@&-!*@&

	WHOOP! WHOOP! DANGER WILL ROBINSON! DANGER! WHOOP! WHOOP!
	caught exception in TestSuite! 

		TRIAL IS BROKEN!


	Traceback (most recent call last):
	  File "./bin/trial", line 24, in ?
	    run()
	  File "/home/buildbot/run/full2.4/Twisted/twisted/scripts/trial.py", line 677, in run
	    suite = reallyRun(config)
	  File "/home/buildbot/run/full2.4/Twisted/twisted/scripts/trial.py", line 656, in reallyRun
	    suite.run(config['random'])
	--- <exception caught here> ---
	  File "/home/buildbot/run/full2.4/Twisted/twisted/trial/runner.py", line 242, in run
	    tr.runTests(randomize=(seed is not None))
	  File "/home/buildbot/run/full2.4/Twisted/twisted/trial/runner.py", line 482, in runTests
	    runner.runTests(randomize)
	  File "/home/buildbot/run/full2.4/Twisted/twisted/trial/runner.py", line 606, in runTests
	    self._signalStateMgr.restore()
	  File "/home/buildbot/run/full2.4/Twisted/twisted/trial/util.py", line 39, in restore
	    signal.signal(signum, handler)
	exceptions.RuntimeError: (22, 'Invalid argument')
	

-!*@&-!*@&-!*@&-!*@&-!*@&-!*@&-!*@&-!*@&-!*@&-!*@&-!*@&-!*@&-!*@&-!*@&-!*@&-!*@&-!*@&-!*@&-!*@&-!*@&

testScheduling (twisted.test.test_internet.callFromThreadTestCase) ... [OK]

-!*@&-!*@&-!*@&-!*@&-!*@&-!*@&-!*@&-!*@&-!*@&-!*@&-!*@&-!*@&-!*@&-!*@&-!*@&-!*@&-!*@&-!*@&-!*@&-!*@&

	WHOOP! WHOOP! DANGER WILL ROBINSON! DANGER! WHOOP! WHOOP!
	caught exception in TestSuite! 

		TRIAL IS BROKEN!


	Traceback (most recent call last):
	  File "./bin/trial", line 24, in ?
	    run()
	  File "/home/buildbot/run/full2.4/Twisted/twisted/scripts/trial.py", line 677, in run
	    suite = reallyRun(config)
	  File "/home/buildbot/run/full2.4/Twisted/twisted/scripts/trial.py", line 656, in reallyRun
	    suite.run(config['random'])
	--- <exception caught here> ---
	  File "/home/buildbot/run/full2.4/Twisted/twisted/trial/runner.py", line 242, in run
	    tr.runTests(randomize=(seed is not None))
	  File "/home/buildbot/run/full2.4/Twisted/twisted/trial/runner.py", line 482, in runTests
	    runner.runTests(randomize)
	  File "/home/buildbot/run/full2.4/Twisted/twisted/trial/runner.py", line 606, in runTests
	    self._signalStateMgr.restore()
	  File "/home/buildbot/run/full2.4/Twisted/twisted/trial/util.py", line 39, in restore
	    signal.signal(signum, handler)
	exceptions.RuntimeError: (22, 'Invalid argument')
	

-!*@&-!*@&-!*@&-!*@&-!*@&-!*@&-!*@&-!*@&-!*@&-!*@&-!*@&-!*@&-!*@&-!*@&-!*@&-!*@&-!*@&-!*@&-!*@&-!*@&

testOutputSignal (twisted.test.test_iutils.UtilsTestCase) ... [OK]

-!*@&-!*@&-!*@&-!*@&-!*@&-!*@&-!*@&-!*@&-!*@&-!*@&-!*@&-!*@&-!*@&-!*@&-!*@&-!*@&-!*@&-!*@&-!*@&-!*@&

	WHOOP! WHOOP! DANGER WILL ROBINSON! DANGER! WHOOP! WHOOP!
	caught exception in TestSuite! 

		TRIAL IS BROKEN!


	Traceback (most recent call last):
	  File "./bin/trial", line 24, in ?
	    run()
	  File "/home/buildbot/run/full2.4/Twisted/twisted/scripts/trial.py", line 677, in run
	    suite = reallyRun(config)
	  File "/home/buildbot/run/full2.4/Twisted/twisted/scripts/trial.py", line 656, in reallyRun
	    suite.run(config['random'])
	--- <exception caught here> ---
	  File "/home/buildbot/run/full2.4/Twisted/twisted/trial/runner.py", line 242, in run
	    tr.runTests(randomize=(seed is not None))
	  File "/home/buildbot/run/full2.4/Twisted/twisted/trial/runner.py", line 482, in runTests
	    runner.runTests(randomize)
	  File "/home/buildbot/run/full2.4/Twisted/twisted/trial/runner.py", line 606, in runTests
	    self._signalStateMgr.restore()
	  File "/home/buildbot/run/full2.4/Twisted/twisted/trial/util.py", line 39, in restore
	    signal.signal(signum, handler)
	exceptions.RuntimeError: (22, 'Invalid argument')
	

-!*@&-!*@&-!*@&-!*@&-!*@&-!*@&-!*@&-!*@&-!*@&-!*@&-!*@&-!*@&-!*@&-!*@&-!*@&-!*@&-!*@&-!*@&-!*@&-!*@&

test_unzipping (twisted.test.test_zipstream.ZipstreamTest) ... [OK]

-!*@&-!*@&-!*@&-!*@&-!*@&-!*@&-!*@&-!*@&-!*@&-!*@&-!*@&-!*@&-!*@&-!*@&-!*@&-!*@&-!*@&-!*@&-!*@&-!*@&

	WHOOP! WHOOP! DANGER WILL ROBINSON! DANGER! WHOOP! WHOOP!
	caught exception in TestSuite! 

		TRIAL IS BROKEN!


	Traceback (most recent call last):
	  File "./bin/trial", line 24, in ?
	    run()
	  File "/home/buildbot/run/full2.4/Twisted/twisted/scripts/trial.py", line 677, in run
	    suite = reallyRun(config)
	  File "/home/buildbot/run/full2.4/Twisted/twisted/scripts/trial.py", line 656, in reallyRun
	    suite.run(config['random'])
	--- <exception caught here> ---
	  File "/home/buildbot/run/full2.4/Twisted/twisted/trial/runner.py", line 242, in run
	    tr.runTests(randomize=(seed is not None))
	  File "/home/buildbot/run/full2.4/Twisted/twisted/trial/runner.py", line 482, in runTests
	    runner.runTests(randomize)
	  File "/home/buildbot/run/full2.4/Twisted/twisted/trial/runner.py", line 606, in runTests
	    self._signalStateMgr.restore()
	  File "/home/buildbot/run/full2.4/Twisted/twisted/trial/util.py", line 39, in restore
	    signal.signal(signum, handler)
	exceptions.RuntimeError: (22, 'Invalid argument')
	

-!*@&-!*@&-!*@&-!*@&-!*@&-!*@&-!*@&-!*@&-!*@&-!*@&-!*@&-!*@&-!*@&-!*@&-!*@&-!*@&-!*@&-!*@&-!*@&-!*@&

testAddingBadProtos_TooBig (twisted.pair.test.test_ip.IPTestCase) ... [OK]

-!*@&-!*@&-!*@&-!*@&-!*@&-!*@&-!*@&-!*@&-!*@&-!*@&-!*@&-!*@&-!*@&-!*@&-!*@&-!*@&-!*@&-!*@&-!*@&-!*@&

	WHOOP! WHOOP! DANGER WILL ROBINSON! DANGER! WHOOP! WHOOP!
	caught exception in TestSuite! 

		TRIAL IS BROKEN!


	Traceback (most recent call last):
	  File "./bin/trial", line 24, in ?
	    run()
	  File "/home/buildbot/run/full2.4/Twisted/twisted/scripts/trial.py", line 677, in run
	    suite = reallyRun(config)
	  File "/home/buildbot/run/full2.4/Twisted/twisted/scripts/trial.py", line 656, in reallyRun
	    suite.run(config['random'])
	--- <exception caught here> ---
	  File "/home/buildbot/run/full2.4/Twisted/twisted/trial/runner.py", line 242, in run
	    tr.runTests(randomize=(seed is not None))
	  File "/home/buildbot/run/full2.4/Twisted/twisted/trial/runner.py", line 482, in runTests
	    runner.runTests(randomize)
	  File "/home/buildbot/run/full2.4/Twisted/twisted/trial/runner.py", line 606, in runTests
	    self._signalStateMgr.restore()
	  File "/home/buildbot/run/full2.4/Twisted/twisted/trial/util.py", line 39, in restore
	    signal.signal(signum, handler)
	exceptions.RuntimeError: (22, 'Invalid argument')
	

-!*@&-!*@&-!*@&-!*@&-!*@&-!*@&-!*@&-!*@&-!*@&-!*@&-!*@&-!*@&-!*@&-!*@&-!*@&-!*@&-!*@&-!*@&-!*@&-!*@&

testModePreservation (twisted.test.test_logfile.LogFileTestCase) ... [OK]

-!*@&-!*@&-!*@&-!*@&-!*@&-!*@&-!*@&-!*@&-!*@&-!*@&-!*@&-!*@&-!*@&-!*@&-!*@&-!*@&-!*@&-!*@&-!*@&-!*@&

	WHOOP! WHOOP! DANGER WILL ROBINSON! DANGER! WHOOP! WHOOP!
	caught exception in TestSuite! 

		TRIAL IS BROKEN!


	Traceback (most recent call last):
	  File "./bin/trial", line 24, in ?
	    run()
	  File "/home/buildbot/run/full2.4/Twisted/twisted/scripts/trial.py", line 677, in run
	    suite = reallyRun(config)
	  File "/home/buildbot/run/full2.4/Twisted/twisted/scripts/trial.py", line 656, in reallyRun
	    suite.run(config['random'])
	--- <exception caught here> ---
	  File "/home/buildbot/run/full2.4/Twisted/twisted/trial/runner.py", line 242, in run
	    tr.runTests(randomize=(seed is not None))
	  File "/home/buildbot/run/full2.4/Twisted/twisted/trial/runner.py", line 482, in runTests
	    runner.runTests(randomize)
	  File "/home/buildbot/run/full2.4/Twisted/twisted/trial/runner.py", line 606, in runTests
	    self._signalStateMgr.restore()
	  File "/home/buildbot/run/full2.4/Twisted/twisted/trial/util.py", line 39, in restore
	    signal.signal(signum, handler)
	exceptions.RuntimeError: (22, 'Invalid argument')
	

-!*@&-!*@&-!*@&-!*@&-!*@&-!*@&-!*@&-!*@&-!*@&-!*@&-!*@&-!*@&-!*@&-!*@&-!*@&-!*@&-!*@&-!*@&-!*@&-!*@&

testBuggyGen (twisted.test.test_defgen.DefGenTests) ... [OK]

-!*@&-!*@&-!*@&-!*@&-!*@&-!*@&-!*@&-!*@&-!*@&-!*@&-!*@&-!*@&-!*@&-!*@&-!*@&-!*@&-!*@&-!*@&-!*@&-!*@&

	WHOOP! WHOOP! DANGER WILL ROBINSON! DANGER! WHOOP! WHOOP!
	caught exception in TestSuite! 

		TRIAL IS BROKEN!


	Traceback (most recent call last):
	  File "./bin/trial", line 24, in ?
	    run()
	  File "/home/buildbot/run/full2.4/Twisted/twisted/scripts/trial.py", line 677, in run
	    suite = reallyRun(config)
	  File "/home/buildbot/run/full2.4/Twisted/twisted/scripts/trial.py", line 656, in reallyRun
	    suite.run(config['random'])
	--- <exception caught here> ---
	  File "/home/buildbot/run/full2.4/Twisted/twisted/trial/runner.py", line 242, in run
	    tr.runTests(randomize=(seed is not None))
	  File "/home/buildbot/run/full2.4/Twisted/twisted/trial/runner.py", line 482, in runTests
	    runner.runTests(randomize)
	  File "/home/buildbot/run/full2.4/Twisted/twisted/trial/runner.py", line 606, in runTests
	    self._signalStateMgr.restore()
	  File "/home/buildbot/run/full2.4/Twisted/twisted/trial/util.py", line 39, in restore
	    signal.signal(signum, handler)
	exceptions.RuntimeError: (22, 'Invalid argument')
	

-!*@&-!*@&-!*@&-!*@&-!*@&-!*@&-!*@&-!*@&-!*@&-!*@&-!*@&-!*@&-!*@&-!*@&-!*@&-!*@&-!*@&-!*@&-!*@&-!*@&

testSubHook (twisted.test.test_hook.HookTestCase) ... [OK]

-!*@&-!*@&-!*@&-!*@&-!*@&-!*@&-!*@&-!*@&-!*@&-!*@&-!*@&-!*@&-!*@&-!*@&-!*@&-!*@&-!*@&-!*@&-!*@&-!*@&

	WHOOP! WHOOP! DANGER WILL ROBINSON! DANGER! WHOOP! WHOOP!
	caught exception in TestSuite! 

		TRIAL IS BROKEN!


	Traceback (most recent call last):
	  File "./bin/trial", line 24, in ?
	    run()
	  File "/home/buildbot/run/full2.4/Twisted/twisted/scripts/trial.py", line 677, in run
	    suite = reallyRun(config)
	  File "/home/buildbot/run/full2.4/Twisted/twisted/scripts/trial.py", line 656, in reallyRun
	    suite.run(config['random'])
	--- <exception caught here> ---
	  File "/home/buildbot/run/full2.4/Twisted/twisted/trial/runner.py", line 242, in run
	    tr.runTests(randomize=(seed is not None))
	  File "/home/buildbot/run/full2.4/Twisted/twisted/trial/runner.py", line 482, in runTests
	    runner.runTests(randomize)
	  File "/home/buildbot/run/full2.4/Twisted/twisted/trial/runner.py", line 606, in runTests
	    self._signalStateMgr.restore()
	  File "/home/buildbot/run/full2.4/Twisted/twisted/trial/util.py", line 39, in restore

	    signal.signal(signum, handler)
	exceptions.RuntimeError: (22, 'Invalid argument')
	

-!*@&-!*@&-!*@&-!*@&-!*@&-!*@&-!*@&-!*@&-!*@&-!*@&-!*@&-!*@&-!*@&-!*@&-!*@&-!*@&-!*@&-!*@&-!*@&-!*@&

testPerspectiveInit (twisted.web.test.test_woven.GuardTest) ... 
/home/buildbot/run/full2.4/Twisted/twisted/cred/authorizer.py:103: exceptions.DeprecationWarning: Authorizers are deprecated, switch to portals/realms/etc.

/home/buildbot/run/full2.4/Twisted/twisted/web/test/test_woven.py:511: exceptions.DeprecationWarning: Cred services are deprecated, use realms instead.

/home/buildbot/run/full2.4/Twisted/twisted/cred/authorizer.py:66: exceptions.DeprecationWarning: Identities are deprecated, switch to credentialcheckers etc.

/home/buildbot/run/full2.4/Twisted/twisted/web/test/test_woven.py:522: exceptions.DeprecationWarning: Please use UsernamePasswordWrapper instead
[OK]

-!*@&-!*@&-!*@&-!*@&-!*@&-!*@&-!*@&-!*@&-!*@&-!*@&-!*@&-!*@&-!*@&-!*@&-!*@&-!*@&-!*@&-!*@&-!*@&-!*@&

	WHOOP! WHOOP! DANGER WILL ROBINSON! DANGER! WHOOP! WHOOP!
	caught exception in TestSuite! 

		TRIAL IS BROKEN!


	Traceback (most recent call last):
	  File "./bin/trial", line 24, in ?
	    run()
	  File "/home/buildbot/run/full2.4/Twisted/twisted/scripts/trial.py", line 677, in run
	    suite = reallyRun(config)
	  File "/home/buildbot/run/full2.4/Twisted/twisted/scripts/trial.py", line 656, in reallyRun
	    suite.run(config['random'])
	--- <exception caught here> ---
	  File "/home/buildbot/run/full2.4/Twisted/twisted/trial/runner.py", line 242, in run
	    tr.runTests(randomize=(seed is not None))
	  File "/home/buildbot/run/full2.4/Twisted/twisted/trial/runner.py", line 482, in runTests
	    runner.runTests(randomize)
	  File "/home/buildbot/run/full2.4/Twisted/twisted/trial/runner.py", line 606, in runTests
	    self._signalStateMgr.restore()
	  File "/home/buildbot/run/full2.4/Twisted/twisted/trial/util.py", line 39, in restore
	    signal.signal(signum, handler)
	exceptions.RuntimeError: (22, 'Invalid argument')
	

-!*@&-!*@&-!*@&-!*@&-!*@&-!*@&-!*@&-!*@&-!*@&-!*@&-!*@&-!*@&-!*@&-!*@&-!*@&-!*@&-!*@&-!*@&-!*@&-!*@&

testNotice (twisted.words.test.test_irc.BasicServerFunctionalityTestCase) ... [OK]

-!*@&-!*@&-!*@&-!*@&-!*@&-!*@&-!*@&-!*@&-!*@&-!*@&-!*@&-!*@&-!*@&-!*@&-!*@&-!*@&-!*@&-!*@&-!*@&-!*@&

	WHOOP! WHOOP! DANGER WILL ROBINSON! DANGER! WHOOP! WHOOP!
	caught exception in TestSuite! 

		TRIAL IS BROKEN!


	Traceback (most recent call last):
	  File "./bin/trial", line 24, in ?
	    run()
	  File "/home/buildbot/run/full2.4/Twisted/twisted/scripts/trial.py", line 677, in run
	    suite = reallyRun(config)
	  File "/home/buildbot/run/full2.4/Twisted/twisted/scripts/trial.py", line 656, in reallyRun
	    suite.run(config['random'])
	--- <exception caught here> ---
	  File "/home/buildbot/run/full2.4/Twisted/twisted/trial/runner.py", line 242, in run
	    tr.runTests(randomize=(seed is not None))
	  File "/home/buildbot/run/full2.4/Twisted/twisted/trial/runner.py", line 482, in runTests
	    runner.runTests(randomize)
	  File "/home/buildbot/run/full2.4/Twisted/twisted/trial/runner.py", line 606, in runTests
	    self._signalStateMgr.restore()
	  File "/home/buildbot/run/full2.4/Twisted/twisted/trial/util.py", line 39, in restore
	    signal.signal(signum, handler)
	exceptions.RuntimeError: (22, 'Invalid argument')
	

-!*@&-!*@&-!*@&-!*@&-!*@&-!*@&-!*@&-!*@&-!*@&-!*@&-!*@&-!*@&-!*@&-!*@&-!*@&-!*@&-!*@&-!*@&-!*@&-!*@&

testPrePathURLNonDefault (twisted.web.test.test_web.TestRequest) ... [OK]

-!*@&-!*@&-!*@&-!*@&-!*@&-!*@&-!*@&-!*@&-!*@&-!*@&-!*@&-!*@&-!*@&-!*@&-!*@&-!*@&-!*@&-!*@&-!*@&-!*@&

	WHOOP! WHOOP! DANGER WILL ROBINSON! DANGER! WHOOP! WHOOP!
	caught exception in TestSuite! 

		TRIAL IS BROKEN!


	Traceback (most recent call last):
	  File "./bin/trial", line 24, in ?
	    run()
	  File "/home/buildbot/run/full2.4/Twisted/twisted/scripts/trial.py", line 677, in run
	    suite = reallyRun(config)
	  File "/home/buildbot/run/full2.4/Twisted/twisted/scripts/trial.py", line 656, in reallyRun
	    suite.run(config['random'])
	--- <exception caught here> ---
	  File "/home/buildbot/run/full2.4/Twisted/twisted/trial/runner.py", line 242, in run
	    tr.runTests(randomize=(seed is not None))
	  File "/home/buildbot/run/full2.4/Twisted/twisted/trial/runner.py", line 482, in runTests
	    runner.runTests(randomize)
	  File "/home/buildbot/run/full2.4/Twisted/twisted/trial/runner.py", line 606, in runTests
	    self._signalStateMgr.restore()
	  File "/home/buildbot/run/full2.4/Twisted/twisted/trial/util.py", line 39, in restore
	    signal.signal(signum, handler)
	exceptions.RuntimeError: (22, 'Invalid argument')
	

-!*@&-!*@&-!*@&-!*@&-!*@&-!*@&-!*@&-!*@&-!*@&-!*@&-!*@&-!*@&-!*@&-!*@&-!*@&-!*@&-!*@&-!*@&-!*@&-!*@&


-!*@&-!*@&-!*@&-!*@&-!*@&-!*@&-!*@&-!*@&-!*@&-!*@&-!*@&-!*@&-!*@&-!*@&-!*@&-!*@&-!*@&-!*@&-!*@&-!*@&

	WHOOP! WHOOP! DANGER WILL ROBINSON! DANGER! WHOOP! WHOOP!
	caught exception in TestSuite! 

		TRIAL IS BROKEN!


	Traceback (most recent call last):
	  File "./bin/trial", line 24, in ?
	    run()
	  File "/home/buildbot/run/full2.4/Twisted/twisted/scripts/trial.py", line 677, in run
	    suite = reallyRun(config)
	  File "/home/buildbot/run/full2.4/Twisted/twisted/scripts/trial.py", line 656, in reallyRun
	    suite.run(config['random'])
	--- <exception caught here> ---
	  File "/home/buildbot/run/full2.4/Twisted/twisted/trial/runner.py", line 242, in run
	    tr.runTests(randomize=(seed is not None))
	  File "/home/buildbot/run/full2.4/Twisted/twisted/trial/runner.py", line 482, in runTests
	    runner.runTests(randomize)
	  File "/home/buildbot/run/full2.4/Twisted/twisted/trial/runner.py", line 606, in runTests
	    self._signalStateMgr.restore()
	  File "/home/buildbot/run/full2.4/Twisted/twisted/trial/util.py", line 39, in restore
	    signal.signal(signum, handler)
	exceptions.RuntimeError: (22, 'Invalid argument')
	

-!*@&-!*@&-!*@&-!*@&-!*@&-!*@&-!*@&-!*@&-!*@&-!*@&-!*@&-!*@&-!*@&-!*@&-!*@&-!*@&-!*@&-!*@&-!*@&-!*@&

testData (twisted.test.test_postfix.PostfixTCPMapQuoteTestCase) ... [OK]

-!*@&-!*@&-!*@&-!*@&-!*@&-!*@&-!*@&-!*@&-!*@&-!*@&-!*@&-!*@&-!*@&-!*@&-!*@&-!*@&-!*@&-!*@&-!*@&-!*@&

	WHOOP! WHOOP! DANGER WILL ROBINSON! DANGER! WHOOP! WHOOP!
	caught exception in TestSuite! 

		TRIAL IS BROKEN!


	Traceback (most recent call last):
	  File "./bin/trial", line 24, in ?
	    run()
	  File "/home/buildbot/run/full2.4/Twisted/twisted/scripts/trial.py", line 677, in run
	    suite = reallyRun(config)
	  File "/home/buildbot/run/full2.4/Twisted/twisted/scripts/trial.py", line 656, in reallyRun
	    suite.run(config['random'])
	--- <exception caught here> ---
	  File "/home/buildbot/run/full2.4/Twisted/twisted/trial/runner.py", line 242, in run
	    tr.runTests(randomize=(seed is not None))
	  File "/home/buildbot/run/full2.4/Twisted/twisted/trial/runner.py", line 482, in runTests
	    runner.runTests(randomize)
	  File "/home/buildbot/run/full2.4/Twisted/twisted/trial/runner.py", line 606, in runTests
	    self._signalStateMgr.restore()
	  File "/home/buildbot/run/full2.4/Twisted/twisted/trial/util.py", line 39, in restore
	    signal.signal(signum, handler)
	exceptions.RuntimeError: (22, 'Invalid argument')
	

-!*@&-!*@&-!*@&-!*@&-!*@&-!*@&-!*@&-!*@&-!*@&-!*@&-!*@&-!*@&-!*@&-!*@&-!*@&-!*@&-!*@&-!*@&-!*@&-!*@&

testInitializer (twisted.mail.test.test_mail.MaildirTestCase) ... [OK]

-!*@&-!*@&-!*@&-!*@&-!*@&-!*@&-!*@&-!*@&-!*@&-!*@&-!*@&-!*@&-!*@&-!*@&-!*@&-!*@&-!*@&-!*@&-!*@&-!*@&

	WHOOP! WHOOP! DANGER WILL ROBINSON! DANGER! WHOOP! WHOOP!
	caught exception in TestSuite! 

		TRIAL IS BROKEN!


	Traceback (most recent call last):
	  File "./bin/trial", line 24, in ?
	    run()
	  File "/home/buildbot/run/full2.4/Twisted/twisted/scripts/trial.py", line 677, in run
	    suite = reallyRun(config)
	  File "/home/buildbot/run/full2.4/Twisted/twisted/scripts/trial.py", line 656, in reallyRun
	    suite.run(config['random'])
	--- <exception caught here> ---
	  File "/home/buildbot/run/full2.4/Twisted/twisted/trial/runner.py", line 242, in run
	    tr.runTests(randomize=(seed is not None))
	  File "/home/buildbot/run/full2.4/Twisted/twisted/trial/runner.py", line 482, in runTests
	    runner.runTests(randomize)
	  File "/home/buildbot/run/full2.4/Twisted/twisted/trial/runner.py", line 606, in runTests
	    self._signalStateMgr.restore()
	  File "/home/buildbot/run/full2.4/Twisted/twisted/trial/util.py", line 39, in restore
	    signal.signal(signum, handler)
	exceptions.RuntimeError: (22, 'Invalid argument')
	

-!*@&-!*@&-!*@&-!*@&-!*@&-!*@&-!*@&-!*@&-!*@&-!*@&-!*@&-!*@&-!*@&-!*@&-!*@&-!*@&-!*@&-!*@&-!*@&-!*@&

testBuffer (twisted.test.test_protocols.LineOnlyReceiverTestCase) ... [OK]

-!*@&-!*@&-!*@&-!*@&-!*@&-!*@&-!*@&-!*@&-!*@&-!*@&-!*@&-!*@&-!*@&-!*@&-!*@&-!*@&-!*@&-!*@&-!*@&-!*@&

	WHOOP! WHOOP! DANGER WILL ROBINSON! DANGER! WHOOP! WHOOP!
	caught exception in TestSuite! 

		TRIAL IS BROKEN!


	Traceback (most recent call last):
	  File "./bin/trial", line 24, in ?
	    run()
	  File "/home/buildbot/run/full2.4/Twisted/twisted/scripts/trial.py", line 677, in run
	    suite = reallyRun(config)
	  File "/home/buildbot/run/full2.4/Twisted/twisted/scripts/trial.py", line 656, in reallyRun
	    suite.run(config['random'])
	--- <exception caught here> ---
	  File "/home/buildbot/run/full2.4/Twisted/twisted/trial/runner.py", line 242, in run
	    tr.runTests(randomize=(seed is not None))
	  File "/home/buildbot/run/full2.4/Twisted/twisted/trial/runner.py", line 482, in runTests
	    runner.runTests(randomize)
	  File "/home/buildbot/run/full2.4/Twisted/twisted/trial/runner.py", line 606, in runTests
	    self._signalStateMgr.restore()
	  File "/home/buildbot/run/full2.4/Twisted/twisted/trial/util.py", line 39, in restore
	    signal.signal(signum, handler)
	exceptions.RuntimeError: (22, 'Invalid argument')
	

-!*@&-!*@&-!*@&-!*@&-!*@&-!*@&-!*@&-!*@&-!*@&-!*@&-!*@&-!*@&-!*@&-!*@&-!*@&-!*@&-!*@&-!*@&-!*@&-!*@&

testViewConstruction (twisted.web.test.test_mvc.MVCTestCase) ... [OK]

-!*@&-!*@&-!*@&-!*@&-!*@&-!*@&-!*@&-!*@&-!*@&-!*@&-!*@&-!*@&-!*@&-!*@&-!*@&-!*@&-!*@&-!*@&-!*@&-!*@&

	WHOOP! WHOOP! DANGER WILL ROBINSON! DANGER! WHOOP! WHOOP!
	caught exception in TestSuite! 

		TRIAL IS BROKEN!


	Traceback (most recent call last):
	  File "./bin/trial", line 24, in ?
	    run()
	  File "/home/buildbot/run/full2.4/Twisted/twisted/scripts/trial.py", line 677, in run
	    suite = reallyRun(config)
	  File "/home/buildbot/run/full2.4/Twisted/twisted/scripts/trial.py", line 656, in reallyRun
	    suite.run(config['random'])
	--- <exception caught here> ---
	  File "/home/buildbot/run/full2.4/Twisted/twisted/trial/runner.py", line 242, in run
	    tr.runTests(randomize=(seed is not None))
	  File "/home/buildbot/run/full2.4/Twisted/twisted/trial/runner.py", line 482, in runTests
	    runner.runTests(randomize)
	  File "/home/buildbot/run/full2.4/Twisted/twisted/trial/runner.py", line 606, in runTests
	    self._signalStateMgr.restore()
	  File "/home/buildbot/run/full2.4/Twisted/twisted/trial/util.py", line 39, in restore
	    signal.signal(signum, handler)
	exceptions.RuntimeError: (22, 'Invalid argument')
	

-!*@&-!*@&-!*@&-!*@&-!*@&-!*@&-!*@&-!*@&-!*@&-!*@&-!*@&-!*@&-!*@&-!*@&-!*@&-!*@&-!*@&-!*@&-!*@&-!*@&

testRegisterService (twisted.test.test_app.ServiceTestCase) ... [OK]

-!*@&-!*@&-!*@&-!*@&-!*@&-!*@&-!*@&-!*@&-!*@&-!*@&-!*@&-!*@&-!*@&-!*@&-!*@&-!*@&-!*@&-!*@&-!*@&-!*@&

	WHOOP! WHOOP! DANGER WILL ROBINSON! DANGER! WHOOP! WHOOP!
	caught exception in TestSuite! 

		TRIAL IS BROKEN!


	Traceback (most recent call last):
	  File "./bin/trial", line 24, in ?
	    run()
	  File "/home/buildbot/run/full2.4/Twisted/twisted/scripts/trial.py", line 677, in run
	    suite = reallyRun(config)
	  File "/home/buildbot/run/full2.4/Twisted/twisted/scripts/trial.py", line 656, in reallyRun
	    suite.run(config['random'])
	--- <exception caught here> ---
	  File "/home/buildbot/run/full2.4/Twisted/twisted/trial/runner.py", line 242, in run
	    tr.runTests(randomize=(seed is not None))
	  File "/home/buildbot/run/full2.4/Twisted/twisted/trial/runner.py", line 482, in runTests
	    runner.runTests(randomize)
	  File "/home/buildbot/run/full2.4/Twisted/twisted/trial/runner.py", line 606, in runTests
	    self._signalStateMgr.restore()
	  File "/home/buildbot/run/full2.4/Twisted/twisted/trial/util.py", line 39, in restore
	    signal.signal(signum, handler)
	exceptions.RuntimeError: (22, 'Invalid argument')
	

-!*@&-!*@&-!*@&-!*@&-!*@&-!*@&-!*@&-!*@&-!*@&-!*@&-!*@&-!*@&-!*@&-!*@&-!*@&-!*@&-!*@&-!*@&-!*@&-!*@&

test_defaultSubcommand (twisted.test.test_usage.SubCommandTest) ... [OK]

-!*@&-!*@&-!*@&-!*@&-!*@&-!*@&-!*@&-!*@&-!*@&-!*@&-!*@&-!*@&-!*@&-!*@&-!*@&-!*@&-!*@&-!*@&-!*@&-!*@&

	WHOOP! WHOOP! DANGER WILL ROBINSON! DANGER! WHOOP! WHOOP!
	caught exception in TestSuite! 

		TRIAL IS BROKEN!


	Traceback (most recent call last):
	  File "./bin/trial", line 24, in ?
	    run()
	  File "/home/buildbot/run/full2.4/Twisted/twisted/scripts/trial.py", line 677, in run
	    suite = reallyRun(config)
	  File "/home/buildbot/run/full2.4/Twisted/twisted/scripts/trial.py", line 656, in reallyRun
	    suite.run(config['random'])
	--- <exception caught here> ---
	  File "/home/buildbot/run/full2.4/Twisted/twisted/trial/runner.py", line 242, in run
	    tr.runTests(randomize=(seed is not None))
	  File "/home/buildbot/run/full2.4/Twisted/twisted/trial/runner.py", line 482, in runTests
	    runner.runTests(randomize)
	  File "/home/buildbot/run/full2.4/Twisted/twisted/trial/runner.py", line 606, in runTests
	    self._signalStateMgr.restore()
	  File "/home/buildbot/run/full2.4/Twisted/twisted/trial/util.py", line 39, in restore
	    signal.signal(signum, handler)
	exceptions.RuntimeError: (22, 'Invalid argument')
	

-!*@&-!*@&-!*@&-!*@&-!*@&-!*@&-!*@&-!*@&-!*@&-!*@&-!*@&-!*@&-!*@&-!*@&-!*@&-!*@&-!*@&-!*@&-!*@&-!*@&

testImportErrorsFailRun (twisted.trial.test.test_trial.FunctionalTest) ... [FAIL]

-!*@&-!*@&-!*@&-!*@&-!*@&-!*@&-!*@&-!*@&-!*@&-!*@&-!*@&-!*@&-!*@&-!*@&-!*@&-!*@&-!*@&-!*@&-!*@&-!*@&

	WHOOP! WHOOP! DANGER WILL ROBINSON! DANGER! WHOOP! WHOOP!
	caught exception in TestSuite! 

		TRIAL IS BROKEN!


	Traceback (most recent call last):
	  File "./bin/trial", line 24, in ?
	    run()
	  File "/home/buildbot/run/full2.4/Twisted/twisted/scripts/trial.py", line 677, in run
	    suite = reallyRun(config)
	  File "/home/buildbot/run/full2.4/Twisted/twisted/scripts/trial.py", line 656, in reallyRun
	    suite.run(config['random'])
	--- <exception caught here> ---
	  File "/home/buildbot/run/full2.4/Twisted/twisted/trial/runner.py", line 242, in run
	    tr.runTests(randomize=(seed is not None))
	  File "/home/buildbot/run/full2.4/Twisted/twisted/trial/runner.py", line 482, in runTests
	    runner.runTests(randomize)
	  File "/home/buildbot/run/full2.4/Twisted/twisted/trial/runner.py", line 606, in runTests
	    self._signalStateMgr.restore()
	  File "/home/buildbot/run/full2.4/Twisted/twisted/trial/util.py", line 39, in restore
	    signal.signal(signum, handler)
	exceptions.RuntimeError: (22, 'Invalid argument')
	

-!*@&-!*@&-!*@&-!*@&-!*@&-!*@&-!*@&-!*@&-!*@&-!*@&-!*@&-!*@&-!*@&-!*@&-!*@&-!*@&-!*@&-!*@&-!*@&-!*@&

testCalling (twisted.test.test_application.TestInternet) ... [OK]

-!*@&-!*@&-!*@&-!*@&-!*@&-!*@&-!*@&-!*@&-!*@&-!*@&-!*@&-!*@&-!*@&-!*@&-!*@&-!*@&-!*@&-!*@&-!*@&-!*@&

	WHOOP! WHOOP! DANGER WILL ROBINSON! DANGER! WHOOP! WHOOP!
	caught exception in TestSuite! 

		TRIAL IS BROKEN!


	Traceback (most recent call last):
	  File "./bin/trial", line 24, in ?
	    run()
	  File "/home/buildbot/run/full2.4/Twisted/twisted/scripts/trial.py", line 677, in run
	    suite = reallyRun(config)
	  File "/home/buildbot/run/full2.4/Twisted/twisted/scripts/trial.py", line 656, in reallyRun
	    suite.run(config['random'])
	--- <exception caught here> ---
	  File "/home/buildbot/run/full2.4/Twisted/twisted/trial/runner.py", line 242, in run
	    tr.runTests(randomize=(seed is not None))
	  File "/home/buildbot/run/full2.4/Twisted/twisted/trial/runner.py", line 482, in runTests
	    runner.runTests(randomize)
	  File "/home/buildbot/run/full2.4/Twisted/twisted/trial/runner.py", line 606, in runTests
	    self._signalStateMgr.restore()
	  File "/home/buildbot/run/full2.4/Twisted/twisted/trial/util.py", line 39, in restore
	    signal.signal(signum, handler)
	exceptions.RuntimeError: (22, 'Invalid argument')
	

-!*@&-!*@&-!*@&-!*@&-!*@&-!*@&-!*@&-!*@&-!*@&-!*@&-!*@&-!*@&-!*@&-!*@&-!*@&-!*@&-!*@&-!*@&-!*@&-!*@&

testTypeSubclass (twisted.test.test_rebuild.NewStyleTestCase) ... [TODO]

-!*@&-!*@&-!*@&-!*@&-!*@&-!*@&-!*@&-!*@&-!*@&-!*@&-!*@&-!*@&-!*@&-!*@&-!*@&-!*@&-!*@&-!*@&-!*@&-!*@&

	WHOOP! WHOOP! DANGER WILL ROBINSON! DANGER! WHOOP! WHOOP!
	caught exception in TestSuite! 

		TRIAL IS BROKEN!


	Traceback (most recent call last):
	  File "./bin/trial", line 24, in ?
	    run()
	  File "/home/buildbot/run/full2.4/Twisted/twisted/scripts/trial.py", line 677, in run
	    suite = reallyRun(config)
	  File "/home/buildbot/run/full2.4/Twisted/twisted/scripts/trial.py", line 656, in reallyRun
	    suite.run(config['random'])
	--- <exception caught here> ---
	  File "/home/buildbot/run/full2.4/Twisted/twisted/trial/runner.py", line 242, in run
	    tr.runTests(randomize=(seed is not None))
	  File "/home/buildbot/run/full2.4/Twisted/twisted/trial/runner.py", line 482, in runTests
	    runner.runTests(randomize)
	  File "/home/buildbot/run/full2.4/Twisted/twisted/trial/runner.py", line 606, in runTests
	    self._signalStateMgr.restore()
	  File "/home/buildbot/run/full2.4/Twisted/twisted/trial/util.py", line 39, in restore
	    signal.signal(signum, handler)
	exceptions.RuntimeError: (22, 'Invalid argument')
	

-!*@&-!*@&-!*@&-!*@&-!*@&-!*@&-!*@&-!*@&-!*@&-!*@&-!*@&-!*@&-!*@&-!*@&-!*@&-!*@&-!*@&-!*@&-!*@&-!*@&

testCrashString (twisted.test.test_banana.BananaTestCase) ... [OK]

-!*@&-!*@&-!*@&-!*@&-!*@&-!*@&-!*@&-!*@&-!*@&-!*@&-!*@&-!*@&-!*@&-!*@&-!*@&-!*@&-!*@&-!*@&-!*@&-!*@&

	WHOOP! WHOOP! DANGER WILL ROBINSON! DANGER! WHOOP! WHOOP!
	caught exception in TestSuite! 

		TRIAL IS BROKEN!


	Traceback (most recent call last):
	  File "./bin/trial", line 24, in ?
	    run()
	  File "/home/buildbot/run/full2.4/Twisted/twisted/scripts/trial.py", line 677, in run
	    suite = reallyRun(config)
	  File "/home/buildbot/run/full2.4/Twisted/twisted/scripts/trial.py", line 656, in reallyRun
	    suite.run(config['random'])
	--- <exception caught here> ---
	  File "/home/buildbot/run/full2.4/Twisted/twisted/trial/runner.py", line 242, in run
	    tr.runTests(randomize=(seed is not None))
	  File "/home/buildbot/run/full2.4/Twisted/twisted/trial/runner.py", line 482, in runTests
	    runner.runTests(randomize)
	  File "/home/buildbot/run/full2.4/Twisted/twisted/trial/runner.py", line 606, in runTests
	    self._signalStateMgr.restore()
	  File "/home/buildbot/run/full2.4/Twisted/twisted/trial/util.py", line 39, in restore
	    signal.signal(signum, handler)
	exceptions.RuntimeError: (22, 'Invalid argument')
	

-!*@&-!*@&-!*@&-!*@&-!*@&-!*@&-!*@&-!*@&-!*@&-!*@&-!*@&-!*@&-!*@&-!*@&-!*@&-!*@&-!*@&-!*@&-!*@&-!*@&

testIsinstance (twisted.test.test_compat.CompatTestCase) ... [OK]

-!*@&-!*@&-!*@&-!*@&-!*@&-!*@&-!*@&-!*@&-!*@&-!*@&-!*@&-!*@&-!*@&-!*@&-!*@&-!*@&-!*@&-!*@&-!*@&-!*@&

	WHOOP! WHOOP! DANGER WILL ROBINSON! DANGER! WHOOP! WHOOP!
	caught exception in TestSuite! 

		TRIAL IS BROKEN!


	Traceback (most recent call last):
	  File "./bin/trial", line 24, in ?
	    run()
	  File "/home/buildbot/run/full2.4/Twisted/twisted/scripts/trial.py", line 677, in run
	    suite = reallyRun(config)
	  File "/home/buildbot/run/full2.4/Twisted/twisted/scripts/trial.py", line 656, in reallyRun
	    suite.run(config['random'])
	--- <exception caught here> ---
	  File "/home/buildbot/run/full2.4/Twisted/twisted/trial/runner.py", line 242, in run
	    tr.runTests(randomize=(seed is not None))
	  File "/home/buildbot/run/full2.4/Twisted/twisted/trial/runner.py", line 482, in runTests
	    runner.runTests(randomize)
	  File "/home/buildbot/run/full2.4/Twisted/twisted/trial/runner.py", line 606, in runTests
	    self._signalStateMgr.restore()
	  File "/home/buildbot/run/full2.4/Twisted/twisted/trial/util.py", line 39, in restore
	    signal.signal(signum, handler)
	exceptions.RuntimeError: (22, 'Invalid argument')
	

-!*@&-!*@&-!*@&-!*@&-!*@&-!*@&-!*@&-!*@&-!*@&-!*@&-!*@&-!*@&-!*@&-!*@&-!*@&-!*@&-!*@&-!*@&-!*@&-!*@&

testHomogenous (twisted.test.test_roots.RootsTest) ... [OK]

-!*@&-!*@&-!*@&-!*@&-!*@&-!*@&-!*@&-!*@&-!*@&-!*@&-!*@&-!*@&-!*@&-!*@&-!*@&-!*@&-!*@&-!*@&-!*@&-!*@&

	WHOOP! WHOOP! DANGER WILL ROBINSON! DANGER! WHOOP! WHOOP!
	caught exception in TestSuite! 

		TRIAL IS BROKEN!


	Traceback (most recent call last):
	  File "./bin/trial", line 24, in ?
	    run()
	  File "/home/buildbot/run/full2.4/Twisted/twisted/scripts/trial.py", line 677, in run
	    suite = reallyRun(config)
	  File "/home/buildbot/run/full2.4/Twisted/twisted/scripts/trial.py", line 656, in reallyRun
	    suite.run(config['random'])
	--- <exception caught here> ---
	  File "/home/buildbot/run/full2.4/Twisted/twisted/trial/runner.py", line 242, in run
	    tr.runTests(randomize=(seed is not None))
	  File "/home/buildbot/run/full2.4/Twisted/twisted/trial/runner.py", line 482, in runTests
	    runner.runTests(randomize)
	  File "/home/buildbot/run/full2.4/Twisted/twisted/trial/runner.py", line 606, in runTests
	    self._signalStateMgr.restore()
	  File "/home/buildbot/run/full2.4/Twisted/twisted/trial/util.py", line 39, in restore
	    signal.signal(signum, handler)
	exceptions.RuntimeError: (22, 'Invalid argument')
	

-!*@&-!*@&-!*@&-!*@&-!*@&-!*@&-!*@&-!*@&-!*@&-!*@&-!*@&-!*@&-!*@&-!*@&-!*@&-!*@&-!*@&-!*@&-!*@&-!*@&


-------------------------------------------------------------------------------
Ran 114 tests in 18.628s

PASSED
program finished with exit code 0

