<!DOCTYPE HTML PUBLIC "-//W3C//DTD HTML 4.01 Transitional//EN">
<HTML>
 <HEAD>
   <TITLE> [Twisted-Python] Status of Twisted Tests
   </TITLE>
   <LINK REL="Index" HREF="index.html" >
   <LINK REL="made" HREF="mailto:twisted-python%40twistedmatrix.com?Subject=Re%3A%20%5BTwisted-Python%5D%20Status%20of%20Twisted%20Tests&In-Reply-To=%3C41531D5A.5040700%40divmod.com%3E">
   <META NAME="robots" CONTENT="index,nofollow">
   <style type="text/css">
       pre {
           white-space: pre-wrap;       /* css-2.1, curent FF, Opera, Safari */
           }
   </style>
   <META http-equiv="Content-Type" content="text/html; charset=utf-8">
   <LINK REL="Previous"  HREF="041199.html">
   <LINK REL="Next"  HREF="041202.html">
 </HEAD>
 <BODY BGCOLOR="#ffffff">
   <H1>[Twisted-Python] Status of Twisted Tests</H1>
    <B>Jp Calderone</B> 
    <A HREF="mailto:twisted-python%40twistedmatrix.com?Subject=Re%3A%20%5BTwisted-Python%5D%20Status%20of%20Twisted%20Tests&In-Reply-To=%3C41531D5A.5040700%40divmod.com%3E"
       TITLE="[Twisted-Python] Status of Twisted Tests">exarkun at divmod.com
       </A><BR>
    <I>Thu Sep 23 13:00:42 MDT 2004</I>
    <P><UL>
        <LI>Previous message (by thread): <A HREF="041199.html">[Twisted-Python] tesdns.py basic question 
</A></li>
        <LI>Next message (by thread): <A HREF="041202.html">[Twisted-Python] Status of Twisted Tests
</A></li>
         <LI> <B>Messages sorted by:</B> 
              <a href="date.html#41201">[ date ]</a>
              <a href="thread.html#41201">[ thread ]</a>
              <a href="subject.html#41201">[ subject ]</a>
              <a href="author.html#41201">[ author ]</a>
         </LI>
       </UL>
    <HR>  
<!--beginarticle-->
<PRE>
   Python 2.2:

===============================================================================
ERROR: testOurServerCmdLineClient 
(twisted.conch.test.test_conch.SSHTransportTestCase)
-------------------------------------------------------------------------------
Traceback: twisted.trial.unittest.FailTest, unexpectedly lost connection 
&lt;twisted.conch.test.test_conch.SSHTestServer instance at 0x8dc2a5c&gt;
[Failure instance: Traceback: twisted.internet.error.ConnectionDone, 
Connection was closed cleanly.
]
/home/buildbot/run/full2.2/Twisted/twisted/python/log.py:53:callWithLogger
/home/buildbot/run/full2.2/Twisted/twisted/python/log.py:40:callWithContext
/home/buildbot/run/full2.2/Twisted/twisted/python/context.py:52:callWithContext
/home/buildbot/run/full2.2/Twisted/twisted/python/context.py:31:callWithContext
/home/buildbot/run/full2.2/Twisted/twisted/internet/default.py:521:_doReadOrWrite
/home/buildbot/run/full2.2/Twisted/twisted/internet/tcp.py:296:connectionLost
/home/buildbot/run/full2.2/Twisted/twisted/conch/test/test_conch.py:334:connectionLost
/home/buildbot/run/full2.2/Twisted/twisted/trial/unittest.py:86:fail
-------------------------------------------------------------------------------

   Python 2.3:

===============================================================================
FAILURE: testBasicFunction (twisted.test.test_task.LoopTestCase)
-------------------------------------------------------------------------------
Traceback (most recent call last):
   File 
&quot;/home/buildbot/BuildBot/slave/full2.3/Twisted/twisted/trial/unittest.py&quot;, 
line 240, in _runPhase
     stage(*args, **kwargs)
   File 
&quot;/home/buildbot/BuildBot/slave/full2.3/Twisted/twisted/trial/unittest.py&quot;, 
line 262, in _main
     self.runner(self.method)
   File 
&quot;/home/buildbot/BuildBot/slave/full2.3/Twisted/twisted/trial/runner.py&quot;, 
line 95, in runTest
     method()
   File 
&quot;/home/buildbot/BuildBot/slave/full2.3/Twisted/twisted/test/test_task.py&quot;, 
line 25, in testBasicFunction
     self.failUnless(9 &lt;= len(L) &lt;= 11)
   File 
&quot;/home/buildbot/BuildBot/slave/full2.3/Twisted/twisted/trial/unittest.py&quot;, 
line 98, in failUnless
     raise FailTest, message
FailTest
===============================================================================
FAILURE: testIdleClientDoesDisconnect (twisted.mail.test.test_imap.Timeout)
-------------------------------------------------------------------------------
Traceback (most recent call last):
   File 
&quot;/home/buildbot/BuildBot/slave/full2.3/Twisted/twisted/trial/unittest.py&quot;, 
line 240, in _runPhase
     stage(*args, **kwargs)
   File 
&quot;/home/buildbot/BuildBot/slave/full2.3/Twisted/twisted/trial/unittest.py&quot;, 
line 262, in _main
     self.runner(self.method)
   File 
&quot;/home/buildbot/BuildBot/slave/full2.3/Twisted/twisted/trial/runner.py&quot;, 
line 95, in runTest
     method()
   File 
&quot;/home/buildbot/BuildBot/slave/full2.3/Twisted/twisted/mail/test/test_imap.py&quot;, 
line 2348, in testIdleClientDoesDisconnect
     self.failUnless(time.time() - now &lt; 0.4)
   File 
&quot;/home/buildbot/BuildBot/slave/full2.3/Twisted/twisted/trial/unittest.py&quot;, 
line 98, in failUnless
     raise FailTest, message
FailTest
===============================================================================
ERROR: testOurServerCmdLineClient 
(twisted.conch.test.test_conch.SSHTransportTestCase)
-------------------------------------------------------------------------------
Traceback: twisted.trial.unittest.FailTest, unexpectedly lost connection 
&lt;twisted.conch.test.test_conch.SSHTestServer instance at 0x40e1492c&gt;
[Failure instance: Traceback: twisted.internet.error.ConnectionDone, 
Connection was closed cleanly.
]
/home/buildbot/BuildBot/slave/full2.3/Twisted/twisted/python/log.py:53:callWithLogger
/home/buildbot/BuildBot/slave/full2.3/Twisted/twisted/python/log.py:40:callWithContext
/home/buildbot/BuildBot/slave/full2.3/Twisted/twisted/python/context.py:52:callWithContext
/home/buildbot/BuildBot/slave/full2.3/Twisted/twisted/python/context.py:31:callWithContext
/home/buildbot/BuildBot/slave/full2.3/Twisted/twisted/internet/default.py:521:_doReadOrWrite
/home/buildbot/BuildBot/slave/full2.3/Twisted/twisted/internet/tcp.py:296:connectionLost
/home/buildbot/BuildBot/slave/full2.3/Twisted/twisted/conch/test/test_conch.py:334:connectionLost
/home/buildbot/BuildBot/slave/full2.3/Twisted/twisted/trial/unittest.py:86:fail
-------------------------------------------------------------------------------

   Python 2.4:

testAPileOfThings (twisted.mail.test.test_imap.TLSTestCase) ...
/home/buildbot/run/full2.4/Twisted/twisted/internet/tcp.py:531: 
exceptions.RuntimeWarning: startTLS with unwritten buffered data 
currently doesn't work right. See issue #686. Closing connection.
command timed out: 1200 seconds without output, killing pid 10997
process killed by signal 9
program finished with exit code -1

   OS X:
===============================================================================
ERROR: testOurServerCmdLineClient 
(twisted.conch.test.test_conch.SSHTransportTestCase)
-------------------------------------------------------------------------------
Traceback: twisted.trial.unittest.FailTest, unexpectedly lost connection 
&lt;twisted.conch.test.test_conch.SSHTestServer instance at 0x220c3c8&gt;
[Failure instance: Traceback: twisted.internet.error.ConnectionDone, 
Connection was closed cleanly.
]
/Users/buildbot/Buildbot/twisted/OSX-full2.3/Twisted/twisted/python/log.py:53:callWithLogger
/Users/buildbot/Buildbot/twisted/OSX-full2.3/Twisted/twisted/python/log.py:40:callWithContext
/Users/buildbot/Buildbot/twisted/OSX-full2.3/Twisted/twisted/python/context.py:52:callWithContext
/Users/buildbot/Buildbot/twisted/OSX-full2.3/Twisted/twisted/python/context.py:31:callWithContext
/Users/buildbot/Buildbot/twisted/OSX-full2.3/Twisted/twisted/internet/default.py:521:_doReadOrWrite
/Users/buildbot/Buildbot/twisted/OSX-full2.3/Twisted/twisted/internet/tcp.py:296:connectionLost
/Users/buildbot/Buildbot/twisted/OSX-full2.3/Twisted/twisted/conch/test/test_conch.py:334:connectionLost
/Users/buildbot/Buildbot/twisted/OSX-full2.3/Twisted/twisted/trial/unittest.py:86:fail
-------------------------------------------------------------------------------


   Win32Reactor:

===============================================================================
FAILURE: testWriter (twisted.test.test_tcp.LargeBufferTestCase)
-------------------------------------------------------------------------------
Traceback (most recent call last):
   File &quot;d:\Program 
Files\buildslave\W32-full2.2\Twisted\twisted\trial\unittest.py&quot;, line 
240, in _runPhase
     stage(*args, **kwargs)
   File &quot;d:\Program 
Files\buildslave\W32-full2.2\Twisted\twisted\trial\unittest.py&quot;, line 
262, in _main
     self.runner(self.method)
   File &quot;d:\Program 
Files\buildslave\W32-full2.2\Twisted\twisted\trial\runner.py&quot;, line 95, 
in runTest
     method()
   File &quot;d:\Program 
Files\buildslave\W32-full2.2\Twisted\twisted\test\test_tcp.py&quot;, line 
696, in testWriter
     self.failUnless(clientF.done, &quot;client didn't see connection dropped&quot;)
   File &quot;d:\Program 
Files\buildslave\W32-full2.2\Twisted\twisted\trial\unittest.py&quot;, line 
98, in failUnless
     raise FailTest, message
FailTest: client didn't see connection dropped
===============================================================================
FAILURE: test_loseConnection 
(twisted.test.test_wprocess.ProcessOnWin32TestCase)
-------------------------------------------------------------------------------
Traceback (most recent call last):
   File &quot;d:\Program 
Files\buildslave\W32-full2.2\Twisted\twisted\trial\unittest.py&quot;, line 
240, in _runPhase
     stage(*args, **kwargs)
   File &quot;d:\Program 
Files\buildslave\W32-full2.2\Twisted\twisted\trial\unittest.py&quot;, line 
262, in _main
     self.runner(self.method)
   File &quot;d:\Program 
Files\buildslave\W32-full2.2\Twisted\twisted\trial\runner.py&quot;, line 95, 
in runTest
     method()
   File &quot;d:\Program 
Files\buildslave\W32-full2.2\Twisted\twisted\test\test_wprocess.py&quot;, 
line 103, in test_loseConnection
     self._dieDieDie(diefunc = 'loseConnection')
   File &quot;d:\Program 
Files\buildslave\W32-full2.2\Twisted\twisted\test\test_wprocess.py&quot;, 
line 122, in _dieDieDie
     self.failUnless(actual.startswith('1\r\n'))
   File &quot;d:\Program 
Files\buildslave\W32-full2.2\Twisted\twisted\trial\unittest.py&quot;, line 
98, in failUnless
     raise FailTest, message
FailTest
===============================================================================
ERROR: test_bad_exit (twisted.test.test_wprocess.ProcessOnWin32TestCase)
-------------------------------------------------------------------------------
Traceback (most recent call last):
   File &quot;d:\Program 
Files\buildslave\W32-full2.2\Twisted\twisted\trial\unittest.py&quot;, line 
240, in _runPhase
     stage(*args, **kwargs)
   File &quot;d:\Program 
Files\buildslave\W32-full2.2\Twisted\twisted\trial\unittest.py&quot;, line 
262, in _main
     self.runner(self.method)
   File &quot;d:\Program 
Files\buildslave\W32-full2.2\Twisted\twisted\trial\runner.py&quot;, line 95, 
in runTest
     method()
   File &quot;d:\Program 
Files\buildslave\W32-full2.2\Twisted\twisted\test\test_wprocess.py&quot;, 
line 38, in test_bad_exit
     reason = util.wait(self.deferred)['reason']
   File &quot;d:\Program 
Files\buildslave\W32-full2.2\Twisted\twisted\trial\util.py&quot;, line 78, in 
wait
     result.raiseException()
   File &quot;d:\Program 
Files\buildslave\W32-full2.2\Twisted\twisted\python\failure.py&quot;, line 
242, in raiseException
     raise self.value.__class__, self.value, self.tb
TimeoutError: Callback timed out
===============================================================================
ERROR: test_err_python (twisted.test.test_wprocess.ProcessOnWin32TestCase)
-------------------------------------------------------------------------------
Traceback: twisted.internet.defer.AlreadyCalledError,
d:\Program 
Files\buildslave\W32-full2.2\Twisted\twisted\internet\defer.py:326:_runCallbacks
d:\Program 
Files\buildslave\W32-full2.2\Twisted\twisted\internet\wprocess.py:120:connectionLost
d:\Program 
Files\buildslave\W32-full2.2\Twisted\twisted\test\test_wprocess.py:21:processEnded
d:\Program 
Files\buildslave\W32-full2.2\Twisted\twisted\internet\defer.py:240:callback
d:\Program 
Files\buildslave\W32-full2.2\Twisted\twisted\internet\defer.py:287:_startRunCallbacks
-------------------------------------------------------------------------------

Additionally,

Could not import twisted.conch.test.test_sftp: Traceback: 
exceptions.ImportError, No module named fcntl
d:\Program 
Files\buildslave\W32-full2.2\Twisted\twisted\trial\unittest.py:344:addModule
d:\Program 
Files\buildslave\W32-full2.2\Twisted\twisted\python\reflect.py:344:namedModule
d:\Program 
Files\buildslave\W32-full2.2\Twisted\twisted\conch\test\test_sftp.py:1:?
d:\Program Files\buildslave\W32-full2.2\Twisted\twisted\conch\unix.py:8:?
d:\Program 
Files\buildslave\W32-full2.2\Twisted\twisted\internet\process.py:33:?
d:\Program 
Files\buildslave\W32-full2.2\Twisted\twisted\internet\fdesc.py:15:?

   This bodes ill of a 2.0 release in the foreseeable future.  If you 
have recently committed broken code, please fix it or revert it (or I 
may do it for you).  We have a sandbox and svn has reasonably good 
branch support.  Use 'em.

   Jp



</PRE>

<!--endarticle-->
    <HR>
    <P><UL>
        <!--threads-->
	<LI>Previous message (by thread): <A HREF="041199.html">[Twisted-Python] tesdns.py basic question 
</A></li>
	<LI>Next message (by thread): <A HREF="041202.html">[Twisted-Python] Status of Twisted Tests
</A></li>
         <LI> <B>Messages sorted by:</B> 
              <a href="date.html#41201">[ date ]</a>
              <a href="thread.html#41201">[ thread ]</a>
              <a href="subject.html#41201">[ subject ]</a>
              <a href="author.html#41201">[ author ]</a>
         </LI>
       </UL>

<hr>
<a href="https://twistedmatrix.com/cgi-bin/mailman/listinfo/twisted-python">More information about the Twisted-Python
mailing list</a><br>
</body></html>
