<tt>
&lt;div&nbsp;dir=&quot;ltr&quot;&gt;When&nbsp;I&nbsp;run&nbsp;the&nbsp;test&nbsp;suite&nbsp;on&nbsp;windows&nbsp;I&nbsp;end&nbsp;up&nbsp;with&nbsp;the&nbsp;following&nbsp;errors&nbsp;and&nbsp;failures&nbsp;-&nbsp;see&nbsp;below.&lt;div&gt;&lt;br&gt;&lt;/div&gt;&lt;div&gt;So&nbsp;my&nbsp;basic&nbsp;question&nbsp;is.&nbsp;Can&nbsp;anyone&nbsp;tell&nbsp;me&nbsp;what&nbsp;the&nbsp;latest&nbsp;state&nbsp;is&nbsp;for&nbsp;running&nbsp;tests&nbsp;on&nbsp;windows&nbsp;and&nbsp;in&nbsp;particular&nbsp;the&nbsp;state&nbsp;of&nbsp;running&nbsp;SSL&nbsp;on&nbsp;windows.&lt;/div&gt;&lt;div&gt;&lt;br&gt;&lt;/div&gt;&lt;div&gt;When&nbsp;I&nbsp;look&nbsp;at&nbsp;the&nbsp;buildbots&nbsp;status&nbsp;by&nbsp;and&nbsp;large&nbsp;they&nbsp;all&nbsp;show&nbsp;the&nbsp;windows&nbsp;results&nbsp;as&nbsp;green&nbsp;for&nbsp;python&nbsp;2.7&nbsp;and&nbsp;3.6. &lt;/div&gt;&lt;div&gt;&lt;br&gt;&lt;/div&gt;&lt;div&gt;<br>
<br>
&lt;span&nbsp;style=&quot;color:rgb(34,34,34);font-family:arial,sans-serif;font-size:small;font-style:normal;font-variant-ligatures:normal;font-variant-caps:normal;font-weight:400;letter-spacing:normal;text-align:start;text-indent:0px;text-transform:none;white-space:normal;word-spacing:0px;background-color:rgb(255,255,255);text-decoration-style:initial;text-decoration-color:initial;float:none;display:inline&quot;&gt;I&nbsp;assume&nbsp;then&nbsp;that&nbsp;the&nbsp;tests&nbsp;are&nbsp;passing.&nbsp;But&nbsp;maybe&nbsp;I&nbsp;misunderstand&nbsp;what&nbsp;the&nbsp;buildbot&nbsp;status&nbsp;is&nbsp;telling&nbsp;me.&lt;/span&gt;<br>
<br>
&lt;br&gt;&lt;/div&gt;&lt;div&gt;&lt;br&gt;&lt;/div&gt;&lt;div&gt;So&nbsp;should&nbsp;I&nbsp;be&nbsp;seeing&nbsp;these&nbsp;errors&nbsp;when&nbsp;the&nbsp;buildbots&nbsp;all&nbsp;show&nbsp;green.&nbsp;And&nbsp;if&nbsp;I&nbsp;should&nbsp;not, &nbsp;what&nbsp;am&nbsp;I&nbsp;doing&nbsp;wrong&nbsp;when&nbsp;running&nbsp;the&nbsp;tests.&lt;/div&gt;&lt;div&gt;&lt;br&gt;&lt;/div&gt;&lt;div&gt;Another&nbsp;point&nbsp;is&nbsp;regarding&nbsp;SSL&nbsp;which&nbsp;is&nbsp;why&nbsp;I&nbsp;am&nbsp;running&nbsp;the&nbsp;tests&nbsp;in&nbsp;the&nbsp;first&nbsp;place.&nbsp;I&nbsp;am&nbsp;looking&nbsp;at &lt;a&nbsp;href=&quot;https://twistedmatrix.com/trac/ticket/6371&quot;&gt;https://twistedmatrix.com/trac/ticket/6371&lt;/a&gt;&nbsp;with&nbsp;a&nbsp;view&nbsp;to&nbsp;getting&nbsp;the&nbsp;wincertstore&nbsp;working&nbsp;to&nbsp;load&nbsp;the&nbsp;system&nbsp;certificates.&nbsp;When&nbsp;I&nbsp;checked&nbsp;the&nbsp;standard&nbsp;library&nbsp;they&nbsp;are&nbsp;also&nbsp;loading&nbsp;the&nbsp;windows&nbsp;certificate&nbsp;store.&nbsp;So&nbsp;it&nbsp;seems&nbsp;best&nbsp;to&nbsp;stay&nbsp;in&nbsp;sync&nbsp;with&nbsp;them.&lt;/div&gt;&lt;div&gt;&lt;br&gt;&lt;/div&gt;&lt;div&gt;However,&nbsp;I&nbsp;see&nbsp;the&nbsp;following&nbsp;message&nbsp;from&nbsp;the&nbsp;test&nbsp;results&nbsp;that&nbsp;imply&nbsp;that&nbsp;the&nbsp;SSL&nbsp;port&nbsp;to&nbsp;python3&nbsp;has&nbsp;not&nbsp;been&nbsp;completed.&nbsp;That&nbsp;stops&nbsp;me&nbsp;in&nbsp;my&nbsp;tracks&nbsp;and&nbsp;I&nbsp;wonder&nbsp;whether&nbsp;the&nbsp;SSL&nbsp;port&nbsp;for&nbsp;python3&nbsp;is&nbsp;waiting&nbsp;for&nbsp;some&nbsp;fundamental&nbsp;work&nbsp;to&nbsp;be&nbsp;finished&nbsp;off.&lt;/div&gt;&lt;div&gt;&lt;br&gt;&lt;/div&gt;&lt;div&gt;<br>
<br>
&lt;div&nbsp;style=&quot;color:rgb(34,34,34);font-family:arial,sans-serif;font-size:small;font-style:normal;font-variant-ligatures:normal;font-variant-caps:normal;font-weight:400;letter-spacing:normal;text-align:start;text-indent:0px;text-transform:none;white-space:normal;word-spacing:0px;text-decoration-style:initial;text-decoration-color:initial;background-color:rgb(255,255,255)&quot;&gt;[SKIPPED]&lt;/div&gt;&lt;div&nbsp;style=&quot;color:rgb(34,34,34);font-family:arial,sans-serif;font-size:small;font-style:normal;font-variant-ligatures:normal;font-variant-caps:normal;font-weight:400;letter-spacing:normal;text-align:start;text-indent:0px;text-transform:none;white-space:normal;word-spacing:0px;text-decoration-style:initial;text-decoration-color:initial;background-color:rgb(255,255,255)&quot;&gt;Re-enable&nbsp;once&nbsp;the&nbsp;Python&nbsp;3&nbsp;SSL&nbsp;port&nbsp;is&nbsp;done.&lt;/div&gt;&lt;div&nbsp;style=&quot;color:rgb(34,34,34);font-family:arial,sans-serif;font-size:small;font-style:normal;font-variant-ligatures:normal;font-variant-caps:normal;font-weight:400;letter-spacing:normal;text-align:start;text-indent:0px;text-transform:none;white-space:normal;word-spacing:0px;text-decoration-style:initial;text-decoration-color:initial;background-color:rgb(255,255,255)&quot;&gt;&lt;br&gt;&lt;/div&gt;&lt;div&nbsp;style=&quot;color:rgb(34,34,34);font-family:arial,sans-serif;font-size:small;font-style:normal;font-variant-ligatures:normal;font-variant-caps:normal;font-weight:400;letter-spacing:normal;text-align:start;text-indent:0px;text-transform:none;white-space:normal;word-spacing:0px;text-decoration-style:initial;text-decoration-color:initial;background-color:rgb(255,255,255)&quot;&gt;twisted.test.test_internet.PortStringificationTests.testSSL&lt;/div&gt;&lt;br&nbsp;class=&quot;gmail-Apple-interchange-newline&quot;&gt;<br>
<br>
&lt;br&gt;&lt;/div&gt;&lt;div&gt;&lt;br&gt;&lt;/div&gt;&lt;div&gt;Nevertheless,&nbsp;when&nbsp;I&nbsp;add&nbsp;the&nbsp;patch&nbsp;6371&nbsp;for&nbsp;_sslverify&nbsp;and&nbsp;run&nbsp;the&nbsp;tests&nbsp;for&nbsp;it,&nbsp;all&nbsp;works&nbsp;fine.&lt;/div&gt;&lt;div&gt;&lt;br&gt;&lt;/div&gt;&lt;div&gt;Then&nbsp;I&nbsp;run&nbsp;an&nbsp;https&nbsp;get&nbsp;using&nbsp;treq&nbsp;against&nbsp;&lt;a&nbsp;href=&quot;http://www.google.com&quot;&gt;www.google.com&lt;/a&gt;&nbsp;and&nbsp;&lt;a&nbsp;href=&quot;http://twistedmatrix.com&quot;&gt;twistedmatrix.com&lt;/a&gt;&nbsp;I&nbsp;get&nbsp;a&nbsp;200&nbsp;and&nbsp;the&nbsp;results&nbsp;back,&lt;/div&gt;&lt;div&gt;&lt;br&gt;&lt;/div&gt;&lt;div&gt;If&nbsp;I&nbsp;run&nbsp;the&nbsp;treq&nbsp;test&nbsp;without&nbsp;wincertstore&nbsp;installed,&nbsp;it&nbsp;fails&nbsp;with&nbsp;a&nbsp;wincertstore&nbsp;not&nbsp;installed&nbsp;message.&lt;/div&gt;&lt;div&gt;&lt;br&gt;&lt;/div&gt;&lt;div&gt;These&nbsp;simple&nbsp;tests&nbsp;imply&nbsp;that&nbsp;SSL&nbsp;is&nbsp;working,&nbsp;but&nbsp;I&nbsp;may&nbsp;be&nbsp;glossing&nbsp;over&nbsp;some&nbsp;important&nbsp;missing&nbsp;feature.&lt;/div&gt;&lt;div&gt;&lt;br&gt;&lt;/div&gt;&lt;div&gt;Has&nbsp;anyone&nbsp;got&nbsp;some&nbsp;helpful&nbsp;suggestions?&lt;/div&gt;&lt;div&gt;&lt;br&gt;&lt;/div&gt;&lt;div&gt;&lt;br&gt;&lt;/div&gt;&lt;div&gt;Below&nbsp;are&nbsp;the&nbsp;test&nbsp;results:&lt;/div&gt;&lt;div&gt;-------------------------------&lt;/div&gt;&lt;div&gt;<br>
<br>
&lt;div&nbsp;style=&quot;color:rgb(34,34,34);font-family:arial,sans-serif;font-size:small;font-style:normal;font-variant-ligatures:normal;font-variant-caps:normal;font-weight:400;letter-spacing:normal;text-align:start;text-indent:0px;text-transform:none;white-space:normal;word-spacing:0px;background-color:rgb(255,255,255);text-decoration-style:initial;text-decoration-color:initial&quot;&gt;&lt;br&gt;&lt;/div&gt;&lt;div&gt;&lt;br&gt;&lt;/div&gt;&lt;div&gt;First&nbsp;for&nbsp;Python2.7.13&nbsp;32bit&nbsp;Twisted&nbsp;17.9.1&nbsp;Windows&nbsp;2012&nbsp;R2&nbsp;Server&lt;/div&gt;&lt;div&gt;---------------------------------------------------------------------------------------------&lt;/div&gt;&lt;div&gt;&lt;br&gt;&lt;/div&gt;&lt;div&gt;The&nbsp;sslChainLoads&nbsp;test&nbsp;I&nbsp;can&nbsp;work&nbsp;around&nbsp;by&nbsp;fixing&nbsp;the&nbsp;line&nbsp;endings.&lt;/div&gt;&lt;div&gt;&lt;br&gt;&lt;/div&gt;&lt;div&gt;The&nbsp;SSHCheckerTests&nbsp;I&nbsp;think&nbsp;is&nbsp;because&nbsp;conch&nbsp;plugin&nbsp;is&nbsp;not&nbsp;loaded.&lt;/div&gt;&lt;div&gt;&lt;br&gt;&lt;/div&gt;&lt;div&gt;However&nbsp;I&nbsp;am&nbsp;under&nbsp;the&nbsp;impression&nbsp;that&nbsp;conch&nbsp;did&nbsp;not&nbsp;work&nbsp;on&nbsp;windows&nbsp;anyway.&lt;/div&gt;&lt;div&gt;&lt;br&gt;&lt;/div&gt;&lt;div&gt;&lt;div&gt;[ERROR]&lt;/div&gt;&lt;div&gt; &nbsp; &nbsp;raise&nbsp;InvalidAuthType(authType)&lt;/div&gt;&lt;div&gt;twisted.cred.strcred.InvalidAuthType:&nbsp;sshkey&lt;/div&gt;&lt;div&gt;&lt;br&gt;&lt;/div&gt;&lt;div&gt;twisted.cred.test.test_strcred.SSHCheckerTests.test_isChecker&lt;/div&gt;&lt;div&gt;===============================================================================&lt;/div&gt;&lt;div&gt;[ERROR]&lt;/div&gt;&lt;div&gt;Traceback&nbsp;(most&nbsp;recent&nbsp;call&nbsp;last):&lt;/div&gt;&lt;div&gt;exceptions.ValueError:&nbsp;Specified&nbsp;chain&nbsp;file&nbsp;&#39;c:\twistedssl\twisted\src\twisted\internet\test\fake_CAs\chain.pem&#39;&nbsp;doesn&#39;t&nbsp;contain&nbsp;any&nbsp;valid&nbsp;certificates&nbsp;in&nbsp;PEM&nbsp;format.&lt;/div&gt;&lt;div&gt;&lt;br&gt;&lt;/div&gt;&lt;div&gt;twisted.internet.test.test_endpoints.ServerStringTests.test_sslChainLoads&lt;/div&gt;&lt;div&gt;-------------------------------------------------------------------------------&lt;/div&gt;&lt;div&gt;Ran&nbsp;11883&nbsp;tests&nbsp;in&nbsp;629.094s&lt;/div&gt;&lt;div&gt;&lt;br&gt;&lt;/div&gt;&lt;div&gt;FAILED&nbsp;(skips=2890,&nbsp;errors=2,&nbsp;successes=8991)&lt;/div&gt;&lt;div&gt;---------------------------------------------------------------------------------------&lt;/div&gt;&lt;div&gt;-------------------------------------------------------------------------------------------------------------------&lt;/div&gt;&lt;div&gt;-------------------------------------------------------------------------------------------------------------------&lt;/div&gt;&lt;div&gt;&lt;br&gt;&lt;/div&gt;&lt;div&gt;&lt;br&gt;&lt;/div&gt;&lt;div&gt;Second&nbsp;for&nbsp;python&nbsp;3.6.3&nbsp;32&nbsp;bit&nbsp;twisted&nbsp;17.9.1&nbsp;on&nbsp;Windows&nbsp;10&nbsp;Pro&nbsp;Version&nbsp;1709&nbsp;(OS&nbsp;build&nbsp;16229.309)&lt;/div&gt;&lt;div&gt;---------------------------------------------------------------------------------------------------------------------&lt;/div&gt;&lt;div&gt;&lt;br&gt;&lt;/div&gt;&lt;div&gt;The&nbsp;StringIO&nbsp;errors&nbsp;are&nbsp;because&nbsp;it&nbsp;is&nbsp;not&nbsp;available&nbsp;on&nbsp;python3&lt;/div&gt;&lt;div&gt;&lt;br&gt;&lt;/div&gt;&lt;div&gt;The&nbsp;SSH&nbsp;check&nbsp;error&nbsp;is&nbsp;I&nbsp;imagine&nbsp;the&nbsp;same&nbsp;as&nbsp;for&nbsp;python2.7&lt;/div&gt;&lt;div&gt;&lt;br&gt;&lt;/div&gt;&lt;div&gt;The&nbsp;mail&nbsp;and&nbsp;test_hook&nbsp;errors&nbsp;I&nbsp;have&nbsp;not&nbsp;looked&nbsp;into&nbsp;yet.&lt;/div&gt;&lt;div&gt;&lt;br&gt;&lt;/div&gt;&lt;div&gt;&lt;br&gt;&lt;/div&gt;&lt;div&gt;&lt;div&gt;Python3.6-32&lt;/div&gt;&lt;div&gt;&lt;br&gt;&lt;/div&gt;&lt;div&gt;[SKIPPED]&lt;/div&gt;&lt;div&gt;Re-enable&nbsp;once&nbsp;the&nbsp;Python&nbsp;3&nbsp;SSL&nbsp;port&nbsp;is&nbsp;done.&lt;/div&gt;&lt;div&gt;&lt;br&gt;&lt;/div&gt;&lt;div&gt;twisted.test.test_internet.PortStringificationTests.testSSL&lt;/div&gt;&lt;div&gt;&lt;br&gt;&lt;/div&gt;&lt;div&gt;[FAIL]&lt;/div&gt;&lt;div&gt;Traceback&nbsp;(most&nbsp;recent&nbsp;call&nbsp;last):&lt;/div&gt;&lt;div&gt; &nbsp; &nbsp;raise&nbsp;self.failureException(msg)&lt;/div&gt;&lt;div&gt;twisted.trial.unittest.FailTest:&nbsp;True&nbsp;is&nbsp;not&nbsp;false&nbsp;:&nbsp;Module&nbsp;twisted.mail.alias&nbsp;exists&lt;/div&gt;&lt;div&gt;&lt;br&gt;&lt;/div&gt;&lt;div&gt;twisted.python.test.test_dist3.ModulesToInstallTests.test_notexist&lt;/div&gt;&lt;div&gt;===============================================================================&lt;/div&gt;&lt;div&gt;[ERROR]&lt;/div&gt;&lt;div&gt;Traceback&nbsp;(most&nbsp;recent&nbsp;call&nbsp;last):&lt;/div&gt;&lt;div&gt; &nbsp;File&nbsp;&quot;c:\twistedssl\twisted\src\twisted\cred\strcred.py&quot;,&nbsp;line&nbsp;114,&nbsp;in&nbsp;findCheckerFactory&lt;/div&gt;&lt;div&gt; &nbsp; &nbsp;raise&nbsp;InvalidAuthType(authType)&lt;/div&gt;&lt;div&gt;twisted.cred.strcred.InvalidAuthType:&nbsp;sshkey&lt;/div&gt;&lt;div&gt;&lt;br&gt;&lt;/div&gt;&lt;div&gt;twisted.cred.test.test_strcred.SSHCheckerTests.test_isChecker&lt;/div&gt;&lt;div&gt;===============================================================================&lt;/div&gt;&lt;div&gt;[ERROR]&lt;/div&gt;&lt;div&gt;Traceback&nbsp;(most&nbsp;recent&nbsp;call&nbsp;last):&lt;/div&gt;&lt;div&gt; &nbsp;File&nbsp;&quot;c:\twistedssl\twisted\src\twisted\mail\test\test_mail.py&quot;,&nbsp;line&nbsp;12,&nbsp;in&nbsp;&lt;module&gt;&lt;/div&gt;&lt;div&gt; &nbsp; &nbsp;import&nbsp;StringIO&lt;/div&gt;&lt;div&gt;builtins.ModuleNotFoundError:&nbsp;No&nbsp;module&nbsp;named&nbsp;&#39;StringIO&#39;&lt;/div&gt;&lt;div&gt;&lt;br&gt;&lt;/div&gt;&lt;div&gt;twisted.mail.test.test_mail&lt;/div&gt;&lt;div&gt;===============================================================================&lt;/div&gt;&lt;div&gt;[ERROR]&lt;/div&gt;&lt;div&gt;Traceback&nbsp;(most&nbsp;recent&nbsp;call&nbsp;last):&lt;/div&gt;&lt;div&gt; &nbsp;File&nbsp;&quot;c:\twistedssl\twisted\src\twisted\mail\test\test_mailmail.py&quot;,&nbsp;line&nbsp;10,&nbsp;in&nbsp;&lt;module&gt;&lt;/div&gt;&lt;div&gt; &nbsp; &nbsp;from&nbsp;StringIO&nbsp;import&nbsp;StringIO&lt;/div&gt;&lt;div&gt;builtins.ModuleNotFoundError:&nbsp;No&nbsp;module&nbsp;named&nbsp;&#39;StringIO&#39;&lt;/div&gt;&lt;div&gt;&lt;br&gt;&lt;/div&gt;&lt;div&gt;twisted.mail.test.test_mailmail&lt;/div&gt;&lt;div&gt;===============================================================================&lt;/div&gt;&lt;div&gt;[ERROR]&lt;/div&gt;&lt;div&gt;Traceback&nbsp;(most&nbsp;recent&nbsp;call&nbsp;last):&lt;/div&gt;&lt;div&gt; &nbsp;File&nbsp;&quot;c:\twistedssl\twisted\src\twisted\mail\maildir.py&quot;,&nbsp;line&nbsp;20,&nbsp;in&nbsp;&lt;module&gt;&lt;/div&gt;&lt;div&gt; &nbsp; &nbsp;import&nbsp;StringIO&lt;/div&gt;&lt;div&gt;builtins.ModuleNotFoundError:&nbsp;No&nbsp;module&nbsp;named&nbsp;&#39;StringIO&#39;&lt;/div&gt;&lt;div&gt;&lt;br&gt;&lt;/div&gt;&lt;div&gt;twisted.mail.test.test_options&lt;/div&gt;&lt;div&gt;===============================================================================&lt;/div&gt;&lt;div&gt;[ERROR]&lt;/div&gt;&lt;div&gt;Traceback&nbsp;(most&nbsp;recent&nbsp;call&nbsp;last):&lt;/div&gt;&lt;div&gt; &nbsp; &nbsp;from&nbsp;email.Parser&nbsp;import&nbsp;Parser&lt;/div&gt;&lt;div&gt;builtins.ModuleNotFoundError:&nbsp;No&nbsp;module&nbsp;named&nbsp;&#39;email.Parser&#39;&lt;/div&gt;&lt;div&gt;&lt;br&gt;&lt;/div&gt;&lt;div&gt;twisted.news.test.test_database&lt;/div&gt;&lt;div&gt;===============================================================================&lt;/div&gt;&lt;div&gt;[ERROR]&lt;/div&gt;&lt;div&gt;Traceback&nbsp;(most&nbsp;recent&nbsp;call&nbsp;last):&lt;/div&gt;&lt;div&gt; &nbsp;File&nbsp;&quot;c:\twistedssl\twisted\src\twisted\news\database.py&quot;,&nbsp;line&nbsp;11,&nbsp;in&nbsp;&lt;module&gt;&lt;/div&gt;&lt;div&gt; &nbsp; &nbsp;import&nbsp;StringIO&lt;/div&gt;&lt;div&gt;builtins.ModuleNotFoundError:&nbsp;No&nbsp;module&nbsp;named&nbsp;&#39;StringIO&#39;&lt;/div&gt;&lt;div&gt;&lt;br&gt;&lt;/div&gt;&lt;div&gt;twisted.news.test.test_news&lt;/div&gt;&lt;div&gt;===============================================================================&lt;/div&gt;&lt;div&gt;[ERROR]&lt;/div&gt;&lt;div&gt;Traceback&nbsp;(most&nbsp;recent&nbsp;call&nbsp;last):&lt;/div&gt;&lt;div&gt; &nbsp;File&nbsp;&quot;c:\twistedssl\twisted\src\twisted\news\database.py&quot;,&nbsp;line&nbsp;11,&nbsp;in&nbsp;&lt;module&gt;&lt;/div&gt;&lt;div&gt; &nbsp; &nbsp;import&nbsp;StringIO&lt;/div&gt;&lt;div&gt;builtins.ModuleNotFoundError:&nbsp;No&nbsp;module&nbsp;named&nbsp;&#39;StringIO&#39;&lt;/div&gt;&lt;div&gt;&lt;br&gt;&lt;/div&gt;&lt;div&gt;twisted.news.test.test_nntp&lt;/div&gt;&lt;div&gt;===============================================================================&lt;/div&gt;&lt;div&gt;[ERROR]&lt;/div&gt;&lt;div&gt;Traceback&nbsp;(most&nbsp;recent&nbsp;call&nbsp;last):&lt;/div&gt;&lt;div&gt; &nbsp;File&nbsp;&quot;c:\twistedssl\twisted\src\twisted\test\test_hook.py&quot;,&nbsp;line&nbsp;89,&nbsp;in&nbsp;setUp&lt;/div&gt;&lt;div&gt; &nbsp; &nbsp;BaseClass.__dict__.clear()&lt;/div&gt;&lt;div&gt;builtins.AttributeError:&nbsp;&#39;mappingproxy&#39;&nbsp;object&nbsp;has&nbsp;no&nbsp;attribute&nbsp;&#39;clear&#39;&lt;/div&gt;&lt;div&gt;&lt;br&gt;&lt;/div&gt;&lt;div&gt;twisted.test.test_hook.HookTests.testBaseHook&lt;/div&gt;&lt;div&gt;twisted.test.test_hook.HookTests.testSubHook&lt;/div&gt;&lt;div&gt;-------------------------------------------------------------------------------&lt;/div&gt;&lt;div&gt;Ran&nbsp;11751&nbsp;tests&nbsp;in&nbsp;299.633s&lt;/div&gt;&lt;div&gt;&lt;br&gt;&lt;/div&gt;&lt;div&gt;FAILED&nbsp;(skips=2770,&nbsp;failures=1,&nbsp;errors=9,&nbsp;successes=8971)&lt;/div&gt;&lt;/div&gt;&lt;div&gt;&lt;br&gt;&lt;/div&gt;--&nbsp;&lt;br&gt;&lt;div&nbsp;class=&quot;gmail_signature&quot;&gt;&lt;b&gt;John&nbsp;Aherne&lt;/b&gt;&lt;div&gt;&lt;b&gt;&lt;br&gt;&lt;/b&gt;&lt;div&gt;&lt;b&gt;&lt;img&nbsp;src=&quot;http://www.rocs.co.uk/Images/rocs_logo_sig.gif&quot;&gt;&lt;br&gt;&lt;/b&gt;&lt;/div&gt;&lt;div&gt;&lt;b&gt;&lt;br&gt;&lt;/b&gt;&lt;/div&gt;&lt;div&gt;&lt;div&gt;&lt;b&gt;&lt;a&nbsp;href=&quot;http://www.rocs.co.uk&quot;&nbsp;target=&quot;_blank&quot;&gt;www.rocs.co.uk&lt;/a&gt;&lt;br&gt;&lt;/b&gt;&lt;/div&gt;&lt;/div&gt;&lt;/div&gt;&lt;div&gt;020&nbsp;7223&nbsp;7567&lt;/div&gt;&lt;/div&gt;<br>
&lt;/div&gt;&lt;/div&gt;&lt;/div&gt;<br>

</tt>
